<?xml version="1.0" encoding="UTF-8"?>
<!-- Generated by org.testng.reporters.JUnitXMLReporter -->
<testsuite hostname="77e6f78330a7" ignored="0" name="Command line test" tests="145" failures="0" timestamp="2020-08-31T23:25:19 CDT" time="4.658" errors="0">
  <testcase name="testAddArtifactNoOptions" time="1.228" classname="com.ibm.watson.health.iml.v1.unit.InsightsForMedicalLiteratureServiceTest"/>
  <testcase name="testAddArtifactWOptions" time="0.461" classname="com.ibm.watson.health.iml.v1.unit.InsightsForMedicalLiteratureServiceTest"/>
  <testcase name="testAddCorpusDocumentNoOptions" time="0.006" classname="com.ibm.watson.health.iml.v1.unit.InsightsForMedicalLiteratureServiceTest"/>
  <testcase name="testAddCorpusDocumentWOptions" time="0.02" classname="com.ibm.watson.health.iml.v1.unit.InsightsForMedicalLiteratureServiceTest"/>
  <testcase name="testConstructorWithNullAuthenticator" time="0.038" classname="com.ibm.watson.health.iml.v1.unit.InsightsForMedicalLiteratureServiceTest"/>
  <testcase name="testDeleteCorpusSchemaNoOptions" time="0.007" classname="com.ibm.watson.health.iml.v1.unit.InsightsForMedicalLiteratureServiceTest"/>
  <testcase name="testDeleteCorpusSchemaWOptions" time="0.074" classname="com.ibm.watson.health.iml.v1.unit.InsightsForMedicalLiteratureServiceTest"/>
  <testcase name="testEnableCorpusSearchTrackingWOptions" time="0.013" classname="com.ibm.watson.health.iml.v1.unit.InsightsForMedicalLiteratureServiceTest"/>
  <testcase name="testGetConceptsNoOptions" time="0.005" classname="com.ibm.watson.health.iml.v1.unit.InsightsForMedicalLiteratureServiceTest"/>
  <testcase name="testGetConceptsWOptions" time="0.024" classname="com.ibm.watson.health.iml.v1.unit.InsightsForMedicalLiteratureServiceTest"/>
  <testcase name="testGetCorporaConfigWOptions" time="0.012" classname="com.ibm.watson.health.iml.v1.unit.InsightsForMedicalLiteratureServiceTest"/>
  <testcase name="testGetCorpusConfigNoOptions" time="0.006" classname="com.ibm.watson.health.iml.v1.unit.InsightsForMedicalLiteratureServiceTest"/>
  <testcase name="testGetCorpusConfigWOptions" time="0.014" classname="com.ibm.watson.health.iml.v1.unit.InsightsForMedicalLiteratureServiceTest"/>
  <testcase name="testGetCuiInfoNoOptions" time="0.006" classname="com.ibm.watson.health.iml.v1.unit.InsightsForMedicalLiteratureServiceTest"/>
  <testcase name="testGetCuiInfoWOptions" time="0.018" classname="com.ibm.watson.health.iml.v1.unit.InsightsForMedicalLiteratureServiceTest"/>
  <testcase name="testGetDocumentAnnotationsNoOptions" time="0.004" classname="com.ibm.watson.health.iml.v1.unit.InsightsForMedicalLiteratureServiceTest"/>
  <testcase name="testGetDocumentAnnotationsWOptions" time="0.022" classname="com.ibm.watson.health.iml.v1.unit.InsightsForMedicalLiteratureServiceTest"/>
  <testcase name="testGetDocumentCategoriesNoOptions" time="0.005" classname="com.ibm.watson.health.iml.v1.unit.InsightsForMedicalLiteratureServiceTest"/>
  <testcase name="testGetDocumentCategoriesWOptions" time="0.04" classname="com.ibm.watson.health.iml.v1.unit.InsightsForMedicalLiteratureServiceTest"/>
  <testcase name="testGetDocumentInfoNoOptions" time="0.005" classname="com.ibm.watson.health.iml.v1.unit.InsightsForMedicalLiteratureServiceTest"/>
  <testcase name="testGetDocumentInfoWOptions" time="0.021" classname="com.ibm.watson.health.iml.v1.unit.InsightsForMedicalLiteratureServiceTest"/>
  <testcase name="testGetDocumentMultipleCategoriesNoOptions" time="0.005" classname="com.ibm.watson.health.iml.v1.unit.InsightsForMedicalLiteratureServiceTest"/>
  <testcase name="testGetDocumentMultipleCategoriesWOptions" time="0.02" classname="com.ibm.watson.health.iml.v1.unit.InsightsForMedicalLiteratureServiceTest"/>
  <testcase name="testGetDocumentsNoOptions" time="0.004" classname="com.ibm.watson.health.iml.v1.unit.InsightsForMedicalLiteratureServiceTest"/>
  <testcase name="testGetDocumentsWOptions" time="0.018" classname="com.ibm.watson.health.iml.v1.unit.InsightsForMedicalLiteratureServiceTest"/>
  <testcase name="testGetFieldsNoOptions" time="0.005" classname="com.ibm.watson.health.iml.v1.unit.InsightsForMedicalLiteratureServiceTest"/>
  <testcase name="testGetFieldsWOptions" time="0.019" classname="com.ibm.watson.health.iml.v1.unit.InsightsForMedicalLiteratureServiceTest"/>
  <testcase name="testGetHealthCheckStatusWOptions" time="0.017" classname="com.ibm.watson.health.iml.v1.unit.InsightsForMedicalLiteratureServiceTest"/>
  <testcase name="testGetHitCountNoOptions" time="0.004" classname="com.ibm.watson.health.iml.v1.unit.InsightsForMedicalLiteratureServiceTest"/>
  <testcase name="testGetHitCountWOptions" time="0.016" classname="com.ibm.watson.health.iml.v1.unit.InsightsForMedicalLiteratureServiceTest"/>
  <testcase name="testGetRelatedConceptsNoOptions" time="0.003" classname="com.ibm.watson.health.iml.v1.unit.InsightsForMedicalLiteratureServiceTest"/>
  <testcase name="testGetRelatedConceptsWOptions" time="0.02" classname="com.ibm.watson.health.iml.v1.unit.InsightsForMedicalLiteratureServiceTest"/>
  <testcase name="testGetSearchMatchesNoOptions" time="0.004" classname="com.ibm.watson.health.iml.v1.unit.InsightsForMedicalLiteratureServiceTest"/>
  <testcase name="testGetSearchMatchesWOptions" time="0.019" classname="com.ibm.watson.health.iml.v1.unit.InsightsForMedicalLiteratureServiceTest"/>
  <testcase name="testGetServiceStatusWOptions" time="0.012" classname="com.ibm.watson.health.iml.v1.unit.InsightsForMedicalLiteratureServiceTest"/>
  <testcase name="testGetSimilarConceptsNoOptions" time="0.003" classname="com.ibm.watson.health.iml.v1.unit.InsightsForMedicalLiteratureServiceTest"/>
  <testcase name="testGetSimilarConceptsWOptions" time="0.013" classname="com.ibm.watson.health.iml.v1.unit.InsightsForMedicalLiteratureServiceTest"/>
  <testcase name="testGetStatisticsNoOptions" time="0.004" classname="com.ibm.watson.health.iml.v1.unit.InsightsForMedicalLiteratureServiceTest"/>
  <testcase name="testGetStatisticsWOptions" time="0.017" classname="com.ibm.watson.health.iml.v1.unit.InsightsForMedicalLiteratureServiceTest"/>
  <testcase name="testGetVersion" time="0.003" classname="com.ibm.watson.health.iml.v1.unit.InsightsForMedicalLiteratureServiceTest"/>
  <testcase name="testMonitorCorpusNoOptions" time="0.003" classname="com.ibm.watson.health.iml.v1.unit.InsightsForMedicalLiteratureServiceTest"/>
  <testcase name="testMonitorCorpusWOptions" time="0.009" classname="com.ibm.watson.health.iml.v1.unit.InsightsForMedicalLiteratureServiceTest"/>
  <testcase name="testSearchNoOptions" time="0.003" classname="com.ibm.watson.health.iml.v1.unit.InsightsForMedicalLiteratureServiceTest"/>
  <testcase name="testSearchWOptions" time="0.098" classname="com.ibm.watson.health.iml.v1.unit.InsightsForMedicalLiteratureServiceTest"/>
  <testcase name="testSetCorpusConfigWOptions" time="0.016" classname="com.ibm.watson.health.iml.v1.unit.InsightsForMedicalLiteratureServiceTest"/>
  <testcase name="testSetCorpusSchemaWOptions" time="0.021" classname="com.ibm.watson.health.iml.v1.unit.InsightsForMedicalLiteratureServiceTest"/>
  <testcase name="testTokenizeNoOptions" time="0.004" classname="com.ibm.watson.health.iml.v1.unit.InsightsForMedicalLiteratureServiceTest"/>
  <testcase name="testTokenizeWOptions" time="0.017" classname="com.ibm.watson.health.iml.v1.unit.InsightsForMedicalLiteratureServiceTest"/>
  <testcase name="testTypeaheadNoOptions" time="0.004" classname="com.ibm.watson.health.iml.v1.unit.InsightsForMedicalLiteratureServiceTest"/>
  <testcase name="testTypeaheadWOptions" time="0.017" classname="com.ibm.watson.health.iml.v1.unit.InsightsForMedicalLiteratureServiceTest"/>
  <testcase name="testStatModel" time="0.0" classname="com.ibm.watson.health.iml.v1.model.StatModelTest"/>
  <testcase name="testRelationModel" time="0.001" classname="com.ibm.watson.health.iml.v1.model.RelationModelTest"/>
  <testcase name="testGetDocumentInfoOptions" time="0.001" classname="com.ibm.watson.health.iml.v1.model.GetDocumentInfoOptionsTest"/>
  <testcase name="testGetDocumentInfoOptionsError" time="0.001" classname="com.ibm.watson.health.iml.v1.model.GetDocumentInfoOptionsTest"/>
  <testcase name="testMessage" time="0.001" classname="com.ibm.watson.health.iml.v1.model.MessageTest"/>
  <testcase name="testGetServiceStatusOptions" time="0.001" classname="com.ibm.watson.health.iml.v1.model.GetServiceStatusOptionsTest"/>
  <testcase name="testRankedDocLinks" time="0.001" classname="com.ibm.watson.health.iml.v1.model.RankedDocLinksTest"/>
  <testcase name="testAddCorpusDocumentOptions" time="0.002" classname="com.ibm.watson.health.iml.v1.model.AddCorpusDocumentOptionsTest"/>
  <testcase name="testAddCorpusDocumentOptionsError" time="0.0" classname="com.ibm.watson.health.iml.v1.model.AddCorpusDocumentOptionsTest"/>
  <testcase name="testGetStatisticsOptions" time="0.0" classname="com.ibm.watson.health.iml.v1.model.GetStatisticsOptionsTest"/>
  <testcase name="testGetStatisticsOptionsError" time="0.001" classname="com.ibm.watson.health.iml.v1.model.GetStatisticsOptionsTest"/>
  <testcase name="testStatisticsModel" time="0.0" classname="com.ibm.watson.health.iml.v1.model.StatisticsModelTest"/>
  <testcase name="testTextSpan" time="0.0" classname="com.ibm.watson.health.iml.v1.model.TextSpanTest"/>
  <testcase name="testPossbileValues" time="0.017" classname="com.ibm.watson.health.iml.v1.model.PossbileValuesTest"/>
  <testcase name="testGetCuiInfoOptions" time="0.001" classname="com.ibm.watson.health.iml.v1.model.GetCuiInfoOptionsTest"/>
  <testcase name="testGetCuiInfoOptionsError" time="0.0" classname="com.ibm.watson.health.iml.v1.model.GetCuiInfoOptionsTest"/>
  <testcase name="testBooleanOperands" time="0.001" classname="com.ibm.watson.health.iml.v1.model.BooleanOperandsTest"/>
  <testcase name="testSearchMatchesModel" time="0.001" classname="com.ibm.watson.health.iml.v1.model.SearchMatchesModelTest"/>
  <testcase name="testEntryModel" time="0.005" classname="com.ibm.watson.health.iml.v1.model.EntryModelTest"/>
  <testcase name="testAggregationModel" time="0.0" classname="com.ibm.watson.health.iml.v1.model.AggregationModelTest"/>
  <testcase name="testPassage" time="0.001" classname="com.ibm.watson.health.iml.v1.model.PassageTest"/>
  <testcase name="testMonitorCorpusOptions" time="0.001" classname="com.ibm.watson.health.iml.v1.model.MonitorCorpusOptionsTest"/>
  <testcase name="testMonitorCorpusOptionsError" time="0.0" classname="com.ibm.watson.health.iml.v1.model.MonitorCorpusOptionsTest"/>
  <testcase name="testGetCorporaConfigOptions" time="0.0" classname="com.ibm.watson.health.iml.v1.model.GetCorporaConfigOptionsTest"/>
  <testcase name="testConceptInfoModel" time="0.0" classname="com.ibm.watson.health.iml.v1.model.ConceptInfoModelTest"/>
  <testcase name="testRankedDocument" time="0.0" classname="com.ibm.watson.health.iml.v1.model.RankedDocumentTest"/>
  <testcase name="testRelatedConceptModel" time="0.001" classname="com.ibm.watson.health.iml.v1.model.RelatedConceptModelTest"/>
  <testcase name="testArtifactModel" time="0.001" classname="com.ibm.watson.health.iml.v1.model.ArtifactModelTest"/>
  <testcase name="testGetHitCountOptions" time="0.001" classname="com.ibm.watson.health.iml.v1.model.GetHitCountOptionsTest"/>
  <testcase name="testGetHitCountOptionsError" time="0.0" classname="com.ibm.watson.health.iml.v1.model.GetHitCountOptionsTest"/>
  <testcase name="testGetDocumentsOptions" time="0.0" classname="com.ibm.watson.health.iml.v1.model.GetDocumentsOptionsTest"/>
  <testcase name="testGetDocumentsOptionsError" time="0.001" classname="com.ibm.watson.health.iml.v1.model.GetDocumentsOptionsTest"/>
  <testcase name="testGetDocumentInfoResponse" time="0.001" classname="com.ibm.watson.health.iml.v1.model.GetDocumentInfoResponseTest"/>
  <testcase name="testRangeModel" time="0.0" classname="com.ibm.watson.health.iml.v1.model.RangeModelTest"/>
  <testcase name="testGetFieldsOptions" time="0.0" classname="com.ibm.watson.health.iml.v1.model.GetFieldsOptionsTest"/>
  <testcase name="testGetFieldsOptionsError" time="0.0" classname="com.ibm.watson.health.iml.v1.model.GetFieldsOptionsTest"/>
  <testcase name="testUnstructuredModel" time="0.0" classname="com.ibm.watson.health.iml.v1.model.UnstructuredModelTest"/>
  <testcase name="testConceptModel" time="0.001" classname="com.ibm.watson.health.iml.v1.model.ConceptModelTest"/>
  <testcase name="testGetConceptsOptions" time="0.001" classname="com.ibm.watson.health.iml.v1.model.GetConceptsOptionsTest"/>
  <testcase name="testGetConceptsOptionsError" time="0.0" classname="com.ibm.watson.health.iml.v1.model.GetConceptsOptionsTest"/>
  <testcase name="testCorpusModel" time="0.0" classname="com.ibm.watson.health.iml.v1.model.CorpusModelTest"/>
  <testcase name="testGetDocumentCategoriesOptions" time="0.0" classname="com.ibm.watson.health.iml.v1.model.GetDocumentCategoriesOptionsTest"/>
  <testcase name="testGetDocumentCategoriesOptionsError" time="0.0" classname="com.ibm.watson.health.iml.v1.model.GetDocumentCategoriesOptionsTest"/>
  <testcase name="testSearchOptions" time="0.001" classname="com.ibm.watson.health.iml.v1.model.SearchOptionsTest"/>
  <testcase name="testSearchOptionsError" time="0.001" classname="com.ibm.watson.health.iml.v1.model.SearchOptionsTest"/>
  <testcase name="testCategoriesModel" time="0.019" classname="com.ibm.watson.health.iml.v1.model.CategoriesModelTest"/>
  <testcase name="testGetHealthCheckStatusOptions" time="0.001" classname="com.ibm.watson.health.iml.v1.model.GetHealthCheckStatusOptionsTest"/>
  <testcase name="testAttributeEntry" time="0.005" classname="com.ibm.watson.health.iml.v1.model.AttributeEntryTest"/>
  <testcase name="testAnnotationModel" time="0.002" classname="com.ibm.watson.health.iml.v1.model.AnnotationModelTest"/>
  <testcase name="testGetDocumentAnnotationsOptions" time="0.001" classname="com.ibm.watson.health.iml.v1.model.GetDocumentAnnotationsOptionsTest"/>
  <testcase name="testGetDocumentAnnotationsOptionsError" time="0.0" classname="com.ibm.watson.health.iml.v1.model.GetDocumentAnnotationsOptionsTest"/>
  <testcase name="testCount" time="0.0" classname="com.ibm.watson.health.iml.v1.model.CountTest"/>
  <testcase name="testConcept" time="0.001" classname="com.ibm.watson.health.iml.v1.model.ConceptTest"/>
  <testcase name="testMetadataModel" time="0.001" classname="com.ibm.watson.health.iml.v1.model.MetadataModelTest"/>
  <testcase name="testTypeaheadOptions" time="0.001" classname="com.ibm.watson.health.iml.v1.model.TypeaheadOptionsTest"/>
  <testcase name="testTypeaheadOptionsError" time="0.0" classname="com.ibm.watson.health.iml.v1.model.TypeaheadOptionsTest"/>
  <testcase name="testSetCorpusSchemaOptions" time="0.001" classname="com.ibm.watson.health.iml.v1.model.SetCorpusSchemaOptionsTest"/>
  <testcase name="testCorporaConfig" time="0.0" classname="com.ibm.watson.health.iml.v1.model.CorporaConfigTest"/>
  <testcase name="testBoolOperand" time="0.001" classname="com.ibm.watson.health.iml.v1.model.BoolOperandTest"/>
  <testcase name="testMetadataFields" time="0.0" classname="com.ibm.watson.health.iml.v1.model.MetadataFieldsTest"/>
  <testcase name="testAddArtifactOptions" time="0.001" classname="com.ibm.watson.health.iml.v1.model.AddArtifactOptionsTest"/>
  <testcase name="testAddArtifactOptionsError" time="0.0" classname="com.ibm.watson.health.iml.v1.model.AddArtifactOptionsTest"/>
  <testcase name="testConceptListModel" time="0.001" classname="com.ibm.watson.health.iml.v1.model.ConceptListModelTest"/>
  <testcase name="testHitCount" time="0.001" classname="com.ibm.watson.health.iml.v1.model.HitCountTest"/>
  <testcase name="testHistogramData" time="0.0" classname="com.ibm.watson.health.iml.v1.model.HistogramDataTest"/>
  <testcase name="testSearchModel" time="0.0" classname="com.ibm.watson.health.iml.v1.model.SearchModelTest"/>
  <testcase name="testRelatedConceptsModel" time="0.001" classname="com.ibm.watson.health.iml.v1.model.RelatedConceptsModelTest"/>
  <testcase name="testGetSimilarConceptsOptions" time="0.001" classname="com.ibm.watson.health.iml.v1.model.GetSimilarConceptsOptionsTest"/>
  <testcase name="testGetSimilarConceptsOptionsError" time="0.0" classname="com.ibm.watson.health.iml.v1.model.GetSimilarConceptsOptionsTest"/>
  <testcase name="testTokenizeOptions" time="0.001" classname="com.ibm.watson.health.iml.v1.model.TokenizeOptionsTest"/>
  <testcase name="testTokenizeOptionsError" time="0.0" classname="com.ibm.watson.health.iml.v1.model.TokenizeOptionsTest"/>
  <testcase name="testGetSearchMatchesOptions" time="0.0" classname="com.ibm.watson.health.iml.v1.model.GetSearchMatchesOptionsTest"/>
  <testcase name="testGetSearchMatchesOptionsError" time="0.0" classname="com.ibm.watson.health.iml.v1.model.GetSearchMatchesOptionsTest"/>
  <testcase name="testDictonaryEntry" time="0.001" classname="com.ibm.watson.health.iml.v1.model.DictonaryEntryTest"/>
  <testcase name="testGetDocumentMultipleCategoriesOptions" time="0.002" classname="com.ibm.watson.health.iml.v1.model.GetDocumentMultipleCategoriesOptionsTest"/>
  <testcase name="testGetDocumentMultipleCategoriesOptionsError" time="0.0" classname="com.ibm.watson.health.iml.v1.model.GetDocumentMultipleCategoriesOptionsTest"/>
  <testcase name="testGetCorpusConfigOptions" time="0.0" classname="com.ibm.watson.health.iml.v1.model.GetCorpusConfigOptionsTest"/>
  <testcase name="testGetCorpusConfigOptionsError" time="0.0" classname="com.ibm.watson.health.iml.v1.model.GetCorpusConfigOptionsTest"/>
  <testcase name="testGetRelatedConceptsOptions" time="0.001" classname="com.ibm.watson.health.iml.v1.model.GetRelatedConceptsOptionsTest"/>
  <testcase name="testGetRelatedConceptsOptionsError" time="0.0" classname="com.ibm.watson.health.iml.v1.model.GetRelatedConceptsOptionsTest"/>
  <testcase name="testBackend" time="0.0" classname="com.ibm.watson.health.iml.v1.model.BackendTest"/>
  <testcase name="testAttribute" time="0.0" classname="com.ibm.watson.health.iml.v1.model.AttributeTest"/>
  <testcase name="testEnableCorpusSearchTrackingOptions" time="0.001" classname="com.ibm.watson.health.iml.v1.model.EnableCorpusSearchTrackingOptionsTest"/>
  <testcase name="testDataModel" time="0.0" classname="com.ibm.watson.health.iml.v1.model.DataModelTest"/>
  <testcase name="testStringBuilder" time="0.0" classname="com.ibm.watson.health.iml.v1.model.StringBuilderTest"/>
  <testcase name="testSentenceModel" time="0.0" classname="com.ibm.watson.health.iml.v1.model.SentenceModelTest"/>
  <testcase name="testFieldOptions" time="0.0" classname="com.ibm.watson.health.iml.v1.model.FieldOptionsTest"/>
  <testcase name="testDeleteCorpusSchemaOptions" time="0.0" classname="com.ibm.watson.health.iml.v1.model.DeleteCorpusSchemaOptionsTest"/>
  <testcase name="testDeleteCorpusSchemaOptionsError" time="0.0" classname="com.ibm.watson.health.iml.v1.model.DeleteCorpusSchemaOptionsTest"/>
  <testcase name="testServiceStatus" time="0.0" classname="com.ibm.watson.health.iml.v1.model.ServiceStatusTest"/>
  <testcase name="testPassagesModel" time="0.0" classname="com.ibm.watson.health.iml.v1.model.PassagesModelTest"/>
  <testcase name="testQualifer" time="0.0" classname="com.ibm.watson.health.iml.v1.model.QualiferTest"/>
  <testcase name="testCommonDataModel" time="0.0" classname="com.ibm.watson.health.iml.v1.model.CommonDataModelTest"/>
  <testcase name="testMatchEntry" time="0.001" classname="com.ibm.watson.health.iml.v1.model.MatchEntryTest"/>
  <testcase name="testSetCorpusConfigOptions" time="0.001" classname="com.ibm.watson.health.iml.v1.model.SetCorpusConfigOptionsTest"/>
</testsuite> <!-- Command line test -->
