<?xml version="1.0" encoding="UTF-8"?>
<testng-results skipped="0" failed="0" ignored="0" total="145" passed="145">
  <reporter-output>
  </reporter-output>
  <suite name="Command line suite" duration-ms="9846" started-at="2020-05-08T01:40:57 GMT" finished-at="2020-05-08T01:41:07 GMT">
    <groups>
    </groups>
    <test name="Command line test" duration-ms="9846" started-at="2020-05-08T01:40:57 GMT" finished-at="2020-05-08T01:41:07 GMT">
      <class name="com.ibm.watson.health.iml.v1.model.GetSimilarConceptsOptionsTest">
        <test-method status="PASS" signature="testGetSimilarConceptsOptions()[pri:0, instance:com.ibm.watson.health.iml.v1.model.GetSimilarConceptsOptionsTest@5862dda4]" name="testGetSimilarConceptsOptions" duration-ms="3" started-at="2020-05-08T01:40:58 GMT" finished-at="2020-05-08T01:40:58 GMT">
          <reporter-output>
          </reporter-output>
        </test-method> <!-- testGetSimilarConceptsOptions -->
        <test-method status="PASS" signature="testGetSimilarConceptsOptionsError()[pri:0, instance:com.ibm.watson.health.iml.v1.model.GetSimilarConceptsOptionsTest@5862dda4]" name="testGetSimilarConceptsOptionsError" duration-ms="0" started-at="2020-05-08T01:40:58 GMT" finished-at="2020-05-08T01:40:58 GMT">
          <exception class="java.lang.IllegalArgumentException">
            <message>
              <![CDATA[corpus cannot be empty]]>
            </message>
            <full-stacktrace>
              <![CDATA[java.lang.IllegalArgumentException: corpus cannot be empty
at com.ibm.cloud.sdk.core.util.Validator.notEmpty(Validator.java:84)
at com.ibm.watson.health.iml.v1.model.GetSimilarConceptsOptions.<init>(GetSimilarConceptsOptions.java:151)
at com.ibm.watson.health.iml.v1.model.GetSimilarConceptsOptions$Builder.build(GetSimilarConceptsOptions.java:74)
at com.ibm.watson.health.iml.v1.model.GetSimilarConceptsOptionsTest.testGetSimilarConceptsOptionsError(GetSimilarConceptsOptionsTest.java:55)
at sun.reflect.NativeMethodAccessorImpl.invoke0(Native Method)
at sun.reflect.NativeMethodAccessorImpl.invoke(NativeMethodAccessorImpl.java:62)
at sun.reflect.DelegatingMethodAccessorImpl.invoke(DelegatingMethodAccessorImpl.java:43)
at java.lang.reflect.Method.invoke(Method.java:498)
at org.testng.internal.MethodInvocationHelper.invokeMethod(MethodInvocationHelper.java:134)
at org.testng.internal.TestInvoker.invokeMethod(TestInvoker.java:597)
at org.testng.internal.TestInvoker.invokeTestMethod(TestInvoker.java:173)
at org.testng.internal.MethodRunner.runInSequence(MethodRunner.java:46)
at org.testng.internal.TestInvoker$MethodInvocationAgent.invoke(TestInvoker.java:816)
at org.testng.internal.TestInvoker.invokeTestMethods(TestInvoker.java:146)
at org.testng.internal.TestMethodWorker.invokeTestMethods(TestMethodWorker.java:146)
at org.testng.internal.TestMethodWorker.run(TestMethodWorker.java:128)
at java.util.ArrayList.forEach(ArrayList.java:1257)
at org.testng.TestRunner.privateRun(TestRunner.java:766)
at org.testng.TestRunner.run(TestRunner.java:587)
at org.testng.SuiteRunner.runTest(SuiteRunner.java:384)
at org.testng.SuiteRunner.runSequentially(SuiteRunner.java:378)
at org.testng.SuiteRunner.privateRun(SuiteRunner.java:337)
at org.testng.SuiteRunner.run(SuiteRunner.java:286)
at org.testng.SuiteRunnerWorker.runSuite(SuiteRunnerWorker.java:53)
at org.testng.SuiteRunnerWorker.run(SuiteRunnerWorker.java:96)
at org.testng.TestNG.runSuitesSequentially(TestNG.java:1187)
at org.testng.TestNG.runSuitesLocally(TestNG.java:1109)
at org.testng.TestNG.runSuites(TestNG.java:1039)
at org.testng.TestNG.run(TestNG.java:1007)
at org.apache.maven.surefire.testng.TestNGExecutor.run(TestNGExecutor.java:77)
at org.apache.maven.surefire.testng.TestNGDirectoryTestSuite.executeMulti(TestNGDirectoryTestSuite.java:159)
at org.apache.maven.surefire.testng.TestNGDirectoryTestSuite.execute(TestNGDirectoryTestSuite.java:99)
at org.apache.maven.surefire.testng.TestNGProvider.invoke(TestNGProvider.java:106)
at sun.reflect.NativeMethodAccessorImpl.invoke0(Native Method)
at sun.reflect.NativeMethodAccessorImpl.invoke(NativeMethodAccessorImpl.java:62)
at sun.reflect.DelegatingMethodAccessorImpl.invoke(DelegatingMethodAccessorImpl.java:43)
at java.lang.reflect.Method.invoke(Method.java:498)
at org.apache.maven.surefire.util.ReflectionUtils.invokeMethodWithArray(ReflectionUtils.java:189)
at org.apache.maven.surefire.booter.ProviderFactory$ProviderProxy.invoke(ProviderFactory.java:165)
at org.apache.maven.surefire.booter.ProviderFactory.invokeProvider(ProviderFactory.java:85)
at org.apache.maven.surefire.booter.ForkedBooter.runSuitesInProcess(ForkedBooter.java:115)
at org.apache.maven.surefire.booter.ForkedBooter.main(ForkedBooter.java:75)
]]>
            </full-stacktrace>
          </exception> <!-- java.lang.IllegalArgumentException -->
          <reporter-output>
          </reporter-output>
        </test-method> <!-- testGetSimilarConceptsOptionsError -->
      </class> <!-- com.ibm.watson.health.iml.v1.model.GetSimilarConceptsOptionsTest -->
      <class name="com.ibm.watson.health.iml.v1.model.DeleteCorpusSchemaOptionsTest">
        <test-method status="PASS" signature="testDeleteCorpusSchemaOptions()[pri:0, instance:com.ibm.watson.health.iml.v1.model.DeleteCorpusSchemaOptionsTest@2dfd157b]" name="testDeleteCorpusSchemaOptions" duration-ms="3" started-at="2020-05-08T01:40:58 GMT" finished-at="2020-05-08T01:40:58 GMT">
          <reporter-output>
          </reporter-output>
        </test-method> <!-- testDeleteCorpusSchemaOptions -->
        <test-method status="PASS" signature="testDeleteCorpusSchemaOptionsError()[pri:0, instance:com.ibm.watson.health.iml.v1.model.DeleteCorpusSchemaOptionsTest@2dfd157b]" name="testDeleteCorpusSchemaOptionsError" duration-ms="1" started-at="2020-05-08T01:40:58 GMT" finished-at="2020-05-08T01:40:58 GMT">
          <exception class="java.lang.IllegalArgumentException">
            <message>
              <![CDATA[instance cannot be null]]>
            </message>
            <full-stacktrace>
              <![CDATA[java.lang.IllegalArgumentException: instance cannot be null
at com.ibm.cloud.sdk.core.util.Validator.notNull(Validator.java:97)
at com.ibm.watson.health.iml.v1.model.DeleteCorpusSchemaOptions.<init>(DeleteCorpusSchemaOptions.java:71)
at com.ibm.watson.health.iml.v1.model.DeleteCorpusSchemaOptions$Builder.build(DeleteCorpusSchemaOptions.java:55)
at com.ibm.watson.health.iml.v1.model.DeleteCorpusSchemaOptionsTest.testDeleteCorpusSchemaOptionsError(DeleteCorpusSchemaOptionsTest.java:45)
at sun.reflect.NativeMethodAccessorImpl.invoke0(Native Method)
at sun.reflect.NativeMethodAccessorImpl.invoke(NativeMethodAccessorImpl.java:62)
at sun.reflect.DelegatingMethodAccessorImpl.invoke(DelegatingMethodAccessorImpl.java:43)
at java.lang.reflect.Method.invoke(Method.java:498)
at org.testng.internal.MethodInvocationHelper.invokeMethod(MethodInvocationHelper.java:134)
at org.testng.internal.TestInvoker.invokeMethod(TestInvoker.java:597)
at org.testng.internal.TestInvoker.invokeTestMethod(TestInvoker.java:173)
at org.testng.internal.MethodRunner.runInSequence(MethodRunner.java:46)
at org.testng.internal.TestInvoker$MethodInvocationAgent.invoke(TestInvoker.java:816)
at org.testng.internal.TestInvoker.invokeTestMethods(TestInvoker.java:146)
at org.testng.internal.TestMethodWorker.invokeTestMethods(TestMethodWorker.java:146)
at org.testng.internal.TestMethodWorker.run(TestMethodWorker.java:128)
at java.util.ArrayList.forEach(ArrayList.java:1257)
at org.testng.TestRunner.privateRun(TestRunner.java:766)
at org.testng.TestRunner.run(TestRunner.java:587)
at org.testng.SuiteRunner.runTest(SuiteRunner.java:384)
at org.testng.SuiteRunner.runSequentially(SuiteRunner.java:378)
at org.testng.SuiteRunner.privateRun(SuiteRunner.java:337)
at org.testng.SuiteRunner.run(SuiteRunner.java:286)
at org.testng.SuiteRunnerWorker.runSuite(SuiteRunnerWorker.java:53)
at org.testng.SuiteRunnerWorker.run(SuiteRunnerWorker.java:96)
at org.testng.TestNG.runSuitesSequentially(TestNG.java:1187)
at org.testng.TestNG.runSuitesLocally(TestNG.java:1109)
at org.testng.TestNG.runSuites(TestNG.java:1039)
at org.testng.TestNG.run(TestNG.java:1007)
at org.apache.maven.surefire.testng.TestNGExecutor.run(TestNGExecutor.java:77)
at org.apache.maven.surefire.testng.TestNGDirectoryTestSuite.executeMulti(TestNGDirectoryTestSuite.java:159)
at org.apache.maven.surefire.testng.TestNGDirectoryTestSuite.execute(TestNGDirectoryTestSuite.java:99)
at org.apache.maven.surefire.testng.TestNGProvider.invoke(TestNGProvider.java:106)
at sun.reflect.NativeMethodAccessorImpl.invoke0(Native Method)
at sun.reflect.NativeMethodAccessorImpl.invoke(NativeMethodAccessorImpl.java:62)
at sun.reflect.DelegatingMethodAccessorImpl.invoke(DelegatingMethodAccessorImpl.java:43)
at java.lang.reflect.Method.invoke(Method.java:498)
at org.apache.maven.surefire.util.ReflectionUtils.invokeMethodWithArray(ReflectionUtils.java:189)
at org.apache.maven.surefire.booter.ProviderFactory$ProviderProxy.invoke(ProviderFactory.java:165)
at org.apache.maven.surefire.booter.ProviderFactory.invokeProvider(ProviderFactory.java:85)
at org.apache.maven.surefire.booter.ForkedBooter.runSuitesInProcess(ForkedBooter.java:115)
at org.apache.maven.surefire.booter.ForkedBooter.main(ForkedBooter.java:75)
]]>
            </full-stacktrace>
          </exception> <!-- java.lang.IllegalArgumentException -->
          <reporter-output>
          </reporter-output>
        </test-method> <!-- testDeleteCorpusSchemaOptionsError -->
      </class> <!-- com.ibm.watson.health.iml.v1.model.DeleteCorpusSchemaOptionsTest -->
      <class name="com.ibm.watson.health.iml.v1.model.MetadataFieldsTest">
        <test-method status="PASS" signature="testMetadataFields()[pri:0, instance:com.ibm.watson.health.iml.v1.model.MetadataFieldsTest@11577ab8]" name="testMetadataFields" duration-ms="1" started-at="2020-05-08T01:40:58 GMT" finished-at="2020-05-08T01:40:58 GMT">
          <reporter-output>
          </reporter-output>
        </test-method> <!-- testMetadataFields -->
      </class> <!-- com.ibm.watson.health.iml.v1.model.MetadataFieldsTest -->
      <class name="com.ibm.watson.health.iml.v1.model.SetCorpusSchemaOptionsTest">
        <test-method status="PASS" signature="testSetCorpusSchemaOptions()[pri:0, instance:com.ibm.watson.health.iml.v1.model.SetCorpusSchemaOptionsTest@57e6d56a]" name="testSetCorpusSchemaOptions" duration-ms="3" started-at="2020-05-08T01:40:58 GMT" finished-at="2020-05-08T01:40:58 GMT">
          <reporter-output>
          </reporter-output>
        </test-method> <!-- testSetCorpusSchemaOptions -->
      </class> <!-- com.ibm.watson.health.iml.v1.model.SetCorpusSchemaOptionsTest -->
      <class name="com.ibm.watson.health.iml.v1.model.AttributeTest">
        <test-method status="PASS" signature="testAttribute()[pri:0, instance:com.ibm.watson.health.iml.v1.model.AttributeTest@749c0669]" name="testAttribute" duration-ms="5" started-at="2020-05-08T01:40:58 GMT" finished-at="2020-05-08T01:40:58 GMT">
          <reporter-output>
          </reporter-output>
        </test-method> <!-- testAttribute -->
      </class> <!-- com.ibm.watson.health.iml.v1.model.AttributeTest -->
      <class name="com.ibm.watson.health.iml.v1.model.GetServiceStatusOptionsTest">
        <test-method status="PASS" signature="testGetServiceStatusOptions()[pri:0, instance:com.ibm.watson.health.iml.v1.model.GetServiceStatusOptionsTest@1368e2f7]" name="testGetServiceStatusOptions" duration-ms="2" started-at="2020-05-08T01:40:58 GMT" finished-at="2020-05-08T01:40:58 GMT">
          <reporter-output>
          </reporter-output>
        </test-method> <!-- testGetServiceStatusOptions -->
      </class> <!-- com.ibm.watson.health.iml.v1.model.GetServiceStatusOptionsTest -->
      <class name="com.ibm.watson.health.iml.v1.model.GetCorporaConfigOptionsTest">
        <test-method status="PASS" signature="testGetCorporaConfigOptions()[pri:0, instance:com.ibm.watson.health.iml.v1.model.GetCorporaConfigOptionsTest@4edde05c]" name="testGetCorporaConfigOptions" duration-ms="1" started-at="2020-05-08T01:40:58 GMT" finished-at="2020-05-08T01:40:58 GMT">
          <reporter-output>
          </reporter-output>
        </test-method> <!-- testGetCorporaConfigOptions -->
      </class> <!-- com.ibm.watson.health.iml.v1.model.GetCorporaConfigOptionsTest -->
      <class name="com.ibm.watson.health.iml.v1.model.GetDocumentCategoriesOptionsTest">
        <test-method status="PASS" signature="testGetDocumentCategoriesOptions()[pri:0, instance:com.ibm.watson.health.iml.v1.model.GetDocumentCategoriesOptionsTest@488279d3]" name="testGetDocumentCategoriesOptions" duration-ms="3" started-at="2020-05-08T01:40:58 GMT" finished-at="2020-05-08T01:40:58 GMT">
          <reporter-output>
          </reporter-output>
        </test-method> <!-- testGetDocumentCategoriesOptions -->
        <test-method status="PASS" signature="testGetDocumentCategoriesOptionsError()[pri:0, instance:com.ibm.watson.health.iml.v1.model.GetDocumentCategoriesOptionsTest@488279d3]" name="testGetDocumentCategoriesOptionsError" duration-ms="0" started-at="2020-05-08T01:40:58 GMT" finished-at="2020-05-08T01:40:58 GMT">
          <exception class="java.lang.IllegalArgumentException">
            <message>
              <![CDATA[corpus cannot be empty]]>
            </message>
            <full-stacktrace>
              <![CDATA[java.lang.IllegalArgumentException: corpus cannot be empty
at com.ibm.cloud.sdk.core.util.Validator.notEmpty(Validator.java:84)
at com.ibm.watson.health.iml.v1.model.GetDocumentCategoriesOptions.<init>(GetDocumentCategoriesOptions.java:217)
at com.ibm.watson.health.iml.v1.model.GetDocumentCategoriesOptions$Builder.build(GetDocumentCategoriesOptions.java:96)
at com.ibm.watson.health.iml.v1.model.GetDocumentCategoriesOptionsTest.testGetDocumentCategoriesOptionsError(GetDocumentCategoriesOptionsTest.java:63)
at sun.reflect.NativeMethodAccessorImpl.invoke0(Native Method)
at sun.reflect.NativeMethodAccessorImpl.invoke(NativeMethodAccessorImpl.java:62)
at sun.reflect.DelegatingMethodAccessorImpl.invoke(DelegatingMethodAccessorImpl.java:43)
at java.lang.reflect.Method.invoke(Method.java:498)
at org.testng.internal.MethodInvocationHelper.invokeMethod(MethodInvocationHelper.java:134)
at org.testng.internal.TestInvoker.invokeMethod(TestInvoker.java:597)
at org.testng.internal.TestInvoker.invokeTestMethod(TestInvoker.java:173)
at org.testng.internal.MethodRunner.runInSequence(MethodRunner.java:46)
at org.testng.internal.TestInvoker$MethodInvocationAgent.invoke(TestInvoker.java:816)
at org.testng.internal.TestInvoker.invokeTestMethods(TestInvoker.java:146)
at org.testng.internal.TestMethodWorker.invokeTestMethods(TestMethodWorker.java:146)
at org.testng.internal.TestMethodWorker.run(TestMethodWorker.java:128)
at java.util.ArrayList.forEach(ArrayList.java:1257)
at org.testng.TestRunner.privateRun(TestRunner.java:766)
at org.testng.TestRunner.run(TestRunner.java:587)
at org.testng.SuiteRunner.runTest(SuiteRunner.java:384)
at org.testng.SuiteRunner.runSequentially(SuiteRunner.java:378)
at org.testng.SuiteRunner.privateRun(SuiteRunner.java:337)
at org.testng.SuiteRunner.run(SuiteRunner.java:286)
at org.testng.SuiteRunnerWorker.runSuite(SuiteRunnerWorker.java:53)
at org.testng.SuiteRunnerWorker.run(SuiteRunnerWorker.java:96)
at org.testng.TestNG.runSuitesSequentially(TestNG.java:1187)
at org.testng.TestNG.runSuitesLocally(TestNG.java:1109)
at org.testng.TestNG.runSuites(TestNG.java:1039)
at org.testng.TestNG.run(TestNG.java:1007)
at org.apache.maven.surefire.testng.TestNGExecutor.run(TestNGExecutor.java:77)
at org.apache.maven.surefire.testng.TestNGDirectoryTestSuite.executeMulti(TestNGDirectoryTestSuite.java:159)
at org.apache.maven.surefire.testng.TestNGDirectoryTestSuite.execute(TestNGDirectoryTestSuite.java:99)
at org.apache.maven.surefire.testng.TestNGProvider.invoke(TestNGProvider.java:106)
at sun.reflect.NativeMethodAccessorImpl.invoke0(Native Method)
at sun.reflect.NativeMethodAccessorImpl.invoke(NativeMethodAccessorImpl.java:62)
at sun.reflect.DelegatingMethodAccessorImpl.invoke(DelegatingMethodAccessorImpl.java:43)
at java.lang.reflect.Method.invoke(Method.java:498)
at org.apache.maven.surefire.util.ReflectionUtils.invokeMethodWithArray(ReflectionUtils.java:189)
at org.apache.maven.surefire.booter.ProviderFactory$ProviderProxy.invoke(ProviderFactory.java:165)
at org.apache.maven.surefire.booter.ProviderFactory.invokeProvider(ProviderFactory.java:85)
at org.apache.maven.surefire.booter.ForkedBooter.runSuitesInProcess(ForkedBooter.java:115)
at org.apache.maven.surefire.booter.ForkedBooter.main(ForkedBooter.java:75)
]]>
            </full-stacktrace>
          </exception> <!-- java.lang.IllegalArgumentException -->
          <reporter-output>
          </reporter-output>
        </test-method> <!-- testGetDocumentCategoriesOptionsError -->
      </class> <!-- com.ibm.watson.health.iml.v1.model.GetDocumentCategoriesOptionsTest -->
      <class name="com.ibm.watson.health.iml.v1.model.MetadataModelTest">
        <test-method status="PASS" signature="testMetadataModel()[pri:0, instance:com.ibm.watson.health.iml.v1.model.MetadataModelTest@361d8567]" name="testMetadataModel" duration-ms="1" started-at="2020-05-08T01:40:58 GMT" finished-at="2020-05-08T01:40:58 GMT">
          <reporter-output>
          </reporter-output>
        </test-method> <!-- testMetadataModel -->
      </class> <!-- com.ibm.watson.health.iml.v1.model.MetadataModelTest -->
      <class name="com.ibm.watson.health.iml.v1.model.GetDocumentAnnotationsOptionsTest">
        <test-method status="PASS" signature="testGetDocumentAnnotationsOptions()[pri:0, instance:com.ibm.watson.health.iml.v1.model.GetDocumentAnnotationsOptionsTest@4891d727]" name="testGetDocumentAnnotationsOptions" duration-ms="2" started-at="2020-05-08T01:40:58 GMT" finished-at="2020-05-08T01:40:58 GMT">
          <reporter-output>
          </reporter-output>
        </test-method> <!-- testGetDocumentAnnotationsOptions -->
        <test-method status="PASS" signature="testGetDocumentAnnotationsOptionsError()[pri:0, instance:com.ibm.watson.health.iml.v1.model.GetDocumentAnnotationsOptionsTest@4891d727]" name="testGetDocumentAnnotationsOptionsError" duration-ms="0" started-at="2020-05-08T01:40:58 GMT" finished-at="2020-05-08T01:40:58 GMT">
          <exception class="java.lang.IllegalArgumentException">
            <message>
              <![CDATA[corpus cannot be empty]]>
            </message>
            <full-stacktrace>
              <![CDATA[java.lang.IllegalArgumentException: corpus cannot be empty
at com.ibm.cloud.sdk.core.util.Validator.notEmpty(Validator.java:84)
at com.ibm.watson.health.iml.v1.model.GetDocumentAnnotationsOptions.<init>(GetDocumentAnnotationsOptions.java:151)
at com.ibm.watson.health.iml.v1.model.GetDocumentAnnotationsOptions$Builder.build(GetDocumentAnnotationsOptions.java:74)
at com.ibm.watson.health.iml.v1.model.GetDocumentAnnotationsOptionsTest.testGetDocumentAnnotationsOptionsError(GetDocumentAnnotationsOptionsTest.java:55)
at sun.reflect.NativeMethodAccessorImpl.invoke0(Native Method)
at sun.reflect.NativeMethodAccessorImpl.invoke(NativeMethodAccessorImpl.java:62)
at sun.reflect.DelegatingMethodAccessorImpl.invoke(DelegatingMethodAccessorImpl.java:43)
at java.lang.reflect.Method.invoke(Method.java:498)
at org.testng.internal.MethodInvocationHelper.invokeMethod(MethodInvocationHelper.java:134)
at org.testng.internal.TestInvoker.invokeMethod(TestInvoker.java:597)
at org.testng.internal.TestInvoker.invokeTestMethod(TestInvoker.java:173)
at org.testng.internal.MethodRunner.runInSequence(MethodRunner.java:46)
at org.testng.internal.TestInvoker$MethodInvocationAgent.invoke(TestInvoker.java:816)
at org.testng.internal.TestInvoker.invokeTestMethods(TestInvoker.java:146)
at org.testng.internal.TestMethodWorker.invokeTestMethods(TestMethodWorker.java:146)
at org.testng.internal.TestMethodWorker.run(TestMethodWorker.java:128)
at java.util.ArrayList.forEach(ArrayList.java:1257)
at org.testng.TestRunner.privateRun(TestRunner.java:766)
at org.testng.TestRunner.run(TestRunner.java:587)
at org.testng.SuiteRunner.runTest(SuiteRunner.java:384)
at org.testng.SuiteRunner.runSequentially(SuiteRunner.java:378)
at org.testng.SuiteRunner.privateRun(SuiteRunner.java:337)
at org.testng.SuiteRunner.run(SuiteRunner.java:286)
at org.testng.SuiteRunnerWorker.runSuite(SuiteRunnerWorker.java:53)
at org.testng.SuiteRunnerWorker.run(SuiteRunnerWorker.java:96)
at org.testng.TestNG.runSuitesSequentially(TestNG.java:1187)
at org.testng.TestNG.runSuitesLocally(TestNG.java:1109)
at org.testng.TestNG.runSuites(TestNG.java:1039)
at org.testng.TestNG.run(TestNG.java:1007)
at org.apache.maven.surefire.testng.TestNGExecutor.run(TestNGExecutor.java:77)
at org.apache.maven.surefire.testng.TestNGDirectoryTestSuite.executeMulti(TestNGDirectoryTestSuite.java:159)
at org.apache.maven.surefire.testng.TestNGDirectoryTestSuite.execute(TestNGDirectoryTestSuite.java:99)
at org.apache.maven.surefire.testng.TestNGProvider.invoke(TestNGProvider.java:106)
at sun.reflect.NativeMethodAccessorImpl.invoke0(Native Method)
at sun.reflect.NativeMethodAccessorImpl.invoke(NativeMethodAccessorImpl.java:62)
at sun.reflect.DelegatingMethodAccessorImpl.invoke(DelegatingMethodAccessorImpl.java:43)
at java.lang.reflect.Method.invoke(Method.java:498)
at org.apache.maven.surefire.util.ReflectionUtils.invokeMethodWithArray(ReflectionUtils.java:189)
at org.apache.maven.surefire.booter.ProviderFactory$ProviderProxy.invoke(ProviderFactory.java:165)
at org.apache.maven.surefire.booter.ProviderFactory.invokeProvider(ProviderFactory.java:85)
at org.apache.maven.surefire.booter.ForkedBooter.runSuitesInProcess(ForkedBooter.java:115)
at org.apache.maven.surefire.booter.ForkedBooter.main(ForkedBooter.java:75)
]]>
            </full-stacktrace>
          </exception> <!-- java.lang.IllegalArgumentException -->
          <reporter-output>
          </reporter-output>
        </test-method> <!-- testGetDocumentAnnotationsOptionsError -->
      </class> <!-- com.ibm.watson.health.iml.v1.model.GetDocumentAnnotationsOptionsTest -->
      <class name="com.ibm.watson.health.iml.v1.model.QualiferTest">
        <test-method status="PASS" signature="testQualifer()[pri:0, instance:com.ibm.watson.health.iml.v1.model.QualiferTest@5c1687d1]" name="testQualifer" duration-ms="1" started-at="2020-05-08T01:40:58 GMT" finished-at="2020-05-08T01:40:58 GMT">
          <reporter-output>
          </reporter-output>
        </test-method> <!-- testQualifer -->
      </class> <!-- com.ibm.watson.health.iml.v1.model.QualiferTest -->
      <class name="com.ibm.watson.health.iml.v1.model.MessageTest">
        <test-method status="PASS" signature="testMessage()[pri:0, instance:com.ibm.watson.health.iml.v1.model.MessageTest@402676e3]" name="testMessage" duration-ms="1" started-at="2020-05-08T01:40:58 GMT" finished-at="2020-05-08T01:40:58 GMT">
          <reporter-output>
          </reporter-output>
        </test-method> <!-- testMessage -->
      </class> <!-- com.ibm.watson.health.iml.v1.model.MessageTest -->
      <class name="com.ibm.watson.health.iml.v1.model.ConceptListModelTest">
        <test-method status="PASS" signature="testConceptListModel()[pri:0, instance:com.ibm.watson.health.iml.v1.model.ConceptListModelTest@4d84688f]" name="testConceptListModel" duration-ms="1" started-at="2020-05-08T01:40:58 GMT" finished-at="2020-05-08T01:40:58 GMT">
          <reporter-output>
          </reporter-output>
        </test-method> <!-- testConceptListModel -->
      </class> <!-- com.ibm.watson.health.iml.v1.model.ConceptListModelTest -->
      <class name="com.ibm.watson.health.iml.v1.model.SentenceModelTest">
        <test-method status="PASS" signature="testSentenceModel()[pri:0, instance:com.ibm.watson.health.iml.v1.model.SentenceModelTest@7d2be319]" name="testSentenceModel" duration-ms="26" started-at="2020-05-08T01:40:58 GMT" finished-at="2020-05-08T01:40:58 GMT">
          <reporter-output>
          </reporter-output>
        </test-method> <!-- testSentenceModel -->
      </class> <!-- com.ibm.watson.health.iml.v1.model.SentenceModelTest -->
      <class name="com.ibm.watson.health.iml.v1.model.GetConceptsOptionsTest">
        <test-method status="PASS" signature="testGetConceptsOptions()[pri:0, instance:com.ibm.watson.health.iml.v1.model.GetConceptsOptionsTest@1831447c]" name="testGetConceptsOptions" duration-ms="9" started-at="2020-05-08T01:40:58 GMT" finished-at="2020-05-08T01:40:58 GMT">
          <reporter-output>
          </reporter-output>
        </test-method> <!-- testGetConceptsOptions -->
        <test-method status="PASS" signature="testGetConceptsOptionsError()[pri:0, instance:com.ibm.watson.health.iml.v1.model.GetConceptsOptionsTest@1831447c]" name="testGetConceptsOptionsError" duration-ms="1" started-at="2020-05-08T01:40:58 GMT" finished-at="2020-05-08T01:40:58 GMT">
          <exception class="java.lang.IllegalArgumentException">
            <message>
              <![CDATA[corpus cannot be empty]]>
            </message>
            <full-stacktrace>
              <![CDATA[java.lang.IllegalArgumentException: corpus cannot be empty
at com.ibm.cloud.sdk.core.util.Validator.notEmpty(Validator.java:84)
at com.ibm.watson.health.iml.v1.model.GetConceptsOptions.<init>(GetConceptsOptions.java:240)
at com.ibm.watson.health.iml.v1.model.GetConceptsOptions$Builder.build(GetConceptsOptions.java:79)
at com.ibm.watson.health.iml.v1.model.GetConceptsOptionsTest.testGetConceptsOptionsError(GetConceptsOptionsTest.java:61)
at sun.reflect.NativeMethodAccessorImpl.invoke0(Native Method)
at sun.reflect.NativeMethodAccessorImpl.invoke(NativeMethodAccessorImpl.java:62)
at sun.reflect.DelegatingMethodAccessorImpl.invoke(DelegatingMethodAccessorImpl.java:43)
at java.lang.reflect.Method.invoke(Method.java:498)
at org.testng.internal.MethodInvocationHelper.invokeMethod(MethodInvocationHelper.java:134)
at org.testng.internal.TestInvoker.invokeMethod(TestInvoker.java:597)
at org.testng.internal.TestInvoker.invokeTestMethod(TestInvoker.java:173)
at org.testng.internal.MethodRunner.runInSequence(MethodRunner.java:46)
at org.testng.internal.TestInvoker$MethodInvocationAgent.invoke(TestInvoker.java:816)
at org.testng.internal.TestInvoker.invokeTestMethods(TestInvoker.java:146)
at org.testng.internal.TestMethodWorker.invokeTestMethods(TestMethodWorker.java:146)
at org.testng.internal.TestMethodWorker.run(TestMethodWorker.java:128)
at java.util.ArrayList.forEach(ArrayList.java:1257)
at org.testng.TestRunner.privateRun(TestRunner.java:766)
at org.testng.TestRunner.run(TestRunner.java:587)
at org.testng.SuiteRunner.runTest(SuiteRunner.java:384)
at org.testng.SuiteRunner.runSequentially(SuiteRunner.java:378)
at org.testng.SuiteRunner.privateRun(SuiteRunner.java:337)
at org.testng.SuiteRunner.run(SuiteRunner.java:286)
at org.testng.SuiteRunnerWorker.runSuite(SuiteRunnerWorker.java:53)
at org.testng.SuiteRunnerWorker.run(SuiteRunnerWorker.java:96)
at org.testng.TestNG.runSuitesSequentially(TestNG.java:1187)
at org.testng.TestNG.runSuitesLocally(TestNG.java:1109)
at org.testng.TestNG.runSuites(TestNG.java:1039)
at org.testng.TestNG.run(TestNG.java:1007)
at org.apache.maven.surefire.testng.TestNGExecutor.run(TestNGExecutor.java:77)
at org.apache.maven.surefire.testng.TestNGDirectoryTestSuite.executeMulti(TestNGDirectoryTestSuite.java:159)
at org.apache.maven.surefire.testng.TestNGDirectoryTestSuite.execute(TestNGDirectoryTestSuite.java:99)
at org.apache.maven.surefire.testng.TestNGProvider.invoke(TestNGProvider.java:106)
at sun.reflect.NativeMethodAccessorImpl.invoke0(Native Method)
at sun.reflect.NativeMethodAccessorImpl.invoke(NativeMethodAccessorImpl.java:62)
at sun.reflect.DelegatingMethodAccessorImpl.invoke(DelegatingMethodAccessorImpl.java:43)
at java.lang.reflect.Method.invoke(Method.java:498)
at org.apache.maven.surefire.util.ReflectionUtils.invokeMethodWithArray(ReflectionUtils.java:189)
at org.apache.maven.surefire.booter.ProviderFactory$ProviderProxy.invoke(ProviderFactory.java:165)
at org.apache.maven.surefire.booter.ProviderFactory.invokeProvider(ProviderFactory.java:85)
at org.apache.maven.surefire.booter.ForkedBooter.runSuitesInProcess(ForkedBooter.java:115)
at org.apache.maven.surefire.booter.ForkedBooter.main(ForkedBooter.java:75)
]]>
            </full-stacktrace>
          </exception> <!-- java.lang.IllegalArgumentException -->
          <reporter-output>
          </reporter-output>
        </test-method> <!-- testGetConceptsOptionsError -->
      </class> <!-- com.ibm.watson.health.iml.v1.model.GetConceptsOptionsTest -->
      <class name="com.ibm.watson.health.iml.v1.model.HistogramDataTest">
        <test-method status="PASS" signature="testHistogramData()[pri:0, instance:com.ibm.watson.health.iml.v1.model.HistogramDataTest@20a25f66]" name="testHistogramData" duration-ms="2" started-at="2020-05-08T01:40:58 GMT" finished-at="2020-05-08T01:40:58 GMT">
          <reporter-output>
          </reporter-output>
        </test-method> <!-- testHistogramData -->
      </class> <!-- com.ibm.watson.health.iml.v1.model.HistogramDataTest -->
      <class name="com.ibm.watson.health.iml.v1.model.GetSearchMatchesOptionsTest">
        <test-method status="PASS" signature="testGetSearchMatchesOptions()[pri:0, instance:com.ibm.watson.health.iml.v1.model.GetSearchMatchesOptionsTest@4ba1f425]" name="testGetSearchMatchesOptions" duration-ms="32" started-at="2020-05-08T01:40:57 GMT" finished-at="2020-05-08T01:40:57 GMT">
          <reporter-output>
          </reporter-output>
        </test-method> <!-- testGetSearchMatchesOptions -->
        <test-method status="PASS" signature="testGetSearchMatchesOptionsError()[pri:0, instance:com.ibm.watson.health.iml.v1.model.GetSearchMatchesOptionsTest@4ba1f425]" name="testGetSearchMatchesOptionsError" duration-ms="1" started-at="2020-05-08T01:40:57 GMT" finished-at="2020-05-08T01:40:57 GMT">
          <exception class="java.lang.IllegalArgumentException">
            <message>
              <![CDATA[corpus cannot be empty]]>
            </message>
            <full-stacktrace>
              <![CDATA[java.lang.IllegalArgumentException: corpus cannot be empty
at com.ibm.cloud.sdk.core.util.Validator.notEmpty(Validator.java:84)
at com.ibm.watson.health.iml.v1.model.GetSearchMatchesOptions.<init>(GetSearchMatchesOptions.java:376)
at com.ibm.watson.health.iml.v1.model.GetSearchMatchesOptions$Builder.build(GetSearchMatchesOptions.java:104)
at com.ibm.watson.health.iml.v1.model.GetSearchMatchesOptionsTest.testGetSearchMatchesOptionsError(GetSearchMatchesOptionsTest.java:75)
at sun.reflect.NativeMethodAccessorImpl.invoke0(Native Method)
at sun.reflect.NativeMethodAccessorImpl.invoke(NativeMethodAccessorImpl.java:62)
at sun.reflect.DelegatingMethodAccessorImpl.invoke(DelegatingMethodAccessorImpl.java:43)
at java.lang.reflect.Method.invoke(Method.java:498)
at org.testng.internal.MethodInvocationHelper.invokeMethod(MethodInvocationHelper.java:134)
at org.testng.internal.TestInvoker.invokeMethod(TestInvoker.java:597)
at org.testng.internal.TestInvoker.invokeTestMethod(TestInvoker.java:173)
at org.testng.internal.MethodRunner.runInSequence(MethodRunner.java:46)
at org.testng.internal.TestInvoker$MethodInvocationAgent.invoke(TestInvoker.java:816)
at org.testng.internal.TestInvoker.invokeTestMethods(TestInvoker.java:146)
at org.testng.internal.TestMethodWorker.invokeTestMethods(TestMethodWorker.java:146)
at org.testng.internal.TestMethodWorker.run(TestMethodWorker.java:128)
at java.util.ArrayList.forEach(ArrayList.java:1257)
at org.testng.TestRunner.privateRun(TestRunner.java:766)
at org.testng.TestRunner.run(TestRunner.java:587)
at org.testng.SuiteRunner.runTest(SuiteRunner.java:384)
at org.testng.SuiteRunner.runSequentially(SuiteRunner.java:378)
at org.testng.SuiteRunner.privateRun(SuiteRunner.java:337)
at org.testng.SuiteRunner.run(SuiteRunner.java:286)
at org.testng.SuiteRunnerWorker.runSuite(SuiteRunnerWorker.java:53)
at org.testng.SuiteRunnerWorker.run(SuiteRunnerWorker.java:96)
at org.testng.TestNG.runSuitesSequentially(TestNG.java:1187)
at org.testng.TestNG.runSuitesLocally(TestNG.java:1109)
at org.testng.TestNG.runSuites(TestNG.java:1039)
at org.testng.TestNG.run(TestNG.java:1007)
at org.apache.maven.surefire.testng.TestNGExecutor.run(TestNGExecutor.java:77)
at org.apache.maven.surefire.testng.TestNGDirectoryTestSuite.executeMulti(TestNGDirectoryTestSuite.java:159)
at org.apache.maven.surefire.testng.TestNGDirectoryTestSuite.execute(TestNGDirectoryTestSuite.java:99)
at org.apache.maven.surefire.testng.TestNGProvider.invoke(TestNGProvider.java:106)
at sun.reflect.NativeMethodAccessorImpl.invoke0(Native Method)
at sun.reflect.NativeMethodAccessorImpl.invoke(NativeMethodAccessorImpl.java:62)
at sun.reflect.DelegatingMethodAccessorImpl.invoke(DelegatingMethodAccessorImpl.java:43)
at java.lang.reflect.Method.invoke(Method.java:498)
at org.apache.maven.surefire.util.ReflectionUtils.invokeMethodWithArray(ReflectionUtils.java:189)
at org.apache.maven.surefire.booter.ProviderFactory$ProviderProxy.invoke(ProviderFactory.java:165)
at org.apache.maven.surefire.booter.ProviderFactory.invokeProvider(ProviderFactory.java:85)
at org.apache.maven.surefire.booter.ForkedBooter.runSuitesInProcess(ForkedBooter.java:115)
at org.apache.maven.surefire.booter.ForkedBooter.main(ForkedBooter.java:75)
]]>
            </full-stacktrace>
          </exception> <!-- java.lang.IllegalArgumentException -->
          <reporter-output>
          </reporter-output>
        </test-method> <!-- testGetSearchMatchesOptionsError -->
      </class> <!-- com.ibm.watson.health.iml.v1.model.GetSearchMatchesOptionsTest -->
      <class name="com.ibm.watson.health.iml.v1.model.RelationModelTest">
        <test-method status="PASS" signature="testRelationModel()[pri:0, instance:com.ibm.watson.health.iml.v1.model.RelationModelTest@10b2c1cf]" name="testRelationModel" duration-ms="1" started-at="2020-05-08T01:40:58 GMT" finished-at="2020-05-08T01:40:58 GMT">
          <reporter-output>
          </reporter-output>
        </test-method> <!-- testRelationModel -->
      </class> <!-- com.ibm.watson.health.iml.v1.model.RelationModelTest -->
      <class name="com.ibm.watson.health.iml.v1.model.SearchMatchesModelTest">
        <test-method status="PASS" signature="testSearchMatchesModel()[pri:0, instance:com.ibm.watson.health.iml.v1.model.SearchMatchesModelTest@6ad7a305]" name="testSearchMatchesModel" duration-ms="2" started-at="2020-05-08T01:40:58 GMT" finished-at="2020-05-08T01:40:58 GMT">
          <reporter-output>
          </reporter-output>
        </test-method> <!-- testSearchMatchesModel -->
      </class> <!-- com.ibm.watson.health.iml.v1.model.SearchMatchesModelTest -->
      <class name="com.ibm.watson.health.iml.v1.model.GetHealthCheckStatusOptionsTest">
        <test-method status="PASS" signature="testGetHealthCheckStatusOptions()[pri:0, instance:com.ibm.watson.health.iml.v1.model.GetHealthCheckStatusOptionsTest@4023d23f]" name="testGetHealthCheckStatusOptions" duration-ms="1" started-at="2020-05-08T01:40:58 GMT" finished-at="2020-05-08T01:40:58 GMT">
          <reporter-output>
          </reporter-output>
        </test-method> <!-- testGetHealthCheckStatusOptions -->
      </class> <!-- com.ibm.watson.health.iml.v1.model.GetHealthCheckStatusOptionsTest -->
      <class name="com.ibm.watson.health.iml.v1.model.BackendTest">
        <test-method status="PASS" signature="testBackend()[pri:0, instance:com.ibm.watson.health.iml.v1.model.BackendTest@5703c1fb]" name="testBackend" duration-ms="2" started-at="2020-05-08T01:40:58 GMT" finished-at="2020-05-08T01:40:58 GMT">
          <reporter-output>
          </reporter-output>
        </test-method> <!-- testBackend -->
      </class> <!-- com.ibm.watson.health.iml.v1.model.BackendTest -->
      <class name="com.ibm.watson.health.iml.v1.model.SetCorpusConfigOptionsTest">
        <test-method status="PASS" signature="testSetCorpusConfigOptions()[pri:0, instance:com.ibm.watson.health.iml.v1.model.SetCorpusConfigOptionsTest@27575bcd]" name="testSetCorpusConfigOptions" duration-ms="2" started-at="2020-05-08T01:40:58 GMT" finished-at="2020-05-08T01:40:58 GMT">
          <reporter-output>
          </reporter-output>
        </test-method> <!-- testSetCorpusConfigOptions -->
      </class> <!-- com.ibm.watson.health.iml.v1.model.SetCorpusConfigOptionsTest -->
      <class name="com.ibm.watson.health.iml.v1.model.RelatedConceptsModelTest">
        <test-method status="PASS" signature="testRelatedConceptsModel()[pri:0, instance:com.ibm.watson.health.iml.v1.model.RelatedConceptsModelTest@1e7113f8]" name="testRelatedConceptsModel" duration-ms="2" started-at="2020-05-08T01:40:58 GMT" finished-at="2020-05-08T01:40:58 GMT">
          <reporter-output>
          </reporter-output>
        </test-method> <!-- testRelatedConceptsModel -->
      </class> <!-- com.ibm.watson.health.iml.v1.model.RelatedConceptsModelTest -->
      <class name="com.ibm.watson.health.iml.v1.unit.InsightsForMedicalLiteratureServiceTest">
        <test-method status="PASS" signature="beforePowerMockTestClass()[pri:0, instance:com.ibm.watson.health.iml.v1.unit.InsightsForMedicalLiteratureServiceTest@7348e75e]" name="beforePowerMockTestClass" is-config="true" duration-ms="4" started-at="2020-05-08T01:40:58 GMT" finished-at="2020-05-08T01:40:58 GMT">
          <reporter-output>
          </reporter-output>
        </test-method> <!-- beforePowerMockTestClass -->
        <test-method status="PASS" signature="beforePowerMockTestMethod()[pri:0, instance:com.ibm.watson.health.iml.v1.unit.InsightsForMedicalLiteratureServiceTest@7348e75e]" name="beforePowerMockTestMethod" is-config="true" duration-ms="2142" started-at="2020-05-08T01:40:58 GMT" finished-at="2020-05-08T01:41:00 GMT">
          <reporter-output>
          </reporter-output>
        </test-method> <!-- beforePowerMockTestMethod -->
        <test-method status="PASS" signature="setUpMockServer()[pri:0, instance:com.ibm.watson.health.iml.v1.unit.InsightsForMedicalLiteratureServiceTest@7348e75e]" name="setUpMockServer" is-config="true" duration-ms="1193" started-at="2020-05-08T01:41:00 GMT" finished-at="2020-05-08T01:41:01 GMT">
          <reporter-output>
          </reporter-output>
        </test-method> <!-- setUpMockServer -->
        <test-method status="PASS" signature="testAddArtifactNoOptions()[pri:0, instance:com.ibm.watson.health.iml.v1.unit.InsightsForMedicalLiteratureServiceTest@7348e75e]" name="testAddArtifactNoOptions" duration-ms="2360" started-at="2020-05-08T01:41:01 GMT" finished-at="2020-05-08T01:41:04 GMT">
          <exception class="java.lang.IllegalArgumentException">
            <message>
              <![CDATA[addArtifactOptions cannot be null]]>
            </message>
            <full-stacktrace>
              <![CDATA[java.lang.IllegalArgumentException: addArtifactOptions cannot be null
at com.ibm.cloud.sdk.core.util.Validator.notNull(Validator.java:97)
at com.ibm.watson.health.iml.v1.InsightsForMedicalLiteratureService.addArtifact(InsightsForMedicalLiteratureService.java:1111)
at com.ibm.watson.health.iml.v1.unit.InsightsForMedicalLiteratureServiceTest.testAddArtifactNoOptions(InsightsForMedicalLiteratureServiceTest.java:1372)
at sun.reflect.NativeMethodAccessorImpl.invoke0(Native Method)
at sun.reflect.NativeMethodAccessorImpl.invoke(NativeMethodAccessorImpl.java:62)
at sun.reflect.DelegatingMethodAccessorImpl.invoke(DelegatingMethodAccessorImpl.java:43)
at java.lang.reflect.Method.invoke(Method.java:498)
at org.testng.internal.MethodInvocationHelper.invokeMethod(MethodInvocationHelper.java:134)
at org.testng.internal.TestInvoker.invokeMethod(TestInvoker.java:597)
at org.testng.internal.TestInvoker.invokeTestMethod(TestInvoker.java:173)
at org.testng.internal.MethodRunner.runInSequence(MethodRunner.java:46)
at org.testng.internal.TestInvoker$MethodInvocationAgent.invoke(TestInvoker.java:816)
at org.testng.internal.TestInvoker.invokeTestMethods(TestInvoker.java:146)
at org.testng.internal.TestMethodWorker.invokeTestMethods(TestMethodWorker.java:146)
at org.testng.internal.TestMethodWorker.run(TestMethodWorker.java:128)
at java.util.ArrayList.forEach(ArrayList.java:1257)
at org.testng.TestRunner.privateRun(TestRunner.java:766)
at org.testng.TestRunner.run(TestRunner.java:587)
at org.testng.SuiteRunner.runTest(SuiteRunner.java:384)
at org.testng.SuiteRunner.runSequentially(SuiteRunner.java:378)
at org.testng.SuiteRunner.privateRun(SuiteRunner.java:337)
at org.testng.SuiteRunner.run(SuiteRunner.java:286)
at org.testng.SuiteRunnerWorker.runSuite(SuiteRunnerWorker.java:53)
at org.testng.SuiteRunnerWorker.run(SuiteRunnerWorker.java:96)
at org.testng.TestNG.runSuitesSequentially(TestNG.java:1187)
at org.testng.TestNG.runSuitesLocally(TestNG.java:1109)
at org.testng.TestNG.runSuites(TestNG.java:1039)
at org.testng.TestNG.run(TestNG.java:1007)
at org.apache.maven.surefire.testng.TestNGExecutor.run(TestNGExecutor.java:77)
at org.apache.maven.surefire.testng.TestNGDirectoryTestSuite.executeMulti(TestNGDirectoryTestSuite.java:159)
at org.apache.maven.surefire.testng.TestNGDirectoryTestSuite.execute(TestNGDirectoryTestSuite.java:99)
at org.apache.maven.surefire.testng.TestNGProvider.invoke(TestNGProvider.java:106)
at sun.reflect.NativeMethodAccessorImpl.invoke0(Native Method)
at sun.reflect.NativeMethodAccessorImpl.invoke(NativeMethodAccessorImpl.java:62)
at sun.reflect.DelegatingMethodAccessorImpl.invoke(DelegatingMethodAccessorImpl.java:43)
at java.lang.reflect.Method.invoke(Method.java:498)
at org.apache.maven.surefire.util.ReflectionUtils.invokeMethodWithArray(ReflectionUtils.java:189)
at org.apache.maven.surefire.booter.ProviderFactory$ProviderProxy.invoke(ProviderFactory.java:165)
at org.apache.maven.surefire.booter.ProviderFactory.invokeProvider(ProviderFactory.java:85)
at org.apache.maven.surefire.booter.ForkedBooter.runSuitesInProcess(ForkedBooter.java:115)
at org.apache.maven.surefire.booter.ForkedBooter.main(ForkedBooter.java:75)
]]>
            </full-stacktrace>
          </exception> <!-- java.lang.IllegalArgumentException -->
          <reporter-output>
          </reporter-output>
        </test-method> <!-- testAddArtifactNoOptions -->
        <test-method status="PASS" signature="tearDownMockServer()[pri:0, instance:com.ibm.watson.health.iml.v1.unit.InsightsForMedicalLiteratureServiceTest@7348e75e]" name="tearDownMockServer" is-config="true" duration-ms="8" started-at="2020-05-08T01:41:04 GMT" finished-at="2020-05-08T01:41:04 GMT">
          <reporter-output>
          </reporter-output>
        </test-method> <!-- tearDownMockServer -->
        <test-method status="PASS" signature="afterPowerMockTestMethod()[pri:0, instance:com.ibm.watson.health.iml.v1.unit.InsightsForMedicalLiteratureServiceTest@7348e75e]" name="afterPowerMockTestMethod" is-config="true" duration-ms="6" started-at="2020-05-08T01:41:04 GMT" finished-at="2020-05-08T01:41:04 GMT">
          <reporter-output>
          </reporter-output>
        </test-method> <!-- afterPowerMockTestMethod -->
        <test-method status="PASS" signature="beforePowerMockTestMethod()[pri:0, instance:com.ibm.watson.health.iml.v1.unit.InsightsForMedicalLiteratureServiceTest@7348e75e]" name="beforePowerMockTestMethod" is-config="true" duration-ms="1" started-at="2020-05-08T01:41:04 GMT" finished-at="2020-05-08T01:41:04 GMT">
          <reporter-output>
          </reporter-output>
        </test-method> <!-- beforePowerMockTestMethod -->
        <test-method status="PASS" signature="setUpMockServer()[pri:0, instance:com.ibm.watson.health.iml.v1.unit.InsightsForMedicalLiteratureServiceTest@7348e75e]" name="setUpMockServer" is-config="true" duration-ms="4" started-at="2020-05-08T01:41:04 GMT" finished-at="2020-05-08T01:41:04 GMT">
          <reporter-output>
          </reporter-output>
        </test-method> <!-- setUpMockServer -->
        <test-method status="PASS" signature="testAddArtifactWOptions()[pri:0, instance:com.ibm.watson.health.iml.v1.unit.InsightsForMedicalLiteratureServiceTest@7348e75e]" name="testAddArtifactWOptions" duration-ms="842" started-at="2020-05-08T01:41:04 GMT" finished-at="2020-05-08T01:41:05 GMT">
          <reporter-output>
          </reporter-output>
        </test-method> <!-- testAddArtifactWOptions -->
        <test-method status="PASS" signature="tearDownMockServer()[pri:0, instance:com.ibm.watson.health.iml.v1.unit.InsightsForMedicalLiteratureServiceTest@7348e75e]" name="tearDownMockServer" is-config="true" duration-ms="5" started-at="2020-05-08T01:41:05 GMT" finished-at="2020-05-08T01:41:05 GMT">
          <reporter-output>
          </reporter-output>
        </test-method> <!-- tearDownMockServer -->
        <test-method status="PASS" signature="afterPowerMockTestMethod()[pri:0, instance:com.ibm.watson.health.iml.v1.unit.InsightsForMedicalLiteratureServiceTest@7348e75e]" name="afterPowerMockTestMethod" is-config="true" duration-ms="1" started-at="2020-05-08T01:41:05 GMT" finished-at="2020-05-08T01:41:05 GMT">
          <reporter-output>
          </reporter-output>
        </test-method> <!-- afterPowerMockTestMethod -->
        <test-method status="PASS" signature="beforePowerMockTestMethod()[pri:0, instance:com.ibm.watson.health.iml.v1.unit.InsightsForMedicalLiteratureServiceTest@7348e75e]" name="beforePowerMockTestMethod" is-config="true" duration-ms="1" started-at="2020-05-08T01:41:05 GMT" finished-at="2020-05-08T01:41:05 GMT">
          <reporter-output>
          </reporter-output>
        </test-method> <!-- beforePowerMockTestMethod -->
        <test-method status="PASS" signature="setUpMockServer()[pri:0, instance:com.ibm.watson.health.iml.v1.unit.InsightsForMedicalLiteratureServiceTest@7348e75e]" name="setUpMockServer" is-config="true" duration-ms="4" started-at="2020-05-08T01:41:05 GMT" finished-at="2020-05-08T01:41:05 GMT">
          <reporter-output>
          </reporter-output>
        </test-method> <!-- setUpMockServer -->
        <test-method status="PASS" signature="testAddCorpusDocumentNoOptions()[pri:0, instance:com.ibm.watson.health.iml.v1.unit.InsightsForMedicalLiteratureServiceTest@7348e75e]" name="testAddCorpusDocumentNoOptions" duration-ms="38" started-at="2020-05-08T01:41:05 GMT" finished-at="2020-05-08T01:41:05 GMT">
          <exception class="java.lang.IllegalArgumentException">
            <message>
              <![CDATA[addCorpusDocumentOptions cannot be null]]>
            </message>
            <full-stacktrace>
              <![CDATA[java.lang.IllegalArgumentException: addCorpusDocumentOptions cannot be null
at com.ibm.cloud.sdk.core.util.Validator.notNull(Validator.java:97)
at com.ibm.watson.health.iml.v1.InsightsForMedicalLiteratureService.addCorpusDocument(InsightsForMedicalLiteratureService.java:251)
at com.ibm.watson.health.iml.v1.unit.InsightsForMedicalLiteratureServiceTest.testAddCorpusDocumentNoOptions(InsightsForMedicalLiteratureServiceTest.java:255)
at sun.reflect.NativeMethodAccessorImpl.invoke0(Native Method)
at sun.reflect.NativeMethodAccessorImpl.invoke(NativeMethodAccessorImpl.java:62)
at sun.reflect.DelegatingMethodAccessorImpl.invoke(DelegatingMethodAccessorImpl.java:43)
at java.lang.reflect.Method.invoke(Method.java:498)
at org.testng.internal.MethodInvocationHelper.invokeMethod(MethodInvocationHelper.java:134)
at org.testng.internal.TestInvoker.invokeMethod(TestInvoker.java:597)
at org.testng.internal.TestInvoker.invokeTestMethod(TestInvoker.java:173)
at org.testng.internal.MethodRunner.runInSequence(MethodRunner.java:46)
at org.testng.internal.TestInvoker$MethodInvocationAgent.invoke(TestInvoker.java:816)
at org.testng.internal.TestInvoker.invokeTestMethods(TestInvoker.java:146)
at org.testng.internal.TestMethodWorker.invokeTestMethods(TestMethodWorker.java:146)
at org.testng.internal.TestMethodWorker.run(TestMethodWorker.java:128)
at java.util.ArrayList.forEach(ArrayList.java:1257)
at org.testng.TestRunner.privateRun(TestRunner.java:766)
at org.testng.TestRunner.run(TestRunner.java:587)
at org.testng.SuiteRunner.runTest(SuiteRunner.java:384)
at org.testng.SuiteRunner.runSequentially(SuiteRunner.java:378)
at org.testng.SuiteRunner.privateRun(SuiteRunner.java:337)
at org.testng.SuiteRunner.run(SuiteRunner.java:286)
at org.testng.SuiteRunnerWorker.runSuite(SuiteRunnerWorker.java:53)
at org.testng.SuiteRunnerWorker.run(SuiteRunnerWorker.java:96)
at org.testng.TestNG.runSuitesSequentially(TestNG.java:1187)
at org.testng.TestNG.runSuitesLocally(TestNG.java:1109)
at org.testng.TestNG.runSuites(TestNG.java:1039)
at org.testng.TestNG.run(TestNG.java:1007)
at org.apache.maven.surefire.testng.TestNGExecutor.run(TestNGExecutor.java:77)
at org.apache.maven.surefire.testng.TestNGDirectoryTestSuite.executeMulti(TestNGDirectoryTestSuite.java:159)
at org.apache.maven.surefire.testng.TestNGDirectoryTestSuite.execute(TestNGDirectoryTestSuite.java:99)
at org.apache.maven.surefire.testng.TestNGProvider.invoke(TestNGProvider.java:106)
at sun.reflect.NativeMethodAccessorImpl.invoke0(Native Method)
at sun.reflect.NativeMethodAccessorImpl.invoke(NativeMethodAccessorImpl.java:62)
at sun.reflect.DelegatingMethodAccessorImpl.invoke(DelegatingMethodAccessorImpl.java:43)
at java.lang.reflect.Method.invoke(Method.java:498)
at org.apache.maven.surefire.util.ReflectionUtils.invokeMethodWithArray(ReflectionUtils.java:189)
at org.apache.maven.surefire.booter.ProviderFactory$ProviderProxy.invoke(ProviderFactory.java:165)
at org.apache.maven.surefire.booter.ProviderFactory.invokeProvider(ProviderFactory.java:85)
at org.apache.maven.surefire.booter.ForkedBooter.runSuitesInProcess(ForkedBooter.java:115)
at org.apache.maven.surefire.booter.ForkedBooter.main(ForkedBooter.java:75)
]]>
            </full-stacktrace>
          </exception> <!-- java.lang.IllegalArgumentException -->
          <reporter-output>
          </reporter-output>
        </test-method> <!-- testAddCorpusDocumentNoOptions -->
        <test-method status="PASS" signature="tearDownMockServer()[pri:0, instance:com.ibm.watson.health.iml.v1.unit.InsightsForMedicalLiteratureServiceTest@7348e75e]" name="tearDownMockServer" is-config="true" duration-ms="8" started-at="2020-05-08T01:41:05 GMT" finished-at="2020-05-08T01:41:05 GMT">
          <reporter-output>
          </reporter-output>
        </test-method> <!-- tearDownMockServer -->
        <test-method status="PASS" signature="afterPowerMockTestMethod()[pri:0, instance:com.ibm.watson.health.iml.v1.unit.InsightsForMedicalLiteratureServiceTest@7348e75e]" name="afterPowerMockTestMethod" is-config="true" duration-ms="0" started-at="2020-05-08T01:41:05 GMT" finished-at="2020-05-08T01:41:05 GMT">
          <reporter-output>
          </reporter-output>
        </test-method> <!-- afterPowerMockTestMethod -->
        <test-method status="PASS" signature="beforePowerMockTestMethod()[pri:0, instance:com.ibm.watson.health.iml.v1.unit.InsightsForMedicalLiteratureServiceTest@7348e75e]" name="beforePowerMockTestMethod" is-config="true" duration-ms="5" started-at="2020-05-08T01:41:05 GMT" finished-at="2020-05-08T01:41:05 GMT">
          <reporter-output>
          </reporter-output>
        </test-method> <!-- beforePowerMockTestMethod -->
        <test-method status="PASS" signature="setUpMockServer()[pri:0, instance:com.ibm.watson.health.iml.v1.unit.InsightsForMedicalLiteratureServiceTest@7348e75e]" name="setUpMockServer" is-config="true" duration-ms="4" started-at="2020-05-08T01:41:05 GMT" finished-at="2020-05-08T01:41:05 GMT">
          <reporter-output>
          </reporter-output>
        </test-method> <!-- setUpMockServer -->
        <test-method status="PASS" signature="testAddCorpusDocumentWOptions()[pri:0, instance:com.ibm.watson.health.iml.v1.unit.InsightsForMedicalLiteratureServiceTest@7348e75e]" name="testAddCorpusDocumentWOptions" duration-ms="62" started-at="2020-05-08T01:41:05 GMT" finished-at="2020-05-08T01:41:05 GMT">
          <reporter-output>
          </reporter-output>
        </test-method> <!-- testAddCorpusDocumentWOptions -->
        <test-method status="PASS" signature="tearDownMockServer()[pri:0, instance:com.ibm.watson.health.iml.v1.unit.InsightsForMedicalLiteratureServiceTest@7348e75e]" name="tearDownMockServer" is-config="true" duration-ms="5" started-at="2020-05-08T01:41:05 GMT" finished-at="2020-05-08T01:41:05 GMT">
          <reporter-output>
          </reporter-output>
        </test-method> <!-- tearDownMockServer -->
        <test-method status="PASS" signature="afterPowerMockTestMethod()[pri:0, instance:com.ibm.watson.health.iml.v1.unit.InsightsForMedicalLiteratureServiceTest@7348e75e]" name="afterPowerMockTestMethod" is-config="true" duration-ms="1" started-at="2020-05-08T01:41:05 GMT" finished-at="2020-05-08T01:41:05 GMT">
          <reporter-output>
          </reporter-output>
        </test-method> <!-- afterPowerMockTestMethod -->
        <test-method status="PASS" signature="beforePowerMockTestMethod()[pri:0, instance:com.ibm.watson.health.iml.v1.unit.InsightsForMedicalLiteratureServiceTest@7348e75e]" name="beforePowerMockTestMethod" is-config="true" duration-ms="1" started-at="2020-05-08T01:41:05 GMT" finished-at="2020-05-08T01:41:05 GMT">
          <reporter-output>
          </reporter-output>
        </test-method> <!-- beforePowerMockTestMethod -->
        <test-method status="PASS" signature="setUpMockServer()[pri:0, instance:com.ibm.watson.health.iml.v1.unit.InsightsForMedicalLiteratureServiceTest@7348e75e]" name="setUpMockServer" is-config="true" duration-ms="2" started-at="2020-05-08T01:41:05 GMT" finished-at="2020-05-08T01:41:05 GMT">
          <reporter-output>
          </reporter-output>
        </test-method> <!-- setUpMockServer -->
        <test-method status="PASS" signature="testConstructorWithNullAuthenticator()[pri:0, instance:com.ibm.watson.health.iml.v1.unit.InsightsForMedicalLiteratureServiceTest@7348e75e]" name="testConstructorWithNullAuthenticator" duration-ms="77" started-at="2020-05-08T01:41:05 GMT" finished-at="2020-05-08T01:41:05 GMT">
          <exception class="java.lang.IllegalArgumentException">
            <message>
              <![CDATA[Authentication information was not properly configured.]]>
            </message>
            <full-stacktrace>
              <![CDATA[java.lang.IllegalArgumentException: Authentication information was not properly configured.
at com.ibm.cloud.sdk.core.service.BaseService.<init>(BaseService.java:100)
at com.ibm.watson.health.iml.v1.InsightsForMedicalLiteratureService.<init>(InsightsForMedicalLiteratureService.java:179)
at com.ibm.watson.health.iml.v1.unit.InsightsForMedicalLiteratureServiceTest.testConstructorWithNullAuthenticator(InsightsForMedicalLiteratureServiceTest.java:140)
at sun.reflect.NativeMethodAccessorImpl.invoke0(Native Method)
at sun.reflect.NativeMethodAccessorImpl.invoke(NativeMethodAccessorImpl.java:62)
at sun.reflect.DelegatingMethodAccessorImpl.invoke(DelegatingMethodAccessorImpl.java:43)
at java.lang.reflect.Method.invoke(Method.java:498)
at org.testng.internal.MethodInvocationHelper.invokeMethod(MethodInvocationHelper.java:134)
at org.testng.internal.TestInvoker.invokeMethod(TestInvoker.java:597)
at org.testng.internal.TestInvoker.invokeTestMethod(TestInvoker.java:173)
at org.testng.internal.MethodRunner.runInSequence(MethodRunner.java:46)
at org.testng.internal.TestInvoker$MethodInvocationAgent.invoke(TestInvoker.java:816)
at org.testng.internal.TestInvoker.invokeTestMethods(TestInvoker.java:146)
at org.testng.internal.TestMethodWorker.invokeTestMethods(TestMethodWorker.java:146)
at org.testng.internal.TestMethodWorker.run(TestMethodWorker.java:128)
at java.util.ArrayList.forEach(ArrayList.java:1257)
at org.testng.TestRunner.privateRun(TestRunner.java:766)
at org.testng.TestRunner.run(TestRunner.java:587)
at org.testng.SuiteRunner.runTest(SuiteRunner.java:384)
at org.testng.SuiteRunner.runSequentially(SuiteRunner.java:378)
at org.testng.SuiteRunner.privateRun(SuiteRunner.java:337)
at org.testng.SuiteRunner.run(SuiteRunner.java:286)
at org.testng.SuiteRunnerWorker.runSuite(SuiteRunnerWorker.java:53)
at org.testng.SuiteRunnerWorker.run(SuiteRunnerWorker.java:96)
at org.testng.TestNG.runSuitesSequentially(TestNG.java:1187)
at org.testng.TestNG.runSuitesLocally(TestNG.java:1109)
at org.testng.TestNG.runSuites(TestNG.java:1039)
at org.testng.TestNG.run(TestNG.java:1007)
at org.apache.maven.surefire.testng.TestNGExecutor.run(TestNGExecutor.java:77)
at org.apache.maven.surefire.testng.TestNGDirectoryTestSuite.executeMulti(TestNGDirectoryTestSuite.java:159)
at org.apache.maven.surefire.testng.TestNGDirectoryTestSuite.execute(TestNGDirectoryTestSuite.java:99)
at org.apache.maven.surefire.testng.TestNGProvider.invoke(TestNGProvider.java:106)
at sun.reflect.NativeMethodAccessorImpl.invoke0(Native Method)
at sun.reflect.NativeMethodAccessorImpl.invoke(NativeMethodAccessorImpl.java:62)
at sun.reflect.DelegatingMethodAccessorImpl.invoke(DelegatingMethodAccessorImpl.java:43)
at java.lang.reflect.Method.invoke(Method.java:498)
at org.apache.maven.surefire.util.ReflectionUtils.invokeMethodWithArray(ReflectionUtils.java:189)
at org.apache.maven.surefire.booter.ProviderFactory$ProviderProxy.invoke(ProviderFactory.java:165)
at org.apache.maven.surefire.booter.ProviderFactory.invokeProvider(ProviderFactory.java:85)
at org.apache.maven.surefire.booter.ForkedBooter.runSuitesInProcess(ForkedBooter.java:115)
at org.apache.maven.surefire.booter.ForkedBooter.main(ForkedBooter.java:75)
]]>
            </full-stacktrace>
          </exception> <!-- java.lang.IllegalArgumentException -->
          <reporter-output>
          </reporter-output>
        </test-method> <!-- testConstructorWithNullAuthenticator -->
        <test-method status="PASS" signature="tearDownMockServer()[pri:0, instance:com.ibm.watson.health.iml.v1.unit.InsightsForMedicalLiteratureServiceTest@7348e75e]" name="tearDownMockServer" is-config="true" duration-ms="3" started-at="2020-05-08T01:41:05 GMT" finished-at="2020-05-08T01:41:05 GMT">
          <reporter-output>
          </reporter-output>
        </test-method> <!-- tearDownMockServer -->
        <test-method status="PASS" signature="afterPowerMockTestMethod()[pri:0, instance:com.ibm.watson.health.iml.v1.unit.InsightsForMedicalLiteratureServiceTest@7348e75e]" name="afterPowerMockTestMethod" is-config="true" duration-ms="0" started-at="2020-05-08T01:41:05 GMT" finished-at="2020-05-08T01:41:05 GMT">
          <reporter-output>
          </reporter-output>
        </test-method> <!-- afterPowerMockTestMethod -->
        <test-method status="PASS" signature="beforePowerMockTestMethod()[pri:0, instance:com.ibm.watson.health.iml.v1.unit.InsightsForMedicalLiteratureServiceTest@7348e75e]" name="beforePowerMockTestMethod" is-config="true" duration-ms="0" started-at="2020-05-08T01:41:05 GMT" finished-at="2020-05-08T01:41:05 GMT">
          <reporter-output>
          </reporter-output>
        </test-method> <!-- beforePowerMockTestMethod -->
        <test-method status="PASS" signature="setUpMockServer()[pri:0, instance:com.ibm.watson.health.iml.v1.unit.InsightsForMedicalLiteratureServiceTest@7348e75e]" name="setUpMockServer" is-config="true" duration-ms="2" started-at="2020-05-08T01:41:05 GMT" finished-at="2020-05-08T01:41:05 GMT">
          <reporter-output>
          </reporter-output>
        </test-method> <!-- setUpMockServer -->
        <test-method status="PASS" signature="testDeleteCorpusSchemaNoOptions()[pri:0, instance:com.ibm.watson.health.iml.v1.unit.InsightsForMedicalLiteratureServiceTest@7348e75e]" name="testDeleteCorpusSchemaNoOptions" duration-ms="21" started-at="2020-05-08T01:41:05 GMT" finished-at="2020-05-08T01:41:05 GMT">
          <exception class="java.lang.IllegalArgumentException">
            <message>
              <![CDATA[deleteCorpusSchemaOptions cannot be null]]>
            </message>
            <full-stacktrace>
              <![CDATA[java.lang.IllegalArgumentException: deleteCorpusSchemaOptions cannot be null
at com.ibm.cloud.sdk.core.util.Validator.notNull(Validator.java:97)
at com.ibm.watson.health.iml.v1.InsightsForMedicalLiteratureService.deleteCorpusSchema(InsightsForMedicalLiteratureService.java:677)
at com.ibm.watson.health.iml.v1.unit.InsightsForMedicalLiteratureServiceTest.testDeleteCorpusSchemaNoOptions(InsightsForMedicalLiteratureServiceTest.java:739)
at sun.reflect.NativeMethodAccessorImpl.invoke0(Native Method)
at sun.reflect.NativeMethodAccessorImpl.invoke(NativeMethodAccessorImpl.java:62)
at sun.reflect.DelegatingMethodAccessorImpl.invoke(DelegatingMethodAccessorImpl.java:43)
at java.lang.reflect.Method.invoke(Method.java:498)
at org.testng.internal.MethodInvocationHelper.invokeMethod(MethodInvocationHelper.java:134)
at org.testng.internal.TestInvoker.invokeMethod(TestInvoker.java:597)
at org.testng.internal.TestInvoker.invokeTestMethod(TestInvoker.java:173)
at org.testng.internal.MethodRunner.runInSequence(MethodRunner.java:46)
at org.testng.internal.TestInvoker$MethodInvocationAgent.invoke(TestInvoker.java:816)
at org.testng.internal.TestInvoker.invokeTestMethods(TestInvoker.java:146)
at org.testng.internal.TestMethodWorker.invokeTestMethods(TestMethodWorker.java:146)
at org.testng.internal.TestMethodWorker.run(TestMethodWorker.java:128)
at java.util.ArrayList.forEach(ArrayList.java:1257)
at org.testng.TestRunner.privateRun(TestRunner.java:766)
at org.testng.TestRunner.run(TestRunner.java:587)
at org.testng.SuiteRunner.runTest(SuiteRunner.java:384)
at org.testng.SuiteRunner.runSequentially(SuiteRunner.java:378)
at org.testng.SuiteRunner.privateRun(SuiteRunner.java:337)
at org.testng.SuiteRunner.run(SuiteRunner.java:286)
at org.testng.SuiteRunnerWorker.runSuite(SuiteRunnerWorker.java:53)
at org.testng.SuiteRunnerWorker.run(SuiteRunnerWorker.java:96)
at org.testng.TestNG.runSuitesSequentially(TestNG.java:1187)
at org.testng.TestNG.runSuitesLocally(TestNG.java:1109)
at org.testng.TestNG.runSuites(TestNG.java:1039)
at org.testng.TestNG.run(TestNG.java:1007)
at org.apache.maven.surefire.testng.TestNGExecutor.run(TestNGExecutor.java:77)
at org.apache.maven.surefire.testng.TestNGDirectoryTestSuite.executeMulti(TestNGDirectoryTestSuite.java:159)
at org.apache.maven.surefire.testng.TestNGDirectoryTestSuite.execute(TestNGDirectoryTestSuite.java:99)
at org.apache.maven.surefire.testng.TestNGProvider.invoke(TestNGProvider.java:106)
at sun.reflect.NativeMethodAccessorImpl.invoke0(Native Method)
at sun.reflect.NativeMethodAccessorImpl.invoke(NativeMethodAccessorImpl.java:62)
at sun.reflect.DelegatingMethodAccessorImpl.invoke(DelegatingMethodAccessorImpl.java:43)
at java.lang.reflect.Method.invoke(Method.java:498)
at org.apache.maven.surefire.util.ReflectionUtils.invokeMethodWithArray(ReflectionUtils.java:189)
at org.apache.maven.surefire.booter.ProviderFactory$ProviderProxy.invoke(ProviderFactory.java:165)
at org.apache.maven.surefire.booter.ProviderFactory.invokeProvider(ProviderFactory.java:85)
at org.apache.maven.surefire.booter.ForkedBooter.runSuitesInProcess(ForkedBooter.java:115)
at org.apache.maven.surefire.booter.ForkedBooter.main(ForkedBooter.java:75)
]]>
            </full-stacktrace>
          </exception> <!-- java.lang.IllegalArgumentException -->
          <reporter-output>
          </reporter-output>
        </test-method> <!-- testDeleteCorpusSchemaNoOptions -->
        <test-method status="PASS" signature="tearDownMockServer()[pri:0, instance:com.ibm.watson.health.iml.v1.unit.InsightsForMedicalLiteratureServiceTest@7348e75e]" name="tearDownMockServer" is-config="true" duration-ms="6" started-at="2020-05-08T01:41:05 GMT" finished-at="2020-05-08T01:41:05 GMT">
          <reporter-output>
          </reporter-output>
        </test-method> <!-- tearDownMockServer -->
        <test-method status="PASS" signature="afterPowerMockTestMethod()[pri:0, instance:com.ibm.watson.health.iml.v1.unit.InsightsForMedicalLiteratureServiceTest@7348e75e]" name="afterPowerMockTestMethod" is-config="true" duration-ms="2" started-at="2020-05-08T01:41:05 GMT" finished-at="2020-05-08T01:41:05 GMT">
          <reporter-output>
          </reporter-output>
        </test-method> <!-- afterPowerMockTestMethod -->
        <test-method status="PASS" signature="beforePowerMockTestMethod()[pri:0, instance:com.ibm.watson.health.iml.v1.unit.InsightsForMedicalLiteratureServiceTest@7348e75e]" name="beforePowerMockTestMethod" is-config="true" duration-ms="1" started-at="2020-05-08T01:41:05 GMT" finished-at="2020-05-08T01:41:05 GMT">
          <reporter-output>
          </reporter-output>
        </test-method> <!-- beforePowerMockTestMethod -->
        <test-method status="PASS" signature="setUpMockServer()[pri:0, instance:com.ibm.watson.health.iml.v1.unit.InsightsForMedicalLiteratureServiceTest@7348e75e]" name="setUpMockServer" is-config="true" duration-ms="4" started-at="2020-05-08T01:41:05 GMT" finished-at="2020-05-08T01:41:05 GMT">
          <reporter-output>
          </reporter-output>
        </test-method> <!-- setUpMockServer -->
        <test-method status="PASS" signature="testDeleteCorpusSchemaWOptions()[pri:0, instance:com.ibm.watson.health.iml.v1.unit.InsightsForMedicalLiteratureServiceTest@7348e75e]" name="testDeleteCorpusSchemaWOptions" duration-ms="54" started-at="2020-05-08T01:41:05 GMT" finished-at="2020-05-08T01:41:05 GMT">
          <reporter-output>
          </reporter-output>
        </test-method> <!-- testDeleteCorpusSchemaWOptions -->
        <test-method status="PASS" signature="tearDownMockServer()[pri:0, instance:com.ibm.watson.health.iml.v1.unit.InsightsForMedicalLiteratureServiceTest@7348e75e]" name="tearDownMockServer" is-config="true" duration-ms="7" started-at="2020-05-08T01:41:05 GMT" finished-at="2020-05-08T01:41:05 GMT">
          <reporter-output>
          </reporter-output>
        </test-method> <!-- tearDownMockServer -->
        <test-method status="PASS" signature="afterPowerMockTestMethod()[pri:0, instance:com.ibm.watson.health.iml.v1.unit.InsightsForMedicalLiteratureServiceTest@7348e75e]" name="afterPowerMockTestMethod" is-config="true" duration-ms="1" started-at="2020-05-08T01:41:05 GMT" finished-at="2020-05-08T01:41:05 GMT">
          <reporter-output>
          </reporter-output>
        </test-method> <!-- afterPowerMockTestMethod -->
        <test-method status="PASS" signature="beforePowerMockTestMethod()[pri:0, instance:com.ibm.watson.health.iml.v1.unit.InsightsForMedicalLiteratureServiceTest@7348e75e]" name="beforePowerMockTestMethod" is-config="true" duration-ms="1" started-at="2020-05-08T01:41:05 GMT" finished-at="2020-05-08T01:41:05 GMT">
          <reporter-output>
          </reporter-output>
        </test-method> <!-- beforePowerMockTestMethod -->
        <test-method status="PASS" signature="setUpMockServer()[pri:0, instance:com.ibm.watson.health.iml.v1.unit.InsightsForMedicalLiteratureServiceTest@7348e75e]" name="setUpMockServer" is-config="true" duration-ms="2" started-at="2020-05-08T01:41:05 GMT" finished-at="2020-05-08T01:41:05 GMT">
          <reporter-output>
          </reporter-output>
        </test-method> <!-- setUpMockServer -->
        <test-method status="PASS" signature="testEnableCorpusSearchTrackingWOptions()[pri:0, instance:com.ibm.watson.health.iml.v1.unit.InsightsForMedicalLiteratureServiceTest@7348e75e]" name="testEnableCorpusSearchTrackingWOptions" duration-ms="66" started-at="2020-05-08T01:41:05 GMT" finished-at="2020-05-08T01:41:05 GMT">
          <reporter-output>
          </reporter-output>
        </test-method> <!-- testEnableCorpusSearchTrackingWOptions -->
        <test-method status="PASS" signature="tearDownMockServer()[pri:0, instance:com.ibm.watson.health.iml.v1.unit.InsightsForMedicalLiteratureServiceTest@7348e75e]" name="tearDownMockServer" is-config="true" duration-ms="2" started-at="2020-05-08T01:41:05 GMT" finished-at="2020-05-08T01:41:05 GMT">
          <reporter-output>
          </reporter-output>
        </test-method> <!-- tearDownMockServer -->
        <test-method status="PASS" signature="afterPowerMockTestMethod()[pri:0, instance:com.ibm.watson.health.iml.v1.unit.InsightsForMedicalLiteratureServiceTest@7348e75e]" name="afterPowerMockTestMethod" is-config="true" duration-ms="1" started-at="2020-05-08T01:41:05 GMT" finished-at="2020-05-08T01:41:05 GMT">
          <reporter-output>
          </reporter-output>
        </test-method> <!-- afterPowerMockTestMethod -->
        <test-method status="PASS" signature="beforePowerMockTestMethod()[pri:0, instance:com.ibm.watson.health.iml.v1.unit.InsightsForMedicalLiteratureServiceTest@7348e75e]" name="beforePowerMockTestMethod" is-config="true" duration-ms="1" started-at="2020-05-08T01:41:05 GMT" finished-at="2020-05-08T01:41:05 GMT">
          <reporter-output>
          </reporter-output>
        </test-method> <!-- beforePowerMockTestMethod -->
        <test-method status="PASS" signature="setUpMockServer()[pri:0, instance:com.ibm.watson.health.iml.v1.unit.InsightsForMedicalLiteratureServiceTest@7348e75e]" name="setUpMockServer" is-config="true" duration-ms="1" started-at="2020-05-08T01:41:05 GMT" finished-at="2020-05-08T01:41:05 GMT">
          <reporter-output>
          </reporter-output>
        </test-method> <!-- setUpMockServer -->
        <test-method status="PASS" signature="testGetConceptsNoOptions()[pri:0, instance:com.ibm.watson.health.iml.v1.unit.InsightsForMedicalLiteratureServiceTest@7348e75e]" name="testGetConceptsNoOptions" duration-ms="8" started-at="2020-05-08T01:41:05 GMT" finished-at="2020-05-08T01:41:05 GMT">
          <exception class="java.lang.IllegalArgumentException">
            <message>
              <![CDATA[getConceptsOptions cannot be null]]>
            </message>
            <full-stacktrace>
              <![CDATA[java.lang.IllegalArgumentException: getConceptsOptions cannot be null
at com.ibm.cloud.sdk.core.util.Validator.notNull(Validator.java:97)
at com.ibm.watson.health.iml.v1.InsightsForMedicalLiteratureService.getConcepts(InsightsForMedicalLiteratureService.java:1067)
at com.ibm.watson.health.iml.v1.unit.InsightsForMedicalLiteratureServiceTest.testGetConceptsNoOptions(InsightsForMedicalLiteratureServiceTest.java:1289)
at sun.reflect.NativeMethodAccessorImpl.invoke0(Native Method)
at sun.reflect.NativeMethodAccessorImpl.invoke(NativeMethodAccessorImpl.java:62)
at sun.reflect.DelegatingMethodAccessorImpl.invoke(DelegatingMethodAccessorImpl.java:43)
at java.lang.reflect.Method.invoke(Method.java:498)
at org.testng.internal.MethodInvocationHelper.invokeMethod(MethodInvocationHelper.java:134)
at org.testng.internal.TestInvoker.invokeMethod(TestInvoker.java:597)
at org.testng.internal.TestInvoker.invokeTestMethod(TestInvoker.java:173)
at org.testng.internal.MethodRunner.runInSequence(MethodRunner.java:46)
at org.testng.internal.TestInvoker$MethodInvocationAgent.invoke(TestInvoker.java:816)
at org.testng.internal.TestInvoker.invokeTestMethods(TestInvoker.java:146)
at org.testng.internal.TestMethodWorker.invokeTestMethods(TestMethodWorker.java:146)
at org.testng.internal.TestMethodWorker.run(TestMethodWorker.java:128)
at java.util.ArrayList.forEach(ArrayList.java:1257)
at org.testng.TestRunner.privateRun(TestRunner.java:766)
at org.testng.TestRunner.run(TestRunner.java:587)
at org.testng.SuiteRunner.runTest(SuiteRunner.java:384)
at org.testng.SuiteRunner.runSequentially(SuiteRunner.java:378)
at org.testng.SuiteRunner.privateRun(SuiteRunner.java:337)
at org.testng.SuiteRunner.run(SuiteRunner.java:286)
at org.testng.SuiteRunnerWorker.runSuite(SuiteRunnerWorker.java:53)
at org.testng.SuiteRunnerWorker.run(SuiteRunnerWorker.java:96)
at org.testng.TestNG.runSuitesSequentially(TestNG.java:1187)
at org.testng.TestNG.runSuitesLocally(TestNG.java:1109)
at org.testng.TestNG.runSuites(TestNG.java:1039)
at org.testng.TestNG.run(TestNG.java:1007)
at org.apache.maven.surefire.testng.TestNGExecutor.run(TestNGExecutor.java:77)
at org.apache.maven.surefire.testng.TestNGDirectoryTestSuite.executeMulti(TestNGDirectoryTestSuite.java:159)
at org.apache.maven.surefire.testng.TestNGDirectoryTestSuite.execute(TestNGDirectoryTestSuite.java:99)
at org.apache.maven.surefire.testng.TestNGProvider.invoke(TestNGProvider.java:106)
at sun.reflect.NativeMethodAccessorImpl.invoke0(Native Method)
at sun.reflect.NativeMethodAccessorImpl.invoke(NativeMethodAccessorImpl.java:62)
at sun.reflect.DelegatingMethodAccessorImpl.invoke(DelegatingMethodAccessorImpl.java:43)
at java.lang.reflect.Method.invoke(Method.java:498)
at org.apache.maven.surefire.util.ReflectionUtils.invokeMethodWithArray(ReflectionUtils.java:189)
at org.apache.maven.surefire.booter.ProviderFactory$ProviderProxy.invoke(ProviderFactory.java:165)
at org.apache.maven.surefire.booter.ProviderFactory.invokeProvider(ProviderFactory.java:85)
at org.apache.maven.surefire.booter.ForkedBooter.runSuitesInProcess(ForkedBooter.java:115)
at org.apache.maven.surefire.booter.ForkedBooter.main(ForkedBooter.java:75)
]]>
            </full-stacktrace>
          </exception> <!-- java.lang.IllegalArgumentException -->
          <reporter-output>
          </reporter-output>
        </test-method> <!-- testGetConceptsNoOptions -->
        <test-method status="PASS" signature="tearDownMockServer()[pri:0, instance:com.ibm.watson.health.iml.v1.unit.InsightsForMedicalLiteratureServiceTest@7348e75e]" name="tearDownMockServer" is-config="true" duration-ms="13" started-at="2020-05-08T01:41:05 GMT" finished-at="2020-05-08T01:41:05 GMT">
          <reporter-output>
          </reporter-output>
        </test-method> <!-- tearDownMockServer -->
        <test-method status="PASS" signature="afterPowerMockTestMethod()[pri:0, instance:com.ibm.watson.health.iml.v1.unit.InsightsForMedicalLiteratureServiceTest@7348e75e]" name="afterPowerMockTestMethod" is-config="true" duration-ms="1" started-at="2020-05-08T01:41:05 GMT" finished-at="2020-05-08T01:41:05 GMT">
          <reporter-output>
          </reporter-output>
        </test-method> <!-- afterPowerMockTestMethod -->
        <test-method status="PASS" signature="beforePowerMockTestMethod()[pri:0, instance:com.ibm.watson.health.iml.v1.unit.InsightsForMedicalLiteratureServiceTest@7348e75e]" name="beforePowerMockTestMethod" is-config="true" duration-ms="1" started-at="2020-05-08T01:41:05 GMT" finished-at="2020-05-08T01:41:05 GMT">
          <reporter-output>
          </reporter-output>
        </test-method> <!-- beforePowerMockTestMethod -->
        <test-method status="PASS" signature="setUpMockServer()[pri:0, instance:com.ibm.watson.health.iml.v1.unit.InsightsForMedicalLiteratureServiceTest@7348e75e]" name="setUpMockServer" is-config="true" duration-ms="9" started-at="2020-05-08T01:41:05 GMT" finished-at="2020-05-08T01:41:05 GMT">
          <reporter-output>
          </reporter-output>
        </test-method> <!-- setUpMockServer -->
        <test-method status="PASS" signature="testGetConceptsWOptions()[pri:0, instance:com.ibm.watson.health.iml.v1.unit.InsightsForMedicalLiteratureServiceTest@7348e75e]" name="testGetConceptsWOptions" duration-ms="69" started-at="2020-05-08T01:41:05 GMT" finished-at="2020-05-08T01:41:05 GMT">
          <reporter-output>
          </reporter-output>
        </test-method> <!-- testGetConceptsWOptions -->
        <test-method status="PASS" signature="tearDownMockServer()[pri:0, instance:com.ibm.watson.health.iml.v1.unit.InsightsForMedicalLiteratureServiceTest@7348e75e]" name="tearDownMockServer" is-config="true" duration-ms="2" started-at="2020-05-08T01:41:05 GMT" finished-at="2020-05-08T01:41:05 GMT">
          <reporter-output>
          </reporter-output>
        </test-method> <!-- tearDownMockServer -->
        <test-method status="PASS" signature="afterPowerMockTestMethod()[pri:0, instance:com.ibm.watson.health.iml.v1.unit.InsightsForMedicalLiteratureServiceTest@7348e75e]" name="afterPowerMockTestMethod" is-config="true" duration-ms="0" started-at="2020-05-08T01:41:05 GMT" finished-at="2020-05-08T01:41:05 GMT">
          <reporter-output>
          </reporter-output>
        </test-method> <!-- afterPowerMockTestMethod -->
        <test-method status="PASS" signature="beforePowerMockTestMethod()[pri:0, instance:com.ibm.watson.health.iml.v1.unit.InsightsForMedicalLiteratureServiceTest@7348e75e]" name="beforePowerMockTestMethod" is-config="true" duration-ms="1" started-at="2020-05-08T01:41:05 GMT" finished-at="2020-05-08T01:41:05 GMT">
          <reporter-output>
          </reporter-output>
        </test-method> <!-- beforePowerMockTestMethod -->
        <test-method status="PASS" signature="setUpMockServer()[pri:0, instance:com.ibm.watson.health.iml.v1.unit.InsightsForMedicalLiteratureServiceTest@7348e75e]" name="setUpMockServer" is-config="true" duration-ms="1" started-at="2020-05-08T01:41:05 GMT" finished-at="2020-05-08T01:41:05 GMT">
          <reporter-output>
          </reporter-output>
        </test-method> <!-- setUpMockServer -->
        <test-method status="PASS" signature="testGetCorporaConfigWOptions()[pri:0, instance:com.ibm.watson.health.iml.v1.unit.InsightsForMedicalLiteratureServiceTest@7348e75e]" name="testGetCorporaConfigWOptions" duration-ms="69" started-at="2020-05-08T01:41:05 GMT" finished-at="2020-05-08T01:41:05 GMT">
          <reporter-output>
          </reporter-output>
        </test-method> <!-- testGetCorporaConfigWOptions -->
        <test-method status="PASS" signature="tearDownMockServer()[pri:0, instance:com.ibm.watson.health.iml.v1.unit.InsightsForMedicalLiteratureServiceTest@7348e75e]" name="tearDownMockServer" is-config="true" duration-ms="5" started-at="2020-05-08T01:41:05 GMT" finished-at="2020-05-08T01:41:05 GMT">
          <reporter-output>
          </reporter-output>
        </test-method> <!-- tearDownMockServer -->
        <test-method status="PASS" signature="afterPowerMockTestMethod()[pri:0, instance:com.ibm.watson.health.iml.v1.unit.InsightsForMedicalLiteratureServiceTest@7348e75e]" name="afterPowerMockTestMethod" is-config="true" duration-ms="1" started-at="2020-05-08T01:41:05 GMT" finished-at="2020-05-08T01:41:05 GMT">
          <reporter-output>
          </reporter-output>
        </test-method> <!-- afterPowerMockTestMethod -->
        <test-method status="PASS" signature="beforePowerMockTestMethod()[pri:0, instance:com.ibm.watson.health.iml.v1.unit.InsightsForMedicalLiteratureServiceTest@7348e75e]" name="beforePowerMockTestMethod" is-config="true" duration-ms="0" started-at="2020-05-08T01:41:05 GMT" finished-at="2020-05-08T01:41:05 GMT">
          <reporter-output>
          </reporter-output>
        </test-method> <!-- beforePowerMockTestMethod -->
        <test-method status="PASS" signature="setUpMockServer()[pri:0, instance:com.ibm.watson.health.iml.v1.unit.InsightsForMedicalLiteratureServiceTest@7348e75e]" name="setUpMockServer" is-config="true" duration-ms="1" started-at="2020-05-08T01:41:05 GMT" finished-at="2020-05-08T01:41:05 GMT">
          <reporter-output>
          </reporter-output>
        </test-method> <!-- setUpMockServer -->
        <test-method status="PASS" signature="testGetCorpusConfigNoOptions()[pri:0, instance:com.ibm.watson.health.iml.v1.unit.InsightsForMedicalLiteratureServiceTest@7348e75e]" name="testGetCorpusConfigNoOptions" duration-ms="7" started-at="2020-05-08T01:41:05 GMT" finished-at="2020-05-08T01:41:05 GMT">
          <exception class="java.lang.IllegalArgumentException">
            <message>
              <![CDATA[getCorpusConfigOptions cannot be null]]>
            </message>
            <full-stacktrace>
              <![CDATA[java.lang.IllegalArgumentException: getCorpusConfigOptions cannot be null
at com.ibm.cloud.sdk.core.util.Validator.notNull(Validator.java:97)
at com.ibm.watson.health.iml.v1.InsightsForMedicalLiteratureService.getCorpusConfig(InsightsForMedicalLiteratureService.java:820)
[...]
        <test-method status="PASS" signature="testCorporaConfig()[pri:0, instance:com.ibm.watson.health.iml.v1.model.CorporaConfigTest@105fe81e]" name="testCorporaConfig" duration-ms="2" started-at="2020-05-08T01:40:58 GMT" finished-at="2020-05-08T01:40:58 GMT">
          <reporter-output>
          </reporter-output>
        </test-method> <!-- testCorporaConfig -->
      </class> <!-- com.ibm.watson.health.iml.v1.model.CorporaConfigTest -->
      <class name="com.ibm.watson.health.iml.v1.model.ServiceStatusTest">
        <test-method status="PASS" signature="testServiceStatus()[pri:0, instance:com.ibm.watson.health.iml.v1.model.ServiceStatusTest@46290193]" name="testServiceStatus" duration-ms="2" started-at="2020-05-08T01:40:58 GMT" finished-at="2020-05-08T01:40:58 GMT">
          <reporter-output>
          </reporter-output>
        </test-method> <!-- testServiceStatus -->
      </class> <!-- com.ibm.watson.health.iml.v1.model.ServiceStatusTest -->
      <class name="com.ibm.watson.health.iml.v1.model.SearchModelTest">
        <test-method status="PASS" signature="testSearchModel()[pri:0, instance:com.ibm.watson.health.iml.v1.model.SearchModelTest@787a4519]" name="testSearchModel" duration-ms="3" started-at="2020-05-08T01:40:58 GMT" finished-at="2020-05-08T01:40:58 GMT">
          <reporter-output>
          </reporter-output>
        </test-method> <!-- testSearchModel -->
      </class> <!-- com.ibm.watson.health.iml.v1.model.SearchModelTest -->
      <class name="com.ibm.watson.health.iml.v1.model.TextSpanTest">
        <test-method status="PASS" signature="testTextSpan()[pri:0, instance:com.ibm.watson.health.iml.v1.model.TextSpanTest@5b71af0d]" name="testTextSpan" duration-ms="1" started-at="2020-05-08T01:40:58 GMT" finished-at="2020-05-08T01:40:58 GMT">
          <reporter-output>
          </reporter-output>
        </test-method> <!-- testTextSpan -->
      </class> <!-- com.ibm.watson.health.iml.v1.model.TextSpanTest -->
      <class name="com.ibm.watson.health.iml.v1.model.StatisticsModelTest">
        <test-method status="PASS" signature="testStatisticsModel()[pri:0, instance:com.ibm.watson.health.iml.v1.model.StatisticsModelTest@3ee68eb2]" name="testStatisticsModel" duration-ms="1" started-at="2020-05-08T01:40:58 GMT" finished-at="2020-05-08T01:40:58 GMT">
          <reporter-output>
          </reporter-output>
        </test-method> <!-- testStatisticsModel -->
      </class> <!-- com.ibm.watson.health.iml.v1.model.StatisticsModelTest -->
      <class name="com.ibm.watson.health.iml.v1.model.EntryModelTest">
        <test-method status="PASS" signature="testEntryModel()[pri:0, instance:com.ibm.watson.health.iml.v1.model.EntryModelTest@35c95869]" name="testEntryModel" duration-ms="13" started-at="2020-05-08T01:40:58 GMT" finished-at="2020-05-08T01:40:58 GMT">
          <reporter-output>
          </reporter-output>
        </test-method> <!-- testEntryModel -->
      </class> <!-- com.ibm.watson.health.iml.v1.model.EntryModelTest -->
      <class name="com.ibm.watson.health.iml.v1.model.PassageTest">
        <test-method status="PASS" signature="testPassage()[pri:0, instance:com.ibm.watson.health.iml.v1.model.PassageTest@4769537a]" name="testPassage" duration-ms="1" started-at="2020-05-08T01:40:58 GMT" finished-at="2020-05-08T01:40:58 GMT">
          <reporter-output>
          </reporter-output>
        </test-method> <!-- testPassage -->
      </class> <!-- com.ibm.watson.health.iml.v1.model.PassageTest -->
      <class name="com.ibm.watson.health.iml.v1.model.MatchEntryTest">
        <test-method status="PASS" signature="testMatchEntry()[pri:0, instance:com.ibm.watson.health.iml.v1.model.MatchEntryTest@fe09374]" name="testMatchEntry" duration-ms="1" started-at="2020-05-08T01:40:58 GMT" finished-at="2020-05-08T01:40:58 GMT">
          <reporter-output>
          </reporter-output>
        </test-method> <!-- testMatchEntry -->
      </class> <!-- com.ibm.watson.health.iml.v1.model.MatchEntryTest -->
      <class name="com.ibm.watson.health.iml.v1.model.BoolOperandTest">
        <test-method status="PASS" signature="testBoolOperand()[pri:0, instance:com.ibm.watson.health.iml.v1.model.BoolOperandTest@35d3202b]" name="testBoolOperand" duration-ms="1" started-at="2020-05-08T01:40:58 GMT" finished-at="2020-05-08T01:40:58 GMT">
          <reporter-output>
          </reporter-output>
        </test-method> <!-- testBoolOperand -->
      </class> <!-- com.ibm.watson.health.iml.v1.model.BoolOperandTest -->
      <class name="com.ibm.watson.health.iml.v1.model.GetCuiInfoOptionsTest">
        <test-method status="PASS" signature="testGetCuiInfoOptions()[pri:0, instance:com.ibm.watson.health.iml.v1.model.GetCuiInfoOptionsTest@558aa1f1]" name="testGetCuiInfoOptions" duration-ms="9" started-at="2020-05-08T01:40:58 GMT" finished-at="2020-05-08T01:40:58 GMT">
          <reporter-output>
          </reporter-output>
        </test-method> <!-- testGetCuiInfoOptions -->
        <test-method status="PASS" signature="testGetCuiInfoOptionsError()[pri:0, instance:com.ibm.watson.health.iml.v1.model.GetCuiInfoOptionsTest@558aa1f1]" name="testGetCuiInfoOptionsError" duration-ms="0" started-at="2020-05-08T01:40:58 GMT" finished-at="2020-05-08T01:40:58 GMT">
          <exception class="java.lang.IllegalArgumentException">
            <message>
              <![CDATA[corpus cannot be empty]]>
            </message>
            <full-stacktrace>
              <![CDATA[java.lang.IllegalArgumentException: corpus cannot be empty
at com.ibm.cloud.sdk.core.util.Validator.notEmpty(Validator.java:84)
at com.ibm.watson.health.iml.v1.model.GetCuiInfoOptions.<init>(GetCuiInfoOptions.java:129)
at com.ibm.watson.health.iml.v1.model.GetCuiInfoOptions$Builder.build(GetCuiInfoOptions.java:69)
at com.ibm.watson.health.iml.v1.model.GetCuiInfoOptionsTest.testGetCuiInfoOptionsError(GetCuiInfoOptionsTest.java:53)
at sun.reflect.NativeMethodAccessorImpl.invoke0(Native Method)
at sun.reflect.NativeMethodAccessorImpl.invoke(NativeMethodAccessorImpl.java:62)
at sun.reflect.DelegatingMethodAccessorImpl.invoke(DelegatingMethodAccessorImpl.java:43)
at java.lang.reflect.Method.invoke(Method.java:498)
at org.testng.internal.MethodInvocationHelper.invokeMethod(MethodInvocationHelper.java:134)
at org.testng.internal.TestInvoker.invokeMethod(TestInvoker.java:597)
at org.testng.internal.TestInvoker.invokeTestMethod(TestInvoker.java:173)
at org.testng.internal.MethodRunner.runInSequence(MethodRunner.java:46)
at org.testng.internal.TestInvoker$MethodInvocationAgent.invoke(TestInvoker.java:816)
at org.testng.internal.TestInvoker.invokeTestMethods(TestInvoker.java:146)
at org.testng.internal.TestMethodWorker.invokeTestMethods(TestMethodWorker.java:146)
at org.testng.internal.TestMethodWorker.run(TestMethodWorker.java:128)
at java.util.ArrayList.forEach(ArrayList.java:1257)
at org.testng.TestRunner.privateRun(TestRunner.java:766)
at org.testng.TestRunner.run(TestRunner.java:587)
at org.testng.SuiteRunner.runTest(SuiteRunner.java:384)
at org.testng.SuiteRunner.runSequentially(SuiteRunner.java:378)
at org.testng.SuiteRunner.privateRun(SuiteRunner.java:337)
at org.testng.SuiteRunner.run(SuiteRunner.java:286)
at org.testng.SuiteRunnerWorker.runSuite(SuiteRunnerWorker.java:53)
at org.testng.SuiteRunnerWorker.run(SuiteRunnerWorker.java:96)
at org.testng.TestNG.runSuitesSequentially(TestNG.java:1187)
at org.testng.TestNG.runSuitesLocally(TestNG.java:1109)
at org.testng.TestNG.runSuites(TestNG.java:1039)
at org.testng.TestNG.run(TestNG.java:1007)
at org.apache.maven.surefire.testng.TestNGExecutor.run(TestNGExecutor.java:77)
at org.apache.maven.surefire.testng.TestNGDirectoryTestSuite.executeMulti(TestNGDirectoryTestSuite.java:159)
at org.apache.maven.surefire.testng.TestNGDirectoryTestSuite.execute(TestNGDirectoryTestSuite.java:99)
at org.apache.maven.surefire.testng.TestNGProvider.invoke(TestNGProvider.java:106)
at sun.reflect.NativeMethodAccessorImpl.invoke0(Native Method)
at sun.reflect.NativeMethodAccessorImpl.invoke(NativeMethodAccessorImpl.java:62)
at sun.reflect.DelegatingMethodAccessorImpl.invoke(DelegatingMethodAccessorImpl.java:43)
at java.lang.reflect.Method.invoke(Method.java:498)
at org.apache.maven.surefire.util.ReflectionUtils.invokeMethodWithArray(ReflectionUtils.java:189)
at org.apache.maven.surefire.booter.ProviderFactory$ProviderProxy.invoke(ProviderFactory.java:165)
at org.apache.maven.surefire.booter.ProviderFactory.invokeProvider(ProviderFactory.java:85)
at org.apache.maven.surefire.booter.ForkedBooter.runSuitesInProcess(ForkedBooter.java:115)
at org.apache.maven.surefire.booter.ForkedBooter.main(ForkedBooter.java:75)
]]>
            </full-stacktrace>
          </exception> <!-- java.lang.IllegalArgumentException -->
          <reporter-output>
          </reporter-output>
        </test-method> <!-- testGetCuiInfoOptionsError -->
      </class> <!-- com.ibm.watson.health.iml.v1.model.GetCuiInfoOptionsTest -->
      <class name="com.ibm.watson.health.iml.v1.model.CountTest">
        <test-method status="PASS" signature="testCount()[pri:0, instance:com.ibm.watson.health.iml.v1.model.CountTest@bf18412]" name="testCount" duration-ms="2" started-at="2020-05-08T01:40:58 GMT" finished-at="2020-05-08T01:40:58 GMT">
          <reporter-output>
          </reporter-output>
        </test-method> <!-- testCount -->
      </class> <!-- com.ibm.watson.health.iml.v1.model.CountTest -->
      <class name="com.ibm.watson.health.iml.v1.model.RelatedConceptModelTest">
        <test-method status="PASS" signature="testRelatedConceptModel()[pri:0, instance:com.ibm.watson.health.iml.v1.model.RelatedConceptModelTest@5759edff]" name="testRelatedConceptModel" duration-ms="2" started-at="2020-05-08T01:40:58 GMT" finished-at="2020-05-08T01:40:58 GMT">
          <reporter-output>
          </reporter-output>
        </test-method> <!-- testRelatedConceptModel -->
      </class> <!-- com.ibm.watson.health.iml.v1.model.RelatedConceptModelTest -->
      <class name="com.ibm.watson.health.iml.v1.model.GetHitCountOptionsTest">
        <test-method status="PASS" signature="testGetHitCountOptions()[pri:0, instance:com.ibm.watson.health.iml.v1.model.GetHitCountOptionsTest@7741507c]" name="testGetHitCountOptions" duration-ms="3" started-at="2020-05-08T01:40:58 GMT" finished-at="2020-05-08T01:40:58 GMT">
          <reporter-output>
          </reporter-output>
        </test-method> <!-- testGetHitCountOptions -->
        <test-method status="PASS" signature="testGetHitCountOptionsError()[pri:0, instance:com.ibm.watson.health.iml.v1.model.GetHitCountOptionsTest@7741507c]" name="testGetHitCountOptionsError" duration-ms="1" started-at="2020-05-08T01:40:58 GMT" finished-at="2020-05-08T01:40:58 GMT">
          <exception class="java.lang.IllegalArgumentException">
            <message>
              <![CDATA[corpus cannot be empty]]>
            </message>
            <full-stacktrace>
              <![CDATA[java.lang.IllegalArgumentException: corpus cannot be empty
at com.ibm.cloud.sdk.core.util.Validator.notEmpty(Validator.java:84)
at com.ibm.watson.health.iml.v1.model.GetHitCountOptions.<init>(GetHitCountOptions.java:101)
at com.ibm.watson.health.iml.v1.model.GetHitCountOptions$Builder.build(GetHitCountOptions.java:63)
at com.ibm.watson.health.iml.v1.model.GetHitCountOptionsTest.testGetHitCountOptionsError(GetHitCountOptionsTest.java:49)
at sun.reflect.NativeMethodAccessorImpl.invoke0(Native Method)
at sun.reflect.NativeMethodAccessorImpl.invoke(NativeMethodAccessorImpl.java:62)
at sun.reflect.DelegatingMethodAccessorImpl.invoke(DelegatingMethodAccessorImpl.java:43)
at java.lang.reflect.Method.invoke(Method.java:498)
at org.testng.internal.MethodInvocationHelper.invokeMethod(MethodInvocationHelper.java:134)
at org.testng.internal.TestInvoker.invokeMethod(TestInvoker.java:597)
at org.testng.internal.TestInvoker.invokeTestMethod(TestInvoker.java:173)
at org.testng.internal.MethodRunner.runInSequence(MethodRunner.java:46)
at org.testng.internal.TestInvoker$MethodInvocationAgent.invoke(TestInvoker.java:816)
at org.testng.internal.TestInvoker.invokeTestMethods(TestInvoker.java:146)
at org.testng.internal.TestMethodWorker.invokeTestMethods(TestMethodWorker.java:146)
at org.testng.internal.TestMethodWorker.run(TestMethodWorker.java:128)
at java.util.ArrayList.forEach(ArrayList.java:1257)
at org.testng.TestRunner.privateRun(TestRunner.java:766)
at org.testng.TestRunner.run(TestRunner.java:587)
at org.testng.SuiteRunner.runTest(SuiteRunner.java:384)
at org.testng.SuiteRunner.runSequentially(SuiteRunner.java:378)
at org.testng.SuiteRunner.privateRun(SuiteRunner.java:337)
at org.testng.SuiteRunner.run(SuiteRunner.java:286)
at org.testng.SuiteRunnerWorker.runSuite(SuiteRunnerWorker.java:53)
at org.testng.SuiteRunnerWorker.run(SuiteRunnerWorker.java:96)
at org.testng.TestNG.runSuitesSequentially(TestNG.java:1187)
at org.testng.TestNG.runSuitesLocally(TestNG.java:1109)
at org.testng.TestNG.runSuites(TestNG.java:1039)
at org.testng.TestNG.run(TestNG.java:1007)
at org.apache.maven.surefire.testng.TestNGExecutor.run(TestNGExecutor.java:77)
at org.apache.maven.surefire.testng.TestNGDirectoryTestSuite.executeMulti(TestNGDirectoryTestSuite.java:159)
at org.apache.maven.surefire.testng.TestNGDirectoryTestSuite.execute(TestNGDirectoryTestSuite.java:99)
at org.apache.maven.surefire.testng.TestNGProvider.invoke(TestNGProvider.java:106)
at sun.reflect.NativeMethodAccessorImpl.invoke0(Native Method)
at sun.reflect.NativeMethodAccessorImpl.invoke(NativeMethodAccessorImpl.java:62)
at sun.reflect.DelegatingMethodAccessorImpl.invoke(DelegatingMethodAccessorImpl.java:43)
at java.lang.reflect.Method.invoke(Method.java:498)
at org.apache.maven.surefire.util.ReflectionUtils.invokeMethodWithArray(ReflectionUtils.java:189)
at org.apache.maven.surefire.booter.ProviderFactory$ProviderProxy.invoke(ProviderFactory.java:165)
at org.apache.maven.surefire.booter.ProviderFactory.invokeProvider(ProviderFactory.java:85)
at org.apache.maven.surefire.booter.ForkedBooter.runSuitesInProcess(ForkedBooter.java:115)
at org.apache.maven.surefire.booter.ForkedBooter.main(ForkedBooter.java:75)
]]>
            </full-stacktrace>
          </exception> <!-- java.lang.IllegalArgumentException -->
          <reporter-output>
          </reporter-output>
        </test-method> <!-- testGetHitCountOptionsError -->
      </class> <!-- com.ibm.watson.health.iml.v1.model.GetHitCountOptionsTest -->
      <class name="com.ibm.watson.health.iml.v1.model.RankedDocumentTest">
        <test-method status="PASS" signature="testRankedDocument()[pri:0, instance:com.ibm.watson.health.iml.v1.model.RankedDocumentTest@af94b0b]" name="testRankedDocument" duration-ms="2" started-at="2020-05-08T01:40:58 GMT" finished-at="2020-05-08T01:40:58 GMT">
          <reporter-output>
          </reporter-output>
        </test-method> <!-- testRankedDocument -->
      </class> <!-- com.ibm.watson.health.iml.v1.model.RankedDocumentTest -->
      <class name="com.ibm.watson.health.iml.v1.model.SearchOptionsTest">
        <test-method status="PASS" signature="testSearchOptions()[pri:0, instance:com.ibm.watson.health.iml.v1.model.SearchOptionsTest@299ddfff]" name="testSearchOptions" duration-ms="3" started-at="2020-05-08T01:40:58 GMT" finished-at="2020-05-08T01:40:58 GMT">
          <reporter-output>
          </reporter-output>
        </test-method> <!-- testSearchOptions -->
        <test-method status="PASS" signature="testSearchOptionsError()[pri:0, instance:com.ibm.watson.health.iml.v1.model.SearchOptionsTest@299ddfff]" name="testSearchOptionsError" duration-ms="0" started-at="2020-05-08T01:40:58 GMT" finished-at="2020-05-08T01:40:58 GMT">
          <exception class="java.lang.IllegalArgumentException">
            <message>
              <![CDATA[corpus cannot be empty]]>
            </message>
            <full-stacktrace>
              <![CDATA[java.lang.IllegalArgumentException: corpus cannot be empty
at com.ibm.cloud.sdk.core.util.Validator.notEmpty(Validator.java:84)
at com.ibm.watson.health.iml.v1.model.SearchOptions.<init>(SearchOptions.java:118)
at com.ibm.watson.health.iml.v1.model.SearchOptions$Builder.build(SearchOptions.java:69)
at com.ibm.watson.health.iml.v1.model.SearchOptionsTest.testSearchOptionsError(SearchOptionsTest.java:49)
at sun.reflect.NativeMethodAccessorImpl.invoke0(Native Method)
at sun.reflect.NativeMethodAccessorImpl.invoke(NativeMethodAccessorImpl.java:62)
at sun.reflect.DelegatingMethodAccessorImpl.invoke(DelegatingMethodAccessorImpl.java:43)
at java.lang.reflect.Method.invoke(Method.java:498)
at org.testng.internal.MethodInvocationHelper.invokeMethod(MethodInvocationHelper.java:134)
at org.testng.internal.TestInvoker.invokeMethod(TestInvoker.java:597)
at org.testng.internal.TestInvoker.invokeTestMethod(TestInvoker.java:173)
at org.testng.internal.MethodRunner.runInSequence(MethodRunner.java:46)
at org.testng.internal.TestInvoker$MethodInvocationAgent.invoke(TestInvoker.java:816)
at org.testng.internal.TestInvoker.invokeTestMethods(TestInvoker.java:146)
at org.testng.internal.TestMethodWorker.invokeTestMethods(TestMethodWorker.java:146)
at org.testng.internal.TestMethodWorker.run(TestMethodWorker.java:128)
at java.util.ArrayList.forEach(ArrayList.java:1257)
at org.testng.TestRunner.privateRun(TestRunner.java:766)
at org.testng.TestRunner.run(TestRunner.java:587)
at org.testng.SuiteRunner.runTest(SuiteRunner.java:384)
at org.testng.SuiteRunner.runSequentially(SuiteRunner.java:378)
at org.testng.SuiteRunner.privateRun(SuiteRunner.java:337)
at org.testng.SuiteRunner.run(SuiteRunner.java:286)
at org.testng.SuiteRunnerWorker.runSuite(SuiteRunnerWorker.java:53)
at org.testng.SuiteRunnerWorker.run(SuiteRunnerWorker.java:96)
at org.testng.TestNG.runSuitesSequentially(TestNG.java:1187)
at org.testng.TestNG.runSuitesLocally(TestNG.java:1109)
at org.testng.TestNG.runSuites(TestNG.java:1039)
at org.testng.TestNG.run(TestNG.java:1007)
at org.apache.maven.surefire.testng.TestNGExecutor.run(TestNGExecutor.java:77)
at org.apache.maven.surefire.testng.TestNGDirectoryTestSuite.executeMulti(TestNGDirectoryTestSuite.java:159)
at org.apache.maven.surefire.testng.TestNGDirectoryTestSuite.execute(TestNGDirectoryTestSuite.java:99)
at org.apache.maven.surefire.testng.TestNGProvider.invoke(TestNGProvider.java:106)
at sun.reflect.NativeMethodAccessorImpl.invoke0(Native Method)
at sun.reflect.NativeMethodAccessorImpl.invoke(NativeMethodAccessorImpl.java:62)
at sun.reflect.DelegatingMethodAccessorImpl.invoke(DelegatingMethodAccessorImpl.java:43)
at java.lang.reflect.Method.invoke(Method.java:498)
at org.apache.maven.surefire.util.ReflectionUtils.invokeMethodWithArray(ReflectionUtils.java:189)
at org.apache.maven.surefire.booter.ProviderFactory$ProviderProxy.invoke(ProviderFactory.java:165)
at org.apache.maven.surefire.booter.ProviderFactory.invokeProvider(ProviderFactory.java:85)
at org.apache.maven.surefire.booter.ForkedBooter.runSuitesInProcess(ForkedBooter.java:115)
at org.apache.maven.surefire.booter.ForkedBooter.main(ForkedBooter.java:75)
]]>
            </full-stacktrace>
          </exception> <!-- java.lang.IllegalArgumentException -->
          <reporter-output>
          </reporter-output>
        </test-method> <!-- testSearchOptionsError -->
      </class> <!-- com.ibm.watson.health.iml.v1.model.SearchOptionsTest -->
      <class name="com.ibm.watson.health.iml.v1.model.AnnotationModelTest">
        <test-method status="PASS" signature="testAnnotationModel()[pri:0, instance:com.ibm.watson.health.iml.v1.model.AnnotationModelTest@5da2966]" name="testAnnotationModel" duration-ms="23" started-at="2020-05-08T01:40:58 GMT" finished-at="2020-05-08T01:40:58 GMT">
          <reporter-output>
          </reporter-output>
        </test-method> <!-- testAnnotationModel -->
      </class> <!-- com.ibm.watson.health.iml.v1.model.AnnotationModelTest -->
    </test> <!-- Command line test -->
  </suite> <!-- Command line suite -->
</testng-results>
