<?xml version="1.0" encoding="UTF-8"?>
<testng-results skipped="0" failed="0" ignored="0" total="78" passed="78">
  <reporter-output>
  </reporter-output>
  <suite name="Command line suite" duration-ms="4520" started-at="2020-05-09T00:58:31 GMT" finished-at="2020-05-09T00:58:35 GMT">
    <groups>
    </groups>
    <test name="Command line test" duration-ms="4520" started-at="2020-05-09T00:58:31 GMT" finished-at="2020-05-09T00:58:35 GMT">
      <class name="com.ibm.watson.health.acd.v1.model.AnnotatorFlowTest">
        <test-method status="PASS" signature="testAnnotatorFlow()[pri:0, instance:com.ibm.watson.health.acd.v1.model.AnnotatorFlowTest@cb1c58c]" name="testAnnotatorFlow" duration-ms="1" started-at="2020-05-09T00:58:31 GMT" finished-at="2020-05-09T00:58:31 GMT">
          <reporter-output>
          </reporter-output>
        </test-method> <!-- testAnnotatorFlow -->
      </class> <!-- com.ibm.watson.health.acd.v1.model.AnnotatorFlowTest -->
      <class name="com.ibm.watson.health.acd.v1.model.AnalyticFlowBeanInputTest">
        <test-method status="PASS" signature="testAnalyticFlowBeanInput()[pri:0, instance:com.ibm.watson.health.acd.v1.model.AnalyticFlowBeanInputTest@118e2487]" name="testAnalyticFlowBeanInput" duration-ms="3" started-at="2020-05-09T00:58:31 GMT" finished-at="2020-05-09T00:58:31 GMT">
          <reporter-output>
          </reporter-output>
        </test-method> <!-- testAnalyticFlowBeanInput -->
      </class> <!-- com.ibm.watson.health.acd.v1.model.AnalyticFlowBeanInputTest -->
      <class name="com.ibm.watson.health.acd.v1.model.ServiceStatusTest">
        <test-method status="PASS" signature="testServiceStatus()[pri:0, instance:com.ibm.watson.health.acd.v1.model.ServiceStatusTest@7be859de]" name="testServiceStatus" duration-ms="1" started-at="2020-05-09T00:58:31 GMT" finished-at="2020-05-09T00:58:31 GMT">
          <reporter-output>
          </reporter-output>
        </test-method> <!-- testServiceStatus -->
      </class> <!-- com.ibm.watson.health.acd.v1.model.ServiceStatusTest -->
      <class name="com.ibm.watson.health.acd.v1.model.CreateProfileOptionsTest">
        <test-method status="PASS" signature="testCreateProfileOptions()[pri:0, instance:com.ibm.watson.health.acd.v1.model.CreateProfileOptionsTest@40fcaae7]" name="testCreateProfileOptions" duration-ms="4" started-at="2020-05-09T00:58:31 GMT" finished-at="2020-05-09T00:58:31 GMT">
          <reporter-output>
          </reporter-output>
        </test-method> <!-- testCreateProfileOptions -->
      </class> <!-- com.ibm.watson.health.acd.v1.model.CreateProfileOptionsTest -->
      <class name="com.ibm.watson.health.acd.v1.model.ConfigurationEntityTest">
        <test-method status="PASS" signature="testConfigurationEntity()[pri:0, instance:com.ibm.watson.health.acd.v1.model.ConfigurationEntityTest@6032622]" name="testConfigurationEntity" duration-ms="1" started-at="2020-05-09T00:58:31 GMT" finished-at="2020-05-09T00:58:31 GMT">
          <reporter-output>
          </reporter-output>
        </test-method> <!-- testConfigurationEntity -->
      </class> <!-- com.ibm.watson.health.acd.v1.model.ConfigurationEntityTest -->
      <class name="com.ibm.watson.health.acd.v1.model.RunPipelineOptionsTest">
        <test-method status="PASS" signature="testRunPipelineOptions()[pri:0, instance:com.ibm.watson.health.acd.v1.model.RunPipelineOptionsTest@7b423f90]" name="testRunPipelineOptions" duration-ms="3" started-at="2020-05-09T00:58:31 GMT" finished-at="2020-05-09T00:58:31 GMT">
          <reporter-output>
          </reporter-output>
        </test-method> <!-- testRunPipelineOptions -->
      </class> <!-- com.ibm.watson.health.acd.v1.model.RunPipelineOptionsTest -->
      <class name="com.ibm.watson.health.acd.v1.model.DeleteUserSpecificArtifactsOptionsTest">
        <test-method status="PASS" signature="testDeleteUserSpecificArtifactsOptions()[pri:0, instance:com.ibm.watson.health.acd.v1.model.DeleteUserSpecificArtifactsOptionsTest@4258106]" name="testDeleteUserSpecificArtifactsOptions" duration-ms="1" started-at="2020-05-09T00:58:31 GMT" finished-at="2020-05-09T00:58:31 GMT">
          <reporter-output>
          </reporter-output>
        </test-method> <!-- testDeleteUserSpecificArtifactsOptions -->
      </class> <!-- com.ibm.watson.health.acd.v1.model.DeleteUserSpecificArtifactsOptionsTest -->
      <class name="com.ibm.watson.health.acd.v1.model.DeleteFlowsOptionsTest">
        <test-method status="PASS" signature="testDeleteFlowsOptions()[pri:0, instance:com.ibm.watson.health.acd.v1.model.DeleteFlowsOptionsTest@7744195]" name="testDeleteFlowsOptions" duration-ms="23" started-at="2020-05-09T00:58:31 GMT" finished-at="2020-05-09T00:58:31 GMT">
          <reporter-output>
          </reporter-output>
        </test-method> <!-- testDeleteFlowsOptions -->
        <test-method status="PASS" signature="testDeleteFlowsOptionsError()[pri:0, instance:com.ibm.watson.health.acd.v1.model.DeleteFlowsOptionsTest@7744195]" name="testDeleteFlowsOptionsError" duration-ms="1" started-at="2020-05-09T00:58:31 GMT" finished-at="2020-05-09T00:58:31 GMT">
          <exception class="java.lang.IllegalArgumentException">
            <message>
              <![CDATA[id cannot be empty]]>
            </message>
            <full-stacktrace>
              <![CDATA[java.lang.IllegalArgumentException: id cannot be empty
at com.ibm.cloud.sdk.core.util.Validator.notEmpty(Validator.java:84)
at com.ibm.watson.health.acd.v1.model.DeleteFlowsOptions.<init>(DeleteFlowsOptions.java:71)
at com.ibm.watson.health.acd.v1.model.DeleteFlowsOptions$Builder.build(DeleteFlowsOptions.java:55)
at com.ibm.watson.health.acd.v1.model.DeleteFlowsOptionsTest.testDeleteFlowsOptionsError(DeleteFlowsOptionsTest.java:44)
at sun.reflect.NativeMethodAccessorImpl.invoke0(Native Method)
at sun.reflect.NativeMethodAccessorImpl.invoke(NativeMethodAccessorImpl.java:62)
at sun.reflect.DelegatingMethodAccessorImpl.invoke(DelegatingMethodAccessorImpl.java:43)
at java.lang.reflect.Method.invoke(Method.java:498)
at org.testng.internal.MethodInvocationHelper.invokeMethod(MethodInvocationHelper.java:134)
at org.testng.internal.TestInvoker.invokeMethod(TestInvoker.java:597)
at org.testng.internal.TestInvoker.invokeTestMethod(TestInvoker.java:173)
at org.testng.internal.MethodRunner.runInSequence(MethodRunner.java:46)
at org.testng.internal.TestInvoker$MethodInvocationAgent.invoke(TestInvoker.java:816)
at org.testng.internal.TestInvoker.invokeTestMethods(TestInvoker.java:146)
at org.testng.internal.TestMethodWorker.invokeTestMethods(TestMethodWorker.java:146)
at org.testng.internal.TestMethodWorker.run(TestMethodWorker.java:128)
at java.util.ArrayList.forEach(ArrayList.java:1257)
at org.testng.TestRunner.privateRun(TestRunner.java:766)
at org.testng.TestRunner.run(TestRunner.java:587)
at org.testng.SuiteRunner.runTest(SuiteRunner.java:384)
at org.testng.SuiteRunner.runSequentially(SuiteRunner.java:378)
at org.testng.SuiteRunner.privateRun(SuiteRunner.java:337)
at org.testng.SuiteRunner.run(SuiteRunner.java:286)
at org.testng.SuiteRunnerWorker.runSuite(SuiteRunnerWorker.java:53)
at org.testng.SuiteRunnerWorker.run(SuiteRunnerWorker.java:96)
at org.testng.TestNG.runSuitesSequentially(TestNG.java:1187)
at org.testng.TestNG.runSuitesLocally(TestNG.java:1109)
at org.testng.TestNG.runSuites(TestNG.java:1039)
at org.testng.TestNG.run(TestNG.java:1007)
at org.apache.maven.surefire.testng.TestNGExecutor.run(TestNGExecutor.java:77)
at org.apache.maven.surefire.testng.TestNGDirectoryTestSuite.executeMulti(TestNGDirectoryTestSuite.java:159)
at org.apache.maven.surefire.testng.TestNGDirectoryTestSuite.execute(TestNGDirectoryTestSuite.java:99)
at org.apache.maven.surefire.testng.TestNGProvider.invoke(TestNGProvider.java:106)
at sun.reflect.NativeMethodAccessorImpl.invoke0(Native Method)
at sun.reflect.NativeMethodAccessorImpl.invoke(NativeMethodAccessorImpl.java:62)
at sun.reflect.DelegatingMethodAccessorImpl.invoke(DelegatingMethodAccessorImpl.java:43)
at java.lang.reflect.Method.invoke(Method.java:498)
at org.apache.maven.surefire.util.ReflectionUtils.invokeMethodWithArray(ReflectionUtils.java:189)
at org.apache.maven.surefire.booter.ProviderFactory$ProviderProxy.invoke(ProviderFactory.java:165)
at org.apache.maven.surefire.booter.ProviderFactory.invokeProvider(ProviderFactory.java:85)
at org.apache.maven.surefire.booter.ForkedBooter.runSuitesInProcess(ForkedBooter.java:115)
at org.apache.maven.surefire.booter.ForkedBooter.main(ForkedBooter.java:75)
]]>
            </full-stacktrace>
          </exception> <!-- java.lang.IllegalArgumentException -->
          <reporter-output>
          </reporter-output>
        </test-method> <!-- testDeleteFlowsOptionsError -->
      </class> <!-- com.ibm.watson.health.acd.v1.model.DeleteFlowsOptionsTest -->
      <class name="com.ibm.watson.health.acd.v1.model.AnnotatorTest">
        <test-method status="PASS" signature="testAnnotator()[pri:0, instance:com.ibm.watson.health.acd.v1.model.AnnotatorTest@7d47b021]" name="testAnnotator" duration-ms="187" started-at="2020-05-09T00:58:31 GMT" finished-at="2020-05-09T00:58:31 GMT">
          <reporter-output>
          </reporter-output>
        </test-method> <!-- testAnnotator -->
        <test-method status="PASS" signature="testAnnotatorError()[pri:0, instance:com.ibm.watson.health.acd.v1.model.AnnotatorTest@7d47b021]" name="testAnnotatorError" duration-ms="0" started-at="2020-05-09T00:58:31 GMT" finished-at="2020-05-09T00:58:31 GMT">
          <exception class="java.lang.IllegalArgumentException">
            <message>
              <![CDATA[name cannot be null]]>
            </message>
            <full-stacktrace>
              <![CDATA[java.lang.IllegalArgumentException: name cannot be null
at com.ibm.watson.developer_cloud.util.Validator.notNull(Validator.java:96)
at com.ibm.watson.health.acd.v1.model.Annotator.<init>(Annotator.java:217)
at com.ibm.watson.health.acd.v1.model.Annotator.<init>(Annotator.java:27)
at com.ibm.watson.health.acd.v1.model.Annotator$Builder.build(Annotator.java:130)
at com.ibm.watson.health.acd.v1.model.AnnotatorTest.testAnnotatorError(AnnotatorTest.java:68)
at sun.reflect.NativeMethodAccessorImpl.invoke0(Native Method)
at sun.reflect.NativeMethodAccessorImpl.invoke(NativeMethodAccessorImpl.java:62)
at sun.reflect.DelegatingMethodAccessorImpl.invoke(DelegatingMethodAccessorImpl.java:43)
at java.lang.reflect.Method.invoke(Method.java:498)
at org.testng.internal.MethodInvocationHelper.invokeMethod(MethodInvocationHelper.java:134)
at org.testng.internal.TestInvoker.invokeMethod(TestInvoker.java:597)
at org.testng.internal.TestInvoker.invokeTestMethod(TestInvoker.java:173)
at org.testng.internal.MethodRunner.runInSequence(MethodRunner.java:46)
at org.testng.internal.TestInvoker$MethodInvocationAgent.invoke(TestInvoker.java:816)
at org.testng.internal.TestInvoker.invokeTestMethods(TestInvoker.java:146)
at org.testng.internal.TestMethodWorker.invokeTestMethods(TestMethodWorker.java:146)
at org.testng.internal.TestMethodWorker.run(TestMethodWorker.java:128)
at java.util.ArrayList.forEach(ArrayList.java:1257)
at org.testng.TestRunner.privateRun(TestRunner.java:766)
at org.testng.TestRunner.run(TestRunner.java:587)
at org.testng.SuiteRunner.runTest(SuiteRunner.java:384)
at org.testng.SuiteRunner.runSequentially(SuiteRunner.java:378)
at org.testng.SuiteRunner.privateRun(SuiteRunner.java:337)
at org.testng.SuiteRunner.run(SuiteRunner.java:286)
at org.testng.SuiteRunnerWorker.runSuite(SuiteRunnerWorker.java:53)
at org.testng.SuiteRunnerWorker.run(SuiteRunnerWorker.java:96)
at org.testng.TestNG.runSuitesSequentially(TestNG.java:1187)
at org.testng.TestNG.runSuitesLocally(TestNG.java:1109)
at org.testng.TestNG.runSuites(TestNG.java:1039)
at org.testng.TestNG.run(TestNG.java:1007)
at org.apache.maven.surefire.testng.TestNGExecutor.run(TestNGExecutor.java:77)
at org.apache.maven.surefire.testng.TestNGDirectoryTestSuite.executeMulti(TestNGDirectoryTestSuite.java:159)
at org.apache.maven.surefire.testng.TestNGDirectoryTestSuite.execute(TestNGDirectoryTestSuite.java:99)
at org.apache.maven.surefire.testng.TestNGProvider.invoke(TestNGProvider.java:106)
at sun.reflect.NativeMethodAccessorImpl.invoke0(Native Method)
at sun.reflect.NativeMethodAccessorImpl.invoke(NativeMethodAccessorImpl.java:62)
at sun.reflect.DelegatingMethodAccessorImpl.invoke(DelegatingMethodAccessorImpl.java:43)
at java.lang.reflect.Method.invoke(Method.java:498)
at org.apache.maven.surefire.util.ReflectionUtils.invokeMethodWithArray(ReflectionUtils.java:189)
at org.apache.maven.surefire.booter.ProviderFactory$ProviderProxy.invoke(ProviderFactory.java:165)
at org.apache.maven.surefire.booter.ProviderFactory.invokeProvider(ProviderFactory.java:85)
at org.apache.maven.surefire.booter.ForkedBooter.runSuitesInProcess(ForkedBooter.java:115)
at org.apache.maven.surefire.booter.ForkedBooter.main(ForkedBooter.java:75)
]]>
            </full-stacktrace>
          </exception> <!-- java.lang.IllegalArgumentException -->
          <reporter-output>
          </reporter-output>
        </test-method> <!-- testAnnotatorError -->
      </class> <!-- com.ibm.watson.health.acd.v1.model.AnnotatorTest -->
      <class name="com.ibm.watson.health.acd.v1.model.GetProfilesOptionsTest">
        <test-method status="PASS" signature="testGetProfilesOptions()[pri:0, instance:com.ibm.watson.health.acd.v1.model.GetProfilesOptionsTest@6516181f]" name="testGetProfilesOptions" duration-ms="1" started-at="2020-05-09T00:58:31 GMT" finished-at="2020-05-09T00:58:31 GMT">
          <reporter-output>
          </reporter-output>
        </test-method> <!-- testGetProfilesOptions -->
      </class> <!-- com.ibm.watson.health.acd.v1.model.GetProfilesOptionsTest -->
      <class name="com.ibm.watson.health.acd.v1.model.ServiceErrorTest">
        <test-method status="PASS" signature="testServiceError()[pri:0, instance:com.ibm.watson.health.acd.v1.model.ServiceErrorTest@7fa85a55]" name="testServiceError" duration-ms="1" started-at="2020-05-09T00:58:31 GMT" finished-at="2020-05-09T00:58:31 GMT">
          <reporter-output>
          </reporter-output>
        </test-method> <!-- testServiceError -->
      </class> <!-- com.ibm.watson.health.acd.v1.model.ServiceErrorTest -->
      <class name="com.ibm.watson.health.acd.v1.model.GetFlowsByIdOptionsTest">
        <test-method status="PASS" signature="testGetFlowsByIdOptions()[pri:0, instance:com.ibm.watson.health.acd.v1.model.GetFlowsByIdOptionsTest@23c00420]" name="testGetFlowsByIdOptions" duration-ms="2" started-at="2020-05-09T00:58:31 GMT" finished-at="2020-05-09T00:58:31 GMT">
          <reporter-output>
          </reporter-output>
        </test-method> <!-- testGetFlowsByIdOptions -->
        <test-method status="PASS" signature="testGetFlowsByIdOptionsError()[pri:0, instance:com.ibm.watson.health.acd.v1.model.GetFlowsByIdOptionsTest@23c00420]" name="testGetFlowsByIdOptionsError" duration-ms="0" started-at="2020-05-09T00:58:31 GMT" finished-at="2020-05-09T00:58:31 GMT">
          <exception class="java.lang.IllegalArgumentException">
            <message>
              <![CDATA[id cannot be empty]]>
            </message>
            <full-stacktrace>
              <![CDATA[java.lang.IllegalArgumentException: id cannot be empty
at com.ibm.cloud.sdk.core.util.Validator.notEmpty(Validator.java:84)
at com.ibm.watson.health.acd.v1.model.GetFlowsByIdOptions.<init>(GetFlowsByIdOptions.java:71)
at com.ibm.watson.health.acd.v1.model.GetFlowsByIdOptions$Builder.build(GetFlowsByIdOptions.java:55)
at com.ibm.watson.health.acd.v1.model.GetFlowsByIdOptionsTest.testGetFlowsByIdOptionsError(GetFlowsByIdOptionsTest.java:44)
at sun.reflect.NativeMethodAccessorImpl.invoke0(Native Method)
at sun.reflect.NativeMethodAccessorImpl.invoke(NativeMethodAccessorImpl.java:62)
at sun.reflect.DelegatingMethodAccessorImpl.invoke(DelegatingMethodAccessorImpl.java:43)
at java.lang.reflect.Method.invoke(Method.java:498)
at org.testng.internal.MethodInvocationHelper.invokeMethod(MethodInvocationHelper.java:134)
at org.testng.internal.TestInvoker.invokeMethod(TestInvoker.java:597)
at org.testng.internal.TestInvoker.invokeTestMethod(TestInvoker.java:173)
at org.testng.internal.MethodRunner.runInSequence(MethodRunner.java:46)
at org.testng.internal.TestInvoker$MethodInvocationAgent.invoke(TestInvoker.java:816)
at org.testng.internal.TestInvoker.invokeTestMethods(TestInvoker.java:146)
at org.testng.internal.TestMethodWorker.invokeTestMethods(TestMethodWorker.java:146)
at org.testng.internal.TestMethodWorker.run(TestMethodWorker.java:128)
at java.util.ArrayList.forEach(ArrayList.java:1257)
at org.testng.TestRunner.privateRun(TestRunner.java:766)
at org.testng.TestRunner.run(TestRunner.java:587)
at org.testng.SuiteRunner.runTest(SuiteRunner.java:384)
at org.testng.SuiteRunner.runSequentially(SuiteRunner.java:378)
at org.testng.SuiteRunner.privateRun(SuiteRunner.java:337)
at org.testng.SuiteRunner.run(SuiteRunner.java:286)
at org.testng.SuiteRunnerWorker.runSuite(SuiteRunnerWorker.java:53)
at org.testng.SuiteRunnerWorker.run(SuiteRunnerWorker.java:96)
at org.testng.TestNG.runSuitesSequentially(TestNG.java:1187)
at org.testng.TestNG.runSuitesLocally(TestNG.java:1109)
at org.testng.TestNG.runSuites(TestNG.java:1039)
at org.testng.TestNG.run(TestNG.java:1007)
at org.apache.maven.surefire.testng.TestNGExecutor.run(TestNGExecutor.java:77)
at org.apache.maven.surefire.testng.TestNGDirectoryTestSuite.executeMulti(TestNGDirectoryTestSuite.java:159)
at org.apache.maven.surefire.testng.TestNGDirectoryTestSuite.execute(TestNGDirectoryTestSuite.java:99)
at org.apache.maven.surefire.testng.TestNGProvider.invoke(TestNGProvider.java:106)
at sun.reflect.NativeMethodAccessorImpl.invoke0(Native Method)
at sun.reflect.NativeMethodAccessorImpl.invoke(NativeMethodAccessorImpl.java:62)
at sun.reflect.DelegatingMethodAccessorImpl.invoke(DelegatingMethodAccessorImpl.java:43)
at java.lang.reflect.Method.invoke(Method.java:498)
at org.apache.maven.surefire.util.ReflectionUtils.invokeMethodWithArray(ReflectionUtils.java:189)
at org.apache.maven.surefire.booter.ProviderFactory$ProviderProxy.invoke(ProviderFactory.java:165)
at org.apache.maven.surefire.booter.ProviderFactory.invokeProvider(ProviderFactory.java:85)
at org.apache.maven.surefire.booter.ForkedBooter.runSuitesInProcess(ForkedBooter.java:115)
at org.apache.maven.surefire.booter.ForkedBooter.main(ForkedBooter.java:75)
]]>
            </full-stacktrace>
          </exception> <!-- java.lang.IllegalArgumentException -->
          <reporter-output>
          </reporter-output>
        </test-method> <!-- testGetFlowsByIdOptionsError -->
      </class> <!-- com.ibm.watson.health.acd.v1.model.GetFlowsByIdOptionsTest -->
      <class name="com.ibm.watson.health.acd.v1.model.ListStringWrapperTest">
        <test-method status="PASS" signature="testListStringWrapper()[pri:0, instance:com.ibm.watson.health.acd.v1.model.ListStringWrapperTest@69d902f9]" name="testListStringWrapper" duration-ms="1" started-at="2020-05-09T00:58:31 GMT" finished-at="2020-05-09T00:58:31 GMT">
          <reporter-output>
          </reporter-output>
        </test-method> <!-- testListStringWrapper -->
      </class> <!-- com.ibm.watson.health.acd.v1.model.ListStringWrapperTest -->
      <class name="com.ibm.watson.health.acd.v1.model.CartridgesGetOptionsTest">
        <test-method status="PASS" signature="testCartridgesGetOptions()[pri:0, instance:com.ibm.watson.health.acd.v1.model.CartridgesGetOptionsTest@684a802a]" name="testCartridgesGetOptions" duration-ms="1" started-at="2020-05-09T00:58:31 GMT" finished-at="2020-05-09T00:58:31 GMT">
          <reporter-output>
          </reporter-output>
        </test-method> <!-- testCartridgesGetOptions -->
      </class> <!-- com.ibm.watson.health.acd.v1.model.CartridgesGetOptionsTest -->
      <class name="com.ibm.watson.health.acd.v1.model.GetAnnotatorsOptionsTest">
        <test-method status="PASS" signature="testGetAnnotatorsOptions()[pri:0, instance:com.ibm.watson.health.acd.v1.model.GetAnnotatorsOptionsTest@24f3fb87]" name="testGetAnnotatorsOptions" duration-ms="1" started-at="2020-05-09T00:58:31 GMT" finished-at="2020-05-09T00:58:31 GMT">
          <reporter-output>
          </reporter-output>
        </test-method> <!-- testGetAnnotatorsOptions -->
      </class> <!-- com.ibm.watson.health.acd.v1.model.GetAnnotatorsOptionsTest -->
      <class name="com.ibm.watson.health.acd.v1.model.GetFlowsOptionsTest">
        <test-method status="PASS" signature="testGetFlowsOptions()[pri:0, instance:com.ibm.watson.health.acd.v1.model.GetFlowsOptionsTest@113c4ad6]" name="testGetFlowsOptions" duration-ms="1" started-at="2020-05-09T00:58:31 GMT" finished-at="2020-05-09T00:58:31 GMT">
          <reporter-output>
          </reporter-output>
        </test-method> <!-- testGetFlowsOptions -->
      </class> <!-- com.ibm.watson.health.acd.v1.model.GetFlowsOptionsTest -->
      <class name="com.ibm.watson.health.acd.v1.model.FlowEntryTest">
        <test-method status="PASS" signature="testFlowEntry()[pri:0, instance:com.ibm.watson.health.acd.v1.model.FlowEntryTest@2de7fe0e]" name="testFlowEntry" duration-ms="1" started-at="2020-05-09T00:58:31 GMT" finished-at="2020-05-09T00:58:31 GMT">
          <reporter-output>
          </reporter-output>
        </test-method> <!-- testFlowEntry -->
      </class> <!-- com.ibm.watson.health.acd.v1.model.FlowEntryTest -->
      <class name="com.ibm.watson.health.acd.v1.model.GetProfileOptionsTest">
        <test-method status="PASS" signature="testGetProfileOptions()[pri:0, instance:com.ibm.watson.health.acd.v1.model.GetProfileOptionsTest@c7673ae]" name="testGetProfileOptions" duration-ms="1" started-at="2020-05-09T00:58:31 GMT" finished-at="2020-05-09T00:58:31 GMT">
          <reporter-output>
          </reporter-output>
        </test-method> <!-- testGetProfileOptions -->
        <test-method status="PASS" signature="testGetProfileOptionsError()[pri:0, instance:com.ibm.watson.health.acd.v1.model.GetProfileOptionsTest@c7673ae]" name="testGetProfileOptionsError" duration-ms="0" started-at="2020-05-09T00:58:31 GMT" finished-at="2020-05-09T00:58:31 GMT">
          <exception class="java.lang.IllegalArgumentException">
            <message>
              <![CDATA[id cannot be empty]]>
            </message>
            <full-stacktrace>
              <![CDATA[java.lang.IllegalArgumentException: id cannot be empty
at com.ibm.cloud.sdk.core.util.Validator.notEmpty(Validator.java:84)
at com.ibm.watson.health.acd.v1.model.GetProfileOptions.<init>(GetProfileOptions.java:71)
at com.ibm.watson.health.acd.v1.model.GetProfileOptions$Builder.build(GetProfileOptions.java:55)
at com.ibm.watson.health.acd.v1.model.GetProfileOptionsTest.testGetProfileOptionsError(GetProfileOptionsTest.java:44)
at sun.reflect.NativeMethodAccessorImpl.invoke0(Native Method)
at sun.reflect.NativeMethodAccessorImpl.invoke(NativeMethodAccessorImpl.java:62)
at sun.reflect.DelegatingMethodAccessorImpl.invoke(DelegatingMethodAccessorImpl.java:43)
at java.lang.reflect.Method.invoke(Method.java:498)
at org.testng.internal.MethodInvocationHelper.invokeMethod(MethodInvocationHelper.java:134)
at org.testng.internal.TestInvoker.invokeMethod(TestInvoker.java:597)
at org.testng.internal.TestInvoker.invokeTestMethod(TestInvoker.java:173)
at org.testng.internal.MethodRunner.runInSequence(MethodRunner.java:46)
at org.testng.internal.TestInvoker$MethodInvocationAgent.invoke(TestInvoker.java:816)
at org.testng.internal.TestInvoker.invokeTestMethods(TestInvoker.java:146)
at org.testng.internal.TestMethodWorker.invokeTestMethods(TestMethodWorker.java:146)
at org.testng.internal.TestMethodWorker.run(TestMethodWorker.java:128)
at java.util.ArrayList.forEach(ArrayList.java:1257)
at org.testng.TestRunner.privateRun(TestRunner.java:766)
at org.testng.TestRunner.run(TestRunner.java:587)
at org.testng.SuiteRunner.runTest(SuiteRunner.java:384)
at org.testng.SuiteRunner.runSequentially(SuiteRunner.java:378)
at org.testng.SuiteRunner.privateRun(SuiteRunner.java:337)
at org.testng.SuiteRunner.run(SuiteRunner.java:286)
at org.testng.SuiteRunnerWorker.runSuite(SuiteRunnerWorker.java:53)
at org.testng.SuiteRunnerWorker.run(SuiteRunnerWorker.java:96)
at org.testng.TestNG.runSuitesSequentially(TestNG.java:1187)
at org.testng.TestNG.runSuitesLocally(TestNG.java:1109)
at org.testng.TestNG.runSuites(TestNG.java:1039)
at org.testng.TestNG.run(TestNG.java:1007)
at org.apache.maven.surefire.testng.TestNGExecutor.run(TestNGExecutor.java:77)
at org.apache.maven.surefire.testng.TestNGDirectoryTestSuite.executeMulti(TestNGDirectoryTestSuite.java:159)
at org.apache.maven.surefire.testng.TestNGDirectoryTestSuite.execute(TestNGDirectoryTestSuite.java:99)
at org.apache.maven.surefire.testng.TestNGProvider.invoke(TestNGProvider.java:106)
at sun.reflect.NativeMethodAccessorImpl.invoke0(Native Method)
at sun.reflect.NativeMethodAccessorImpl.invoke(NativeMethodAccessorImpl.java:62)
at sun.reflect.DelegatingMethodAccessorImpl.invoke(DelegatingMethodAccessorImpl.java:43)
at java.lang.reflect.Method.invoke(Method.java:498)
at org.apache.maven.surefire.util.ReflectionUtils.invokeMethodWithArray(ReflectionUtils.java:189)
at org.apache.maven.surefire.booter.ProviderFactory$ProviderProxy.invoke(ProviderFactory.java:165)
at org.apache.maven.surefire.booter.ProviderFactory.invokeProvider(ProviderFactory.java:85)
at org.apache.maven.surefire.booter.ForkedBooter.runSuitesInProcess(ForkedBooter.java:115)
at org.apache.maven.surefire.booter.ForkedBooter.main(ForkedBooter.java:75)
]]>
            </full-stacktrace>
          </exception> <!-- java.lang.IllegalArgumentException -->
          <reporter-output>
          </reporter-output>
        </test-method> <!-- testGetProfileOptionsError -->
      </class> <!-- com.ibm.watson.health.acd.v1.model.GetProfileOptionsTest -->
      <class name="com.ibm.watson.health.acd.v1.model.DeployCartridgeResponseTest">
        <test-method status="PASS" signature="testDeployCartridgeResponse()[pri:0, instance:com.ibm.watson.health.acd.v1.model.DeployCartridgeResponseTest@2ccecae2]" name="testDeployCartridgeResponse" duration-ms="1" started-at="2020-05-09T00:58:31 GMT" finished-at="2020-05-09T00:58:31 GMT">
          <reporter-output>
          </reporter-output>
        </test-method> <!-- testDeployCartridgeResponse -->
      </class> <!-- com.ibm.watson.health.acd.v1.model.DeployCartridgeResponseTest -->
      <class name="com.ibm.watson.health.acd.v1.model.UpdateProfileOptionsTest">
        <test-method status="PASS" signature="testUpdateProfileOptions()[pri:0, instance:com.ibm.watson.health.acd.v1.model.UpdateProfileOptionsTest@6068cda1]" name="testUpdateProfileOptions" duration-ms="5" started-at="2020-05-09T00:58:31 GMT" finished-at="2020-05-09T00:58:31 GMT">
          <reporter-output>
          </reporter-output>
        </test-method> <!-- testUpdateProfileOptions -->
        <test-method status="PASS" signature="testUpdateProfileOptionsError()[pri:0, instance:com.ibm.watson.health.acd.v1.model.UpdateProfileOptionsTest@6068cda1]" name="testUpdateProfileOptionsError" duration-ms="1" started-at="2020-05-09T00:58:31 GMT" finished-at="2020-05-09T00:58:31 GMT">
          <exception class="java.lang.IllegalArgumentException">
            <message>
              <![CDATA[id cannot be empty]]>
            </message>
            <full-stacktrace>
              <![CDATA[java.lang.IllegalArgumentException: id cannot be empty
at com.ibm.cloud.sdk.core.util.Validator.notEmpty(Validator.java:84)
at com.ibm.watson.health.acd.v1.model.UpdateProfileOptions.<init>(UpdateProfileOptions.java:221)
at com.ibm.watson.health.acd.v1.model.UpdateProfileOptions$Builder.build(UpdateProfileOptions.java:82)
at com.ibm.watson.health.acd.v1.model.UpdateProfileOptionsTest.testUpdateProfileOptionsError(UpdateProfileOptionsTest.java:82)
at sun.reflect.NativeMethodAccessorImpl.invoke0(Native Method)
at sun.reflect.NativeMethodAccessorImpl.invoke(NativeMethodAccessorImpl.java:62)
at sun.reflect.DelegatingMethodAccessorImpl.invoke(DelegatingMethodAccessorImpl.java:43)
at java.lang.reflect.Method.invoke(Method.java:498)
at org.testng.internal.MethodInvocationHelper.invokeMethod(MethodInvocationHelper.java:134)
at org.testng.internal.TestInvoker.invokeMethod(TestInvoker.java:597)
at org.testng.internal.TestInvoker.invokeTestMethod(TestInvoker.java:173)
at org.testng.internal.MethodRunner.runInSequence(MethodRunner.java:46)
at org.testng.internal.TestInvoker$MethodInvocationAgent.invoke(TestInvoker.java:816)
at org.testng.internal.TestInvoker.invokeTestMethods(TestInvoker.java:146)
at org.testng.internal.TestMethodWorker.invokeTestMethods(TestMethodWorker.java:146)
at org.testng.internal.TestMethodWorker.run(TestMethodWorker.java:128)
at java.util.ArrayList.forEach(ArrayList.java:1257)
at org.testng.TestRunner.privateRun(TestRunner.java:766)
at org.testng.TestRunner.run(TestRunner.java:587)
at org.testng.SuiteRunner.runTest(SuiteRunner.java:384)
at org.testng.SuiteRunner.runSequentially(SuiteRunner.java:378)
at org.testng.SuiteRunner.privateRun(SuiteRunner.java:337)
at org.testng.SuiteRunner.run(SuiteRunner.java:286)
at org.testng.SuiteRunnerWorker.runSuite(SuiteRunnerWorker.java:53)
at org.testng.SuiteRunnerWorker.run(SuiteRunnerWorker.java:96)
at org.testng.TestNG.runSuitesSequentially(TestNG.java:1187)
at org.testng.TestNG.runSuitesLocally(TestNG.java:1109)
at org.testng.TestNG.runSuites(TestNG.java:1039)
at org.testng.TestNG.run(TestNG.java:1007)
at org.apache.maven.surefire.testng.TestNGExecutor.run(TestNGExecutor.java:77)
at org.apache.maven.surefire.testng.TestNGDirectoryTestSuite.executeMulti(TestNGDirectoryTestSuite.java:159)
at org.apache.maven.surefire.testng.TestNGDirectoryTestSuite.execute(TestNGDirectoryTestSuite.java:99)
at org.apache.maven.surefire.testng.TestNGProvider.invoke(TestNGProvider.java:106)
at sun.reflect.NativeMethodAccessorImpl.invoke0(Native Method)
at sun.reflect.NativeMethodAccessorImpl.invoke(NativeMethodAccessorImpl.java:62)
at sun.reflect.DelegatingMethodAccessorImpl.invoke(DelegatingMethodAccessorImpl.java:43)
at java.lang.reflect.Method.invoke(Method.java:498)
at org.apache.maven.surefire.util.ReflectionUtils.invokeMethodWithArray(ReflectionUtils.java:189)
at org.apache.maven.surefire.booter.ProviderFactory$ProviderProxy.invoke(ProviderFactory.java:165)
at org.apache.maven.surefire.booter.ProviderFactory.invokeProvider(ProviderFactory.java:85)
at org.apache.maven.surefire.booter.ForkedBooter.runSuitesInProcess(ForkedBooter.java:115)
at org.apache.maven.surefire.booter.ForkedBooter.main(ForkedBooter.java:75)
]]>
            </full-stacktrace>
          </exception> <!-- java.lang.IllegalArgumentException -->
          <reporter-output>
          </reporter-output>
        </test-method> <!-- testUpdateProfileOptionsError -->
      </class> <!-- com.ibm.watson.health.acd.v1.model.UpdateProfileOptionsTest -->
      <class name="com.ibm.watson.health.acd.v1.model.CreateFlowsOptionsTest">
        <test-method status="PASS" signature="testCreateFlowsOptions()[pri:0, instance:com.ibm.watson.health.acd.v1.model.CreateFlowsOptionsTest@10a064bd]" name="testCreateFlowsOptions" duration-ms="3" started-at="2020-05-09T00:58:31 GMT" finished-at="2020-05-09T00:58:31 GMT">
          <reporter-output>
          </reporter-output>
        </test-method> <!-- testCreateFlowsOptions -->
      </class> <!-- com.ibm.watson.health.acd.v1.model.CreateFlowsOptionsTest -->
      <class name="com.ibm.watson.health.acd.v1.model.FlowTest">
        <test-method status="PASS" signature="testFlow()[pri:0, instance:com.ibm.watson.health.acd.v1.model.FlowTest@40cb95c1]" name="testFlow" duration-ms="7" started-at="2020-05-09T00:58:31 GMT" finished-at="2020-05-09T00:58:31 GMT">
          <reporter-output>
          </reporter-output>
        </test-method> <!-- testFlow -->
      </class> <!-- com.ibm.watson.health.acd.v1.model.FlowTest -->
      <class name="com.ibm.watson.health.acd.v1.model.UnstructuredContainerTest">
        <test-method status="PASS" signature="testUnstructuredContainer()[pri:0, instance:com.ibm.watson.health.acd.v1.model.UnstructuredContainerTest@ba87c11]" name="testUnstructuredContainer" duration-ms="39" started-at="2020-05-09T00:58:31 GMT" finished-at="2020-05-09T00:58:31 GMT">
          <reporter-output>
          </reporter-output>
        </test-method> <!-- testUnstructuredContainer -->
      </class> <!-- com.ibm.watson.health.acd.v1.model.UnstructuredContainerTest -->
      <class name="com.ibm.watson.health.acd.v1.unit.AnnotatorForClinicalDataAcdTest">
        <test-method status="PASS" signature="beforePowerMockTestClass()[pri:0, instance:com.ibm.watson.health.acd.v1.unit.AnnotatorForClinicalDataAcdTest@22f046b]" name="beforePowerMockTestClass" is-config="true" duration-ms="3" started-at="2020-05-09T00:58:31 GMT" finished-at="2020-05-09T00:58:31 GMT">
          <reporter-output>
          </reporter-output>
        </test-method> <!-- beforePowerMockTestClass -->
        <test-method status="PASS" signature="beforePowerMockTestMethod()[pri:0, instance:com.ibm.watson.health.acd.v1.unit.AnnotatorForClinicalDataAcdTest@22f046b]" name="beforePowerMockTestMethod" is-config="true" duration-ms="1095" started-at="2020-05-09T00:58:31 GMT" finished-at="2020-05-09T00:58:33 GMT">
          <reporter-output>
          </reporter-output>
        </test-method> <!-- beforePowerMockTestMethod -->
        <test-method status="PASS" signature="setUpMockServer()[pri:0, instance:com.ibm.watson.health.acd.v1.unit.AnnotatorForClinicalDataAcdTest@22f046b]" name="setUpMockServer" is-config="true" duration-ms="609" started-at="2020-05-09T00:58:33 GMT" finished-at="2020-05-09T00:58:33 GMT">
          <reporter-output>
          </reporter-output>
        </test-method> <!-- setUpMockServer -->
        <test-method status="PASS" signature="testCartridgesGetIdNoOptions()[pri:0, instance:com.ibm.watson.health.acd.v1.unit.AnnotatorForClinicalDataAcdTest@22f046b]" name="testCartridgesGetIdNoOptions" duration-ms="1232" started-at="2020-05-09T00:58:33 GMT" finished-at="2020-05-09T00:58:34 GMT">
          <exception class="java.lang.IllegalArgumentException">
            <message>
              <![CDATA[cartridgesGetIdOptions cannot be null]]>
            </message>
            <full-stacktrace>
              <![CDATA[java.lang.IllegalArgumentException: cartridgesGetIdOptions cannot be null
at com.ibm.cloud.sdk.core.util.Validator.notNull(Validator.java:97)
at com.ibm.watson.health.acd.v1.AnnotatorForClinicalData.cartridgesGetId(AnnotatorForClinicalData.java:1379)
at com.ibm.watson.health.acd.v1.unit.AnnotatorForClinicalDataAcdTest.testCartridgesGetIdNoOptions(AnnotatorForClinicalDataAcdTest.java:1182)
at sun.reflect.NativeMethodAccessorImpl.invoke0(Native Method)
at sun.reflect.NativeMethodAccessorImpl.invoke(NativeMethodAccessorImpl.java:62)
at sun.reflect.DelegatingMethodAccessorImpl.invoke(DelegatingMethodAccessorImpl.java:43)
at java.lang.reflect.Method.invoke(Method.java:498)
at org.testng.internal.MethodInvocationHelper.invokeMethod(MethodInvocationHelper.java:134)
at org.testng.internal.TestInvoker.invokeMethod(TestInvoker.java:597)
at org.testng.internal.TestInvoker.invokeTestMethod(TestInvoker.java:173)
at org.testng.internal.MethodRunner.runInSequence(MethodRunner.java:46)
at org.testng.internal.TestInvoker$MethodInvocationAgent.invoke(TestInvoker.java:816)
at org.testng.internal.TestInvoker.invokeTestMethods(TestInvoker.java:146)
at org.testng.internal.TestMethodWorker.invokeTestMethods(TestMethodWorker.java:146)
at org.testng.internal.TestMethodWorker.run(TestMethodWorker.java:128)
at java.util.ArrayList.forEach(ArrayList.java:1257)
at org.testng.TestRunner.privateRun(TestRunner.java:766)
at org.testng.TestRunner.run(TestRunner.java:587)
at org.testng.SuiteRunner.runTest(SuiteRunner.java:384)
at org.testng.SuiteRunner.runSequentially(SuiteRunner.java:378)
at org.testng.SuiteRunner.privateRun(SuiteRunner.java:337)
at org.testng.SuiteRunner.run(SuiteRunner.java:286)
at org.testng.SuiteRunnerWorker.runSuite(SuiteRunnerWorker.java:53)
at org.testng.SuiteRunnerWorker.run(SuiteRunnerWorker.java:96)
at org.testng.TestNG.runSuitesSequentially(TestNG.java:1187)
at org.testng.TestNG.runSuitesLocally(TestNG.java:1109)
at org.testng.TestNG.runSuites(TestNG.java:1039)
at org.testng.TestNG.run(TestNG.java:1007)
at org.apache.maven.surefire.testng.TestNGExecutor.run(TestNGExecutor.java:77)
at org.apache.maven.surefire.testng.TestNGDirectoryTestSuite.executeMulti(TestNGDirectoryTestSuite.java:159)
at org.apache.maven.surefire.testng.TestNGDirectoryTestSuite.execute(TestNGDirectoryTestSuite.java:99)
at org.apache.maven.surefire.testng.TestNGProvider.invoke(TestNGProvider.java:106)
at sun.reflect.NativeMethodAccessorImpl.invoke0(Native Method)
at sun.reflect.NativeMethodAccessorImpl.invoke(NativeMethodAccessorImpl.java:62)
at sun.reflect.DelegatingMethodAccessorImpl.invoke(DelegatingMethodAccessorImpl.java:43)
at java.lang.reflect.Method.invoke(Method.java:498)
at org.apache.maven.surefire.util.ReflectionUtils.invokeMethodWithArray(ReflectionUtils.java:189)
at org.apache.maven.surefire.booter.ProviderFactory$ProviderProxy.invoke(ProviderFactory.java:165)
at org.apache.maven.surefire.booter.ProviderFactory.invokeProvider(ProviderFactory.java:85)
at org.apache.maven.surefire.booter.ForkedBooter.runSuitesInProcess(ForkedBooter.java:115)
at org.apache.maven.surefire.booter.ForkedBooter.main(ForkedBooter.java:75)
]]>
            </full-stacktrace>
          </exception> <!-- java.lang.IllegalArgumentException -->
          <reporter-output>
          </reporter-output>
        </test-method> <!-- testCartridgesGetIdNoOptions -->
        <test-method status="PASS" signature="tearDownMockServer()[pri:0, instance:com.ibm.watson.health.acd.v1.unit.AnnotatorForClinicalDataAcdTest@22f046b]" name="tearDownMockServer" is-config="true" duration-ms="3" started-at="2020-05-09T00:58:34 GMT" finished-at="2020-05-09T00:58:34 GMT">
          <reporter-output>
          </reporter-output>
        </test-method> <!-- tearDownMockServer -->
        <test-method status="PASS" signature="afterPowerMockTestMethod()[pri:0, instance:com.ibm.watson.health.acd.v1.unit.AnnotatorForClinicalDataAcdTest@22f046b]" name="afterPowerMockTestMethod" is-config="true" duration-ms="3" started-at="2020-05-09T00:58:34 GMT" finished-at="2020-05-09T00:58:34 GMT">
          <reporter-output>
          </reporter-output>
        </test-method> <!-- afterPowerMockTestMethod -->
        <test-method status="PASS" signature="beforePowerMockTestMethod()[pri:0, instance:com.ibm.watson.health.acd.v1.unit.AnnotatorForClinicalDataAcdTest@22f046b]" name="beforePowerMockTestMethod" is-config="true" duration-ms="1" started-at="2020-05-09T00:58:34 GMT" finished-at="2020-05-09T00:58:34 GMT">
          <reporter-output>
          </reporter-output>
        </test-method> <!-- beforePowerMockTestMethod -->
        <test-method status="PASS" signature="setUpMockServer()[pri:0, instance:com.ibm.watson.health.acd.v1.unit.AnnotatorForClinicalDataAcdTest@22f046b]" name="setUpMockServer" is-config="true" duration-ms="1" started-at="2020-05-09T00:58:34 GMT" finished-at="2020-05-09T00:58:34 GMT">
          <reporter-output>
          </reporter-output>
        </test-method> <!-- setUpMockServer -->
        <test-method status="PASS" signature="testCartridgesGetIdWOptions()[pri:0, instance:com.ibm.watson.health.acd.v1.unit.AnnotatorForClinicalDataAcdTest@22f046b]" name="testCartridgesGetIdWOptions" duration-ms="363" started-at="2020-05-09T00:58:34 GMT" finished-at="2020-05-09T00:58:35 GMT">
          <reporter-output>
          </reporter-output>
        </test-method> <!-- testCartridgesGetIdWOptions -->
        <test-method status="PASS" signature="tearDownMockServer()[pri:0, instance:com.ibm.watson.health.acd.v1.unit.AnnotatorForClinicalDataAcdTest@22f046b]" name="tearDownMockServer" is-config="true" duration-ms="4" started-at="2020-05-09T00:58:35 GMT" finished-at="2020-05-09T00:58:35 GMT">
          <reporter-output>
          </reporter-output>
        </test-method> <!-- tearDownMockServer -->
        <test-method status="PASS" signature="afterPowerMockTestMethod()[pri:0, instance:com.ibm.watson.health.acd.v1.unit.AnnotatorForClinicalDataAcdTest@22f046b]" name="afterPowerMockTestMethod" is-config="true" duration-ms="1" started-at="2020-05-09T00:58:35 GMT" finished-at="2020-05-09T00:58:35 GMT">
          <reporter-output>
          </reporter-output>
        </test-method> <!-- afterPowerMockTestMethod -->
        <test-method status="PASS" signature="beforePowerMockTestMethod()[pri:0, instance:com.ibm.watson.health.acd.v1.unit.AnnotatorForClinicalDataAcdTest@22f046b]" name="beforePowerMockTestMethod" is-config="true" duration-ms="1" started-at="2020-05-09T00:58:35 GMT" finished-at="2020-05-09T00:58:35 GMT">
          <reporter-output>
          </reporter-output>
        </test-method> <!-- beforePowerMockTestMethod -->
        <test-method status="PASS" signature="setUpMockServer()[pri:0, instance:com.ibm.watson.health.acd.v1.unit.AnnotatorForClinicalDataAcdTest@22f046b]" name="setUpMockServer" is-config="true" duration-ms="1" started-at="2020-05-09T00:58:35 GMT" finished-at="2020-05-09T00:58:35 GMT">
          <reporter-output>
          </reporter-output>
        </test-method> <!-- setUpMockServer -->
        <test-method status="PASS" signature="testCartridgesGetWOptions()[pri:0, instance:com.ibm.watson.health.acd.v1.unit.AnnotatorForClinicalDataAcdTest@22f046b]" name="testCartridgesGetWOptions" duration-ms="20" started-at="2020-05-09T00:58:35 GMT" finished-at="2020-05-09T00:58:35 GMT">
          <reporter-output>
          </reporter-output>
        </test-method> <!-- testCartridgesGetWOptions -->
        <test-method status="PASS" signature="tearDownMockServer()[pri:0, instance:com.ibm.watson.health.acd.v1.unit.AnnotatorForClinicalDataAcdTest@22f046b]" name="tearDownMockServer" is-config="true" duration-ms="2" started-at="2020-05-09T00:58:35 GMT" finished-at="2020-05-09T00:58:35 GMT">
          <reporter-output>
          </reporter-output>
        </test-method> <!-- tearDownMockServer -->
        <test-method status="PASS" signature="afterPowerMockTestMethod()[pri:0, instance:com.ibm.watson.health.acd.v1.unit.AnnotatorForClinicalDataAcdTest@22f046b]" name="afterPowerMockTestMethod" is-config="true" duration-ms="1" started-at="2020-05-09T00:58:35 GMT" finished-at="2020-05-09T00:58:35 GMT">
          <reporter-output>
          </reporter-output>
        </test-method> <!-- afterPowerMockTestMethod -->
        <test-method status="PASS" signature="beforePowerMockTestMethod()[pri:0, instance:com.ibm.watson.health.acd.v1.unit.AnnotatorForClinicalDataAcdTest@22f046b]" name="beforePowerMockTestMethod" is-config="true" duration-ms="0" started-at="2020-05-09T00:58:35 GMT" finished-at="2020-05-09T00:58:35 GMT">
          <reporter-output>
          </reporter-output>
        </test-method> <!-- beforePowerMockTestMethod -->
        <test-method status="PASS" signature="setUpMockServer()[pri:0, instance:com.ibm.watson.health.acd.v1.unit.AnnotatorForClinicalDataAcdTest@22f046b]" name="setUpMockServer" is-config="true" duration-ms="1" started-at="2020-05-09T00:58:35 GMT" finished-at="2020-05-09T00:58:35 GMT">
          <reporter-output>
          </reporter-output>
        </test-method> <!-- setUpMockServer -->
        <test-method status="PASS" signature="testCartridgesPostMultipartWOptions()[pri:0, instance:com.ibm.watson.health.acd.v1.unit.AnnotatorForClinicalDataAcdTest@22f046b]" name="testCartridgesPostMultipartWOptions" duration-ms="42" started-at="2020-05-09T00:58:35 GMT" finished-at="2020-05-09T00:58:35 GMT">
          <reporter-output>
          </reporter-output>
        </test-method> <!-- testCartridgesPostMultipartWOptions -->
        <test-method status="PASS" signature="tearDownMockServer()[pri:0, instance:com.ibm.watson.health.acd.v1.unit.AnnotatorForClinicalDataAcdTest@22f046b]" name="tearDownMockServer" is-config="true" duration-ms="2" started-at="2020-05-09T00:58:35 GMT" finished-at="2020-05-09T00:58:35 GMT">
          <reporter-output>
          </reporter-output>
        </test-method> <!-- tearDownMockServer -->
        <test-method status="PASS" signature="afterPowerMockTestMethod()[pri:0, instance:com.ibm.watson.health.acd.v1.unit.AnnotatorForClinicalDataAcdTest@22f046b]" name="afterPowerMockTestMethod" is-config="true" duration-ms="0" started-at="2020-05-09T00:58:35 GMT" finished-at="2020-05-09T00:58:35 GMT">
          <reporter-output>
          </reporter-output>
        </test-method> <!-- afterPowerMockTestMethod -->
        <test-method status="PASS" signature="beforePowerMockTestMethod()[pri:0, instance:com.ibm.watson.health.acd.v1.unit.AnnotatorForClinicalDataAcdTest@22f046b]" name="beforePowerMockTestMethod" is-config="true" duration-ms="1" started-at="2020-05-09T00:58:35 GMT" finished-at="2020-05-09T00:58:35 GMT">
          <reporter-output>
          </reporter-output>
        </test-method> <!-- beforePowerMockTestMethod -->
        <test-method status="PASS" signature="setUpMockServer()[pri:0, instance:com.ibm.watson.health.acd.v1.unit.AnnotatorForClinicalDataAcdTest@22f046b]" name="setUpMockServer" is-config="true" duration-ms="0" started-at="2020-05-09T00:58:35 GMT" finished-at="2020-05-09T00:58:35 GMT">
          <reporter-output>
          </reporter-output>
        </test-method> <!-- setUpMockServer -->
        <test-method status="PASS" signature="testCartridgesPutMultipartWOptions()[pri:0, instance:com.ibm.watson.health.acd.v1.unit.AnnotatorForClinicalDataAcdTest@22f046b]" name="testCartridgesPutMultipartWOptions" duration-ms="17" started-at="2020-05-09T00:58:35 GMT" finished-at="2020-05-09T00:58:35 GMT">
          <reporter-output>
          </reporter-output>
        </test-method> <!-- testCartridgesPutMultipartWOptions -->
        <test-method status="PASS" signature="tearDownMockServer()[pri:0, instance:com.ibm.watson.health.acd.v1.unit.AnnotatorForClinicalDataAcdTest@22f046b]" name="tearDownMockServer" is-config="true" duration-ms="3" started-at="2020-05-09T00:58:35 GMT" finished-at="2020-05-09T00:58:35 GMT">
          <reporter-output>
          </reporter-output>
        </test-method> <!-- tearDownMockServer -->
        <test-method status="PASS" signature="afterPowerMockTestMethod()[pri:0, instance:com.ibm.watson.health.acd.v1.unit.AnnotatorForClinicalDataAcdTest@22f046b]" name="afterPowerMockTestMethod" is-config="true" duration-ms="1" started-at="2020-05-09T00:58:35 GMT" finished-at="2020-05-09T00:58:35 GMT">
          <reporter-output>
          </reporter-output>
        </test-method> <!-- afterPowerMockTestMethod -->
        <test-method status="PASS" signature="beforePowerMockTestMethod()[pri:0, instance:com.ibm.watson.health.acd.v1.unit.AnnotatorForClinicalDataAcdTest@22f046b]" name="beforePowerMockTestMethod" is-config="true" duration-ms="1" started-at="2020-05-09T00:58:35 GMT" finished-at="2020-05-09T00:58:35 GMT">
          <reporter-output>
          </reporter-output>
        </test-method> <!-- beforePowerMockTestMethod -->
        <test-method status="PASS" signature="setUpMockServer()[pri:0, instance:com.ibm.watson.health.acd.v1.unit.AnnotatorForClinicalDataAcdTest@22f046b]" name="setUpMockServer" is-config="true" duration-ms="1" started-at="2020-05-09T00:58:35 GMT" finished-at="2020-05-09T00:58:35 GMT">
          <reporter-output>
          </reporter-output>
        </test-method> <!-- setUpMockServer -->
        <test-method status="PASS" signature="testConstructorWithNullAuthenticator()[pri:0, instance:com.ibm.watson.health.acd.v1.unit.AnnotatorForClinicalDataAcdTest@22f046b]" name="testConstructorWithNullAuthenticator" duration-ms="26" started-at="2020-05-09T00:58:35 GMT" finished-at="2020-05-09T00:58:35 GMT">
          <exception class="java.lang.IllegalArgumentException">
            <message>
              <![CDATA[Authentication information was not properly configured.]]>
            </message>
            <full-stacktrace>
              <![CDATA[java.lang.IllegalArgumentException: Authentication information was not properly configured.
at com.ibm.cloud.sdk.core.service.BaseService.<init>(BaseService.java:100)
at com.ibm.watson.health.acd.v1.AnnotatorForClinicalData.<init>(AnnotatorForClinicalData.java:122)
at com.ibm.watson.health.acd.v1.unit.AnnotatorForClinicalDataAcdTest.testConstructorWithNullAuthenticator(AnnotatorForClinicalDataAcdTest.java:123)
at sun.reflect.NativeMethodAccessorImpl.invoke0(Native Method)
at sun.reflect.NativeMethodAccessorImpl.invoke(NativeMethodAccessorImpl.java:62)
at sun.reflect.DelegatingMethodAccessorImpl.invoke(DelegatingMethodAccessorImpl.java:43)
at java.lang.reflect.Method.invoke(Method.java:498)
at org.testng.internal.MethodInvocationHelper.invokeMethod(MethodInvocationHelper.java:134)
at org.testng.internal.TestInvoker.invokeMethod(TestInvoker.java:597)
at org.testng.internal.TestInvoker.invokeTestMethod(TestInvoker.java:173)
at org.testng.internal.MethodRunner.runInSequence(MethodRunner.java:46)
at org.testng.internal.TestInvoker$MethodInvocationAgent.invoke(TestInvoker.java:816)
at org.testng.internal.TestInvoker.invokeTestMethods(TestInvoker.java:146)
at org.testng.internal.TestMethodWorker.invokeTestMethods(TestMethodWorker.java:146)
at org.testng.internal.TestMethodWorker.run(TestMethodWorker.java:128)
at java.util.ArrayList.forEach(ArrayList.java:1257)
at org.testng.TestRunner.privateRun(TestRunner.java:766)
at org.testng.TestRunner.run(TestRunner.java:587)
at org.testng.SuiteRunner.runTest(SuiteRunner.java:384)
at org.testng.SuiteRunner.runSequentially(SuiteRunner.java:378)
at org.testng.SuiteRunner.privateRun(SuiteRunner.java:337)
at org.testng.SuiteRunner.run(SuiteRunner.java:286)
at org.testng.SuiteRunnerWorker.runSuite(SuiteRunnerWorker.java:53)
at org.testng.SuiteRunnerWorker.run(SuiteRunnerWorker.java:96)
at org.testng.TestNG.runSuitesSequentially(TestNG.java:1187)
at org.testng.TestNG.runSuitesLocally(TestNG.java:1109)
at org.testng.TestNG.runSuites(TestNG.java:1039)
at org.testng.TestNG.run(TestNG.java:1007)
at org.apache.maven.surefire.testng.TestNGExecutor.run(TestNGExecutor.java:77)
at org.apache.maven.surefire.testng.TestNGDirectoryTestSuite.executeMulti(TestNGDirectoryTestSuite.java:159)
at org.apache.maven.surefire.testng.TestNGDirectoryTestSuite.execute(TestNGDirectoryTestSuite.java:99)
at org.apache.maven.surefire.testng.TestNGProvider.invoke(TestNGProvider.java:106)
at sun.reflect.NativeMethodAccessorImpl.invoke0(Native Method)
at sun.reflect.NativeMethodAccessorImpl.invoke(NativeMethodAccessorImpl.java:62)
at sun.reflect.DelegatingMethodAccessorImpl.invoke(DelegatingMethodAccessorImpl.java:43)
at java.lang.reflect.Method.invoke(Method.java:498)
at org.apache.maven.surefire.util.ReflectionUtils.invokeMethodWithArray(ReflectionUtils.java:189)
at org.apache.maven.surefire.booter.ProviderFactory$ProviderProxy.invoke(ProviderFactory.java:165)
at org.apache.maven.surefire.booter.ProviderFactory.invokeProvider(ProviderFactory.java:85)
at org.apache.maven.surefire.booter.ForkedBooter.runSuitesInProcess(ForkedBooter.java:115)
at org.apache.maven.surefire.booter.ForkedBooter.main(ForkedBooter.java:75)
]]>
            </full-stacktrace>
          </exception> <!-- java.lang.IllegalArgumentException -->
          <reporter-output>
          </reporter-output>
        </test-method> <!-- testConstructorWithNullAuthenticator -->
        <test-method status="PASS" signature="tearDownMockServer()[pri:0, instance:com.ibm.watson.health.acd.v1.unit.AnnotatorForClinicalDataAcdTest@22f046b]" name="tearDownMockServer" is-config="true" duration-ms="3" started-at="2020-05-09T00:58:35 GMT" finished-at="2020-05-09T00:58:35 GMT">
          <reporter-output>
          </reporter-output>
        </test-method> <!-- tearDownMockServer -->
        <test-method status="PASS" signature="afterPowerMockTestMethod()[pri:0, instance:com.ibm.watson.health.acd.v1.unit.AnnotatorForClinicalDataAcdTest@22f046b]" name="afterPowerMockTestMethod" is-config="true" duration-ms="0" started-at="2020-05-09T00:58:35 GMT" finished-at="2020-05-09T00:58:35 GMT">
          <reporter-output>
          </reporter-output>
        </test-method> <!-- afterPowerMockTestMethod -->
        <test-method status="PASS" signature="beforePowerMockTestMethod()[pri:0, instance:com.ibm.watson.health.acd.v1.unit.AnnotatorForClinicalDataAcdTest@22f046b]" name="beforePowerMockTestMethod" is-config="true" duration-ms="0" started-at="2020-05-09T00:58:35 GMT" finished-at="2020-05-09T00:58:35 GMT">
          <reporter-output>
          </reporter-output>
        </test-method> <!-- beforePowerMockTestMethod -->
        <test-method status="PASS" signature="setUpMockServer()[pri:0, instance:com.ibm.watson.health.acd.v1.unit.AnnotatorForClinicalDataAcdTest@22f046b]" name="setUpMockServer" is-config="true" duration-ms="1" started-at="2020-05-09T00:58:35 GMT" finished-at="2020-05-09T00:58:35 GMT">
          <reporter-output>
          </reporter-output>
        </test-method> <!-- setUpMockServer -->
        <test-method status="PASS" signature="testCreateFlowsWOptions()[pri:0, instance:com.ibm.watson.health.acd.v1.unit.AnnotatorForClinicalDataAcdTest@22f046b]" name="testCreateFlowsWOptions" duration-ms="76" started-at="2020-05-09T00:58:35 GMT" finished-at="2020-05-09T00:58:35 GMT">
          <reporter-output>
          </reporter-output>
        </test-method> <!-- testCreateFlowsWOptions -->
        <test-method status="PASS" signature="tearDownMockServer()[pri:0, instance:com.ibm.watson.health.acd.v1.unit.AnnotatorForClinicalDataAcdTest@22f046b]" name="tearDownMockServer" is-config="true" duration-ms="2" started-at="2020-05-09T00:58:35 GMT" finished-at="2020-05-09T00:58:35 GMT">
          <reporter-output>
          </reporter-output>
        </test-method> <!-- tearDownMockServer -->
        <test-method status="PASS" signature="afterPowerMockTestMethod()[pri:0, instance:com.ibm.watson.health.acd.v1.unit.AnnotatorForClinicalDataAcdTest@22f046b]" name="afterPowerMockTestMethod" is-config="true" duration-ms="1" started-at="2020-05-09T00:58:35 GMT" finished-at="2020-05-09T00:58:35 GMT">
          <reporter-output>
          </reporter-output>
        </test-method> <!-- afterPowerMockTestMethod -->
        <test-method status="PASS" signature="beforePowerMockTestMethod()[pri:0, instance:com.ibm.watson.health.acd.v1.unit.AnnotatorForClinicalDataAcdTest@22f046b]" name="beforePowerMockTestMethod" is-config="true" duration-ms="1" started-at="2020-05-09T00:58:35 GMT" finished-at="2020-05-09T00:58:35 GMT">
          <reporter-output>
          </reporter-output>
        </test-method> <!-- beforePowerMockTestMethod -->
        <test-method status="PASS" signature="setUpMockServer()[pri:0, instance:com.ibm.watson.health.acd.v1.unit.AnnotatorForClinicalDataAcdTest@22f046b]" name="setUpMockServer" is-config="true" duration-ms="1" started-at="2020-05-09T00:58:35 GMT" finished-at="2020-05-09T00:58:35 GMT">
          <reporter-output>
          </reporter-output>
        </test-method> <!-- setUpMockServer -->
        <test-method status="PASS" signature="testCreateProfileWOptions()[pri:0, instance:com.ibm.watson.health.acd.v1.unit.AnnotatorForClinicalDataAcdTest@22f046b]" name="testCreateProfileWOptions" duration-ms="21" started-at="2020-05-09T00:58:35 GMT" finished-at="2020-05-09T00:58:35 GMT">
          <reporter-output>
          </reporter-output>
        </test-method> <!-- testCreateProfileWOptions -->
        <test-method status="PASS" signature="tearDownMockServer()[pri:0, instance:com.ibm.watson.health.acd.v1.unit.AnnotatorForClinicalDataAcdTest@22f046b]" name="tearDownMockServer" is-config="true" duration-ms="2" started-at="2020-05-09T00:58:35 GMT" finished-at="2020-05-09T00:58:35 GMT">
          <reporter-output>
          </reporter-output>
        </test-method> <!-- tearDownMockServer -->
        <test-method status="PASS" signature="afterPowerMockTestMethod()[pri:0, instance:com.ibm.watson.health.acd.v1.unit.AnnotatorForClinicalDataAcdTest@22f046b]" name="afterPowerMockTestMethod" is-config="true" duration-ms="0" started-at="2020-05-09T00:58:35 GMT" finished-at="2020-05-09T00:58:35 GMT">
          <reporter-output>
          </reporter-output>
        </test-method> <!-- afterPowerMockTestMethod -->
        <test-method status="PASS" signature="setUpMockServer()[pri:0, instance:com.ibm.watson.health.acd.v1.unit.AnnotatorForClinicalDataAcdTest@22f046b]" name="setUpMockServer" is-config="true" duration-ms="1" started-at="2020-05-09T00:58:35 GMT" finished-at="2020-05-09T00:58:35 GMT">
          <reporter-output>
          </reporter-output>
        </test-method> <!-- setUpMockServer -->
        <test-method status="PASS" signature="beforePowerMockTestMethod()[pri:0, instance:com.ibm.watson.health.acd.v1.unit.AnnotatorForClinicalDataAcdTest@22f046b]" name="beforePowerMockTestMethod" is-config="true" duration-ms="0" started-at="2020-05-09T00:58:35 GMT" finished-at="2020-05-09T00:58:35 GMT">
          <reporter-output>
          </reporter-output>
        </test-method> <!-- beforePowerMockTestMethod -->
        <test-method status="PASS" signature="testDeleteFlowsNoOptions()[pri:0, instance:com.ibm.watson.health.acd.v1.unit.AnnotatorForClinicalDataAcdTest@22f046b]" name="testDeleteFlowsNoOptions" duration-ms="5" started-at="2020-05-09T00:58:35 GMT" finished-at="2020-05-09T00:58:35 GMT">
          <exception class="java.lang.IllegalArgumentException">
            <message>
              <![CDATA[deleteFlowsOptions cannot be null]]>
            </message>
            <full-stacktrace>
              <![CDATA[java.lang.IllegalArgumentException: deleteFlowsOptions cannot be null
at com.ibm.cloud.sdk.core.util.Validator.notNull(Validator.java:97)
at com.ibm.watson.health.acd.v1.AnnotatorForClinicalData.deleteFlows(AnnotatorForClinicalData.java:614)
at com.ibm.watson.health.acd.v1.unit.AnnotatorForClinicalDataAcdTest.testDeleteFlowsNoOptions(AnnotatorForClinicalDataAcdTest.java:705)
at sun.reflect.NativeMethodAccessorImpl.invoke0(Native Method)
at sun.reflect.NativeMethodAccessorImpl.invoke(NativeMethodAccessorImpl.java:62)
at sun.reflect.DelegatingMethodAccessorImpl.invoke(DelegatingMethodAccessorImpl.java:43)
at java.lang.reflect.Method.invoke(Method.java:498)
at org.testng.internal.MethodInvocationHelper.invokeMethod(MethodInvocationHelper.java:134)
at org.testng.internal.TestInvoker.invokeMethod(TestInvoker.java:597)
at org.testng.internal.TestInvoker.invokeTestMethod(TestInvoker.java:173)
at org.testng.internal.MethodRunner.runInSequence(MethodRunner.java:46)
at org.testng.internal.TestInvoker$MethodInvocationAgent.invoke(TestInvoker.java:816)
at org.testng.internal.TestInvoker.invokeTestMethods(TestInvoker.java:146)
at org.testng.internal.TestMethodWorker.invokeTestMethods(TestMethodWorker.java:146)
at org.testng.internal.TestMethodWorker.run(TestMethodWorker.java:128)
at java.util.ArrayList.forEach(ArrayList.java:1257)
at org.testng.TestRunner.privateRun(TestRunner.java:766)
at org.testng.TestRunner.run(TestRunner.java:587)
at org.testng.SuiteRunner.runTest(SuiteRunner.java:384)
at org.testng.SuiteRunner.runSequentially(SuiteRunner.java:378)
at org.testng.SuiteRunner.privateRun(SuiteRunner.java:337)
at org.testng.SuiteRunner.run(SuiteRunner.java:286)
at org.testng.SuiteRunnerWorker.runSuite(SuiteRunnerWorker.java:53)
at org.testng.SuiteRunnerWorker.run(SuiteRunnerWorker.java:96)
at org.testng.TestNG.runSuitesSequentially(TestNG.java:1187)
at org.testng.TestNG.runSuitesLocally(TestNG.java:1109)
at org.testng.TestNG.runSuites(TestNG.java:1039)
at org.testng.TestNG.run(TestNG.java:1007)
at org.apache.maven.surefire.testng.TestNGExecutor.run(TestNGExecutor.java:77)
at org.apache.maven.surefire.testng.TestNGDirectoryTestSuite.executeMulti(TestNGDirectoryTestSuite.java:159)
at org.apache.maven.surefire.testng.TestNGDirectoryTestSuite.execute(TestNGDirectoryTestSuite.java:99)
at org.apache.maven.surefire.testng.TestNGProvider.invoke(TestNGProvider.java:106)
at sun.reflect.NativeMethodAccessorImpl.invoke0(Native Method)
at sun.reflect.NativeMethodAccessorImpl.invoke(NativeMethodAccessorImpl.java:62)
at sun.reflect.DelegatingMethodAccessorImpl.invoke(DelegatingMethodAccessorImpl.java:43)
at java.lang.reflect.Method.invoke(Method.java:498)
at org.apache.maven.surefire.util.ReflectionUtils.invokeMethodWithArray(ReflectionUtils.java:189)
at org.apache.maven.surefire.booter.ProviderFactory$ProviderProxy.invoke(ProviderFactory.java:165)
at org.apache.maven.surefire.booter.ProviderFactory.invokeProvider(ProviderFactory.java:85)
at org.apache.maven.surefire.booter.ForkedBooter.runSuitesInProcess(ForkedBooter.java:115)
at org.apache.maven.surefire.booter.ForkedBooter.main(ForkedBooter.java:75)
]]>
            </full-stacktrace>
          </exception> <!-- java.lang.IllegalArgumentException -->
          <reporter-output>
          </reporter-output>
        </test-method> <!-- testDeleteFlowsNoOptions -->
        <test-method status="PASS" signature="tearDownMockServer()[pri:0, instance:com.ibm.watson.health.acd.v1.unit.AnnotatorForClinicalDataAcdTest@22f046b]" name="tearDownMockServer" is-config="true" duration-ms="1" started-at="2020-05-09T00:58:35 GMT" finished-at="2020-05-09T00:58:35 GMT">
          <reporter-output>
          </reporter-output>
        </test-method> <!-- tearDownMockServer -->
        <test-method status="PASS" signature="afterPowerMockTestMethod()[pri:0, instance:com.ibm.watson.health.acd.v1.unit.AnnotatorForClinicalDataAcdTest@22f046b]" name="afterPowerMockTestMethod" is-config="true" duration-ms="0" started-at="2020-05-09T00:58:35 GMT" finished-at="2020-05-09T00:58:35 GMT">
          <reporter-output>
          </reporter-output>
        </test-method> <!-- afterPowerMockTestMethod -->
        <test-method status="PASS" signature="beforePowerMockTestMethod()[pri:0, instance:com.ibm.watson.health.acd.v1.unit.AnnotatorForClinicalDataAcdTest@22f046b]" name="beforePowerMockTestMethod" is-config="true" duration-ms="0" started-at="2020-05-09T00:58:35 GMT" finished-at="2020-05-09T00:58:35 GMT">
          <reporter-output>
          </reporter-output>
        </test-method> <!-- beforePowerMockTestMethod -->
        <test-method status="PASS" signature="setUpMockServer()[pri:0, instance:com.ibm.watson.health.acd.v1.unit.AnnotatorForClinicalDataAcdTest@22f046b]" name="setUpMockServer" is-config="true" duration-ms="0" started-at="2020-05-09T00:58:35 GMT" finished-at="2020-05-09T00:58:35 GMT">
          <reporter-output>
          </reporter-output>
        </test-method> <!-- setUpMockServer -->
        <test-method status="PASS" signature="testDeleteFlowsWOptions()[pri:0, instance:com.ibm.watson.health.acd.v1.unit.AnnotatorForClinicalDataAcdTest@22f046b]" name="testDeleteFlowsWOptions" duration-ms="13" started-at="2020-05-09T00:58:35 GMT" finished-at="2020-05-09T00:58:35 GMT">
          <reporter-output>
          </reporter-output>
        </test-method> <!-- testDeleteFlowsWOptions -->
        <test-method status="PASS" signature="tearDownMockServer()[pri:0, instance:com.ibm.watson.health.acd.v1.unit.AnnotatorForClinicalDataAcdTest@22f046b]" name="tearDownMockServer" is-config="true" duration-ms="1" started-at="2020-05-09T00:58:35 GMT" finished-at="2020-05-09T00:58:35 GMT">
          <reporter-output>
          </reporter-output>
        </test-method> <!-- tearDownMockServer -->
        <test-method status="PASS" signature="afterPowerMockTestMethod()[pri:0, instance:com.ibm.watson.health.acd.v1.unit.AnnotatorForClinicalDataAcdTest@22f046b]" name="afterPowerMockTestMethod" is-config="true" duration-ms="1" started-at="2020-05-09T00:58:35 GMT" finished-at="2020-05-09T00:58:35 GMT">
          <reporter-output>
          </reporter-output>
        </test-method> <!-- afterPowerMockTestMethod -->
        <test-method status="PASS" signature="beforePowerMockTestMethod()[pri:0, instance:com.ibm.watson.health.acd.v1.unit.AnnotatorForClinicalDataAcdTest@22f046b]" name="beforePowerMockTestMethod" is-config="true" duration-ms="1" started-at="2020-05-09T00:58:35 GMT" finished-at="2020-05-09T00:58:35 GMT">
          <reporter-output>
          </reporter-output>
        </test-method> <!-- beforePowerMockTestMethod -->
        <test-method status="PASS" signature="setUpMockServer()[pri:0, instance:com.ibm.watson.health.acd.v1.unit.AnnotatorForClinicalDataAcdTest@22f046b]" name="setUpMockServer" is-config="true" duration-ms="1" started-at="2020-05-09T00:58:35 GMT" finished-at="2020-05-09T00:58:35 GMT">
          <reporter-output>
          </reporter-output>
        </test-method> <!-- setUpMockServer -->
        <test-method status="PASS" signature="testDeleteProfileNoOptions()[pri:0, instance:com.ibm.watson.health.acd.v1.unit.AnnotatorForClinicalDataAcdTest@22f046b]" name="testDeleteProfileNoOptions" duration-ms="7" started-at="2020-05-09T00:58:35 GMT" finished-at="2020-05-09T00:58:35 GMT">
          <exception class="java.lang.IllegalArgumentException">
            <message>
              <![CDATA[deleteProfileOptions cannot be null]]>
            </message>
            <full-stacktrace>
              <![CDATA[java.lang.IllegalArgumentException: deleteProfileOptions cannot be null
at com.ibm.cloud.sdk.core.util.Validator.notNull(Validator.java:97)
at com.ibm.watson.health.acd.v1.AnnotatorForClinicalData.deleteProfile(AnnotatorForClinicalData.java:368)
at com.ibm.watson.health.acd.v1.unit.AnnotatorForClinicalDataAcdTest.testDeleteProfileNoOptions(AnnotatorForClinicalDataAcdTest.java:403)
at sun.reflect.NativeMethodAccessorImpl.invoke0(Native Method)
at sun.reflect.NativeMethodAccessorImpl.invoke(NativeMethodAccessorImpl.java:62)
at sun.reflect.DelegatingMethodAccessorImpl.invoke(DelegatingMethodAccessorImpl.java:43)
at java.lang.reflect.Method.invoke(Method.java:498)
at org.testng.internal.MethodInvocationHelper.invokeMethod(MethodInvocationHelper.java:134)
at org.testng.internal.TestInvoker.invokeMethod(TestInvoker.java:597)
at org.testng.internal.TestInvoker.invokeTestMethod(TestInvoker.java:173)
at org.testng.internal.MethodRunner.runInSequence(MethodRunner.java:46)
at org.testng.internal.TestInvoker$MethodInvocationAgent.invoke(TestInvoker.java:816)
at org.testng.internal.TestInvoker.invokeTestMethods(TestInvoker.java:146)
at org.testng.internal.TestMethodWorker.invokeTestMethods(TestMethodWorker.java:146)
at org.testng.internal.TestMethodWorker.run(TestMethodWorker.java:128)
at java.util.ArrayList.forEach(ArrayList.java:1257)
at org.testng.TestRunner.privateRun(TestRunner.java:766)
at org.testng.TestRunner.run(TestRunner.java:587)
at org.testng.SuiteRunner.runTest(SuiteRunner.java:384)
at org.testng.SuiteRunner.runSequentially(SuiteRunner.java:378)
at org.testng.SuiteRunner.privateRun(SuiteRunner.java:337)
at org.testng.SuiteRunner.run(SuiteRunner.java:286)
at org.testng.SuiteRunnerWorker.runSuite(SuiteRunnerWorker.java:53)
at org.testng.SuiteRunnerWorker.run(SuiteRunnerWorker.java:96)
at org.testng.TestNG.runSuitesSequentially(TestNG.java:1187)
at org.testng.TestNG.runSuitesLocally(TestNG.java:1109)
at org.testng.TestNG.runSuites(TestNG.java:1039)
at org.testng.TestNG.run(TestNG.java:1007)
at org.apache.maven.surefire.testng.TestNGExecutor.run(TestNGExecutor.java:77)
at org.apache.maven.surefire.testng.TestNGDirectoryTestSuite.executeMulti(TestNGDirectoryTestSuite.java:159)
at org.apache.maven.surefire.testng.TestNGDirectoryTestSuite.execute(TestNGDirectoryTestSuite.java:99)
at org.apache.maven.surefire.testng.TestNGProvider.invoke(TestNGProvider.java:106)
at sun.reflect.NativeMethodAccessorImpl.invoke0(Native Method)
at sun.reflect.NativeMethodAccessorImpl.invoke(NativeMethodAccessorImpl.java:62)
at sun.reflect.DelegatingMethodAccessorImpl.invoke(DelegatingMethodAccessorImpl.java:43)
at java.lang.reflect.Method.invoke(Method.java:498)
at org.apache.maven.surefire.util.ReflectionUtils.invokeMethodWithArray(ReflectionUtils.java:189)
at org.apache.maven.surefire.booter.ProviderFactory$ProviderProxy.invoke(ProviderFactory.java:165)
at org.apache.maven.surefire.booter.ProviderFactory.invokeProvider(ProviderFactory.java:85)
at org.apache.maven.surefire.booter.ForkedBooter.runSuitesInProcess(ForkedBooter.java:115)
at org.apache.maven.surefire.booter.ForkedBooter.main(ForkedBooter.java:75)
]]>
            </full-stacktrace>
          </exception> <!-- java.lang.IllegalArgumentException -->
          <reporter-output>
          </reporter-output>
        </test-method> <!-- testDeleteProfileNoOptions -->
        <test-method status="PASS" signature="tearDownMockServer()[pri:0, instance:com.ibm.watson.health.acd.v1.unit.AnnotatorForClinicalDataAcdTest@22f046b]" name="tearDownMockServer" is-config="true" duration-ms="1" started-at="2020-05-09T00:58:35 GMT" finished-at="2020-05-09T00:58:35 GMT">
          <reporter-output>
          </reporter-output>
        </test-method> <!-- tearDownMockServer -->
        <test-method status="PASS" signature="afterPowerMockTestMethod()[pri:0, instance:com.ibm.watson.health.acd.v1.unit.AnnotatorForClinicalDataAcdTest@22f046b]" name="afterPowerMockTestMethod" is-config="true" duration-ms="0" started-at="2020-05-09T00:58:35 GMT" finished-at="2020-05-09T00:58:35 GMT">
          <reporter-output>
          </reporter-output>
        </test-method> <!-- afterPowerMockTestMethod -->
        <test-method status="PASS" signature="beforePowerMockTestMethod()[pri:0, instance:com.ibm.watson.health.acd.v1.unit.AnnotatorForClinicalDataAcdTest@22f046b]" name="beforePowerMockTestMethod" is-config="true" duration-ms="1" started-at="2020-05-09T00:58:35 GMT" finished-at="2020-05-09T00:58:35 GMT">
          <reporter-output>
          </reporter-output>
        </test-method> <!-- beforePowerMockTestMethod -->
        <test-method status="PASS" signature="testDeleteProfileWOptions()[pri:0, instance:com.ibm.watson.health.acd.v1.unit.AnnotatorForClinicalDataAcdTest@22f046b]" name="testDeleteProfileWOptions" duration-ms="13" started-at="2020-05-09T00:58:35 GMT" finished-at="2020-05-09T00:58:35 GMT">
          <reporter-output>
          </reporter-output>
        </test-method> <!-- testDeleteProfileWOptions -->
        <test-method status="PASS" signature="setUpMockServer()[pri:0, instance:com.ibm.watson.health.acd.v1.unit.AnnotatorForClinicalDataAcdTest@22f046b]" name="setUpMockServer" is-config="true" duration-ms="0" started-at="2020-05-09T00:58:35 GMT" finished-at="2020-05-09T00:58:35 GMT">
          <reporter-output>
          </reporter-output>
        </test-method> <!-- setUpMockServer -->
        <test-method status="PASS" signature="tearDownMockServer()[pri:0, instance:com.ibm.watson.health.acd.v1.unit.AnnotatorForClinicalDataAcdTest@22f046b]" name="tearDownMockServer" is-config="true" duration-ms="4" started-at="2020-05-09T00:58:35 GMT" finished-at="2020-05-09T00:58:35 GMT">
          <reporter-output>
          </reporter-output>
        </test-method> <!-- tearDownMockServer -->
        <test-method status="PASS" signature="afterPowerMockTestMethod()[pri:0, instance:com.ibm.watson.health.acd.v1.unit.AnnotatorForClinicalDataAcdTest@22f046b]" name="afterPowerMockTestMethod" is-config="true" duration-ms="0" started-at="2020-05-09T00:58:35 GMT" finished-at="2020-05-09T00:58:35 GMT">
          <reporter-output>
          </reporter-output>
        </test-method> <!-- afterPowerMockTestMethod -->
        <test-method status="PASS" signature="beforePowerMockTestMethod()[pri:0, instance:com.ibm.watson.health.acd.v1.unit.AnnotatorForClinicalDataAcdTest@22f046b]" name="beforePowerMockTestMethod" is-config="true" duration-ms="1" started-at="2020-05-09T00:58:35 GMT" finished-at="2020-05-09T00:58:35 GMT">
          <reporter-output>
          </reporter-output>
        </test-method> <!-- beforePowerMockTestMethod -->
        <test-method status="PASS" signature="setUpMockServer()[pri:0, instance:com.ibm.watson.health.acd.v1.unit.AnnotatorForClinicalDataAcdTest@22f046b]" name="setUpMockServer" is-config="true" duration-ms="1" started-at="2020-05-09T00:58:35 GMT" finished-at="2020-05-09T00:58:35 GMT">
          <reporter-output>
          </reporter-output>
        </test-method> <!-- setUpMockServer -->
        <test-method status="PASS" signature="testDeleteUserSpecificArtifactsWOptions()[pri:0, instance:com.ibm.watson.health.acd.v1.unit.AnnotatorForClinicalDataAcdTest@22f046b]" name="testDeleteUserSpecificArtifactsWOptions" duration-ms="9" started-at="2020-05-09T00:58:35 GMT" finished-at="2020-05-09T00:58:35 GMT">
          <reporter-output>
          </reporter-output>
        </test-method> <!-- testDeleteUserSpecificArtifactsWOptions -->
        <test-method status="PASS" signature="tearDownMockServer()[pri:0, instance:com.ibm.watson.health.acd.v1.unit.AnnotatorForClinicalDataAcdTest@22f046b]" name="tearDownMockServer" is-config="true" duration-ms="1" started-at="2020-05-09T00:58:35 GMT" finished-at="2020-05-09T00:58:35 GMT">
          <reporter-output>
          </reporter-output>
        </test-method> <!-- tearDownMockServer -->
        <test-method status="PASS" signature="afterPowerMockTestMethod()[pri:0, instance:com.ibm.watson.health.acd.v1.unit.AnnotatorForClinicalDataAcdTest@22f046b]" name="afterPowerMockTestMethod" is-config="true" duration-ms="0" started-at="2020-05-09T00:58:35 GMT" finished-at="2020-05-09T00:58:35 GMT">
          <reporter-output>
          </reporter-output>
        </test-method> <!-- afterPowerMockTestMethod -->
        <test-method status="PASS" signature="beforePowerMockTestMethod()[pri:0, instance:com.ibm.watson.health.acd.v1.unit.AnnotatorForClinicalDataAcdTest@22f046b]" name="beforePowerMockTestMethod" is-config="true" duration-ms="1" started-at="2020-05-09T00:58:35 GMT" finished-at="2020-05-09T00:58:35 GMT">
          <reporter-output>
          </reporter-output>
        </test-method> <!-- beforePowerMockTestMethod -->
        <test-method status="PASS" signature="setUpMockServer()[pri:0, instance:com.ibm.watson.health.acd.v1.unit.AnnotatorForClinicalDataAcdTest@22f046b]" name="setUpMockServer" is-config="true" duration-ms="1" started-at="2020-05-09T00:58:35 GMT" finished-at="2020-05-09T00:58:35 GMT">
          <reporter-output>
          </reporter-output>
        </test-method> <!-- setUpMockServer -->
        <test-method status="PASS" signature="testDeployCartridgeWOptions()[pri:0, instance:com.ibm.watson.health.acd.v1.unit.AnnotatorForClinicalDataAcdTest@22f046b]" name="testDeployCartridgeWOptions" duration-ms="15" started-at="2020-05-09T00:58:35 GMT" finished-at="2020-05-09T00:58:35 GMT">
          <reporter-output>
          </reporter-output>
        </test-method> <!-- testDeployCartridgeWOptions -->
        <test-method status="PASS" signature="tearDownMockServer()[pri:0, instance:com.ibm.watson.health.acd.v1.unit.AnnotatorForClinicalDataAcdTest@22f046b]" name="tearDownMockServer" is-config="true" duration-ms="1" started-at="2020-05-09T00:58:35 GMT" finished-at="2020-05-09T00:58:35 GMT">
          <reporter-output>
          </reporter-output>
        </test-method> <!-- tearDownMockServer -->
        <test-method status="PASS" signature="afterPowerMockTestMethod()[pri:0, instance:com.ibm.watson.health.acd.v1.unit.AnnotatorForClinicalDataAcdTest@22f046b]" name="afterPowerMockTestMethod" is-config="true" duration-ms="1" started-at="2020-05-09T00:58:35 GMT" finished-at="2020-05-09T00:58:35 GMT">
          <reporter-output>
          </reporter-output>
        </test-method> <!-- afterPowerMockTestMethod -->
        <test-method status="PASS" signature="beforePowerMockTestMethod()[pri:0, instance:com.ibm.watson.health.acd.v1.unit.AnnotatorForClinicalDataAcdTest@22f046b]" name="beforePowerMockTestMethod" is-config="true" duration-ms="0" started-at="2020-05-09T00:58:35 GMT" finished-at="2020-05-09T00:58:35 GMT">
          <reporter-output>
          </reporter-output>
        </test-method> <!-- beforePowerMockTestMethod -->
        <test-method status="PASS" signature="setUpMockServer()[pri:0, instance:com.ibm.watson.health.acd.v1.unit.AnnotatorForClinicalDataAcdTest@22f046b]" name="setUpMockServer" is-config="true" duration-ms="1" started-at="2020-05-09T00:58:35 GMT" finished-at="2020-05-09T00:58:35 GMT">
          <reporter-output>
          </reporter-output>
        </test-method> <!-- setUpMockServer -->
        <test-method status="PASS" signature="testGetAnnotatorsByIdNoOptions()[pri:0, instance:com.ibm.watson.health.acd.v1.unit.AnnotatorForClinicalDataAcdTest@22f046b]" name="testGetAnnotatorsByIdNoOptions" duration-ms="5" started-at="2020-05-09T00:58:35 GMT" finished-at="2020-05-09T00:58:35 GMT">
          <exception class="java.lang.IllegalArgumentException">
            <message>
              <![CDATA[getAnnotatorsByIdOptions cannot be null]]>
            </message>
            <full-stacktrace>
              <![CDATA[java.lang.IllegalArgumentException: getAnnotatorsByIdOptions cannot be null
at com.ibm.cloud.sdk.core.util.Validator.notNull(Validator.java:97)
at com.ibm.watson.health.acd.v1.AnnotatorForClinicalData.getAnnotatorsById(AnnotatorForClinicalData.java:1202)
at com.ibm.watson.health.acd.v1.unit.AnnotatorForClinicalDataAcdTest.testGetAnnotatorsByIdNoOptions(AnnotatorForClinicalDataAcdTest.java:977)
at sun.reflect.NativeMethodAccessorImpl.invoke0(Native Method)
at sun.reflect.NativeMethodAccessorImpl.invoke(NativeMethodAccessorImpl.java:62)
at sun.reflect.DelegatingMethodAccessorImpl.invoke(DelegatingMethodAccessorImpl.java:43)
at java.lang.reflect.Method.invoke(Method.java:498)
at org.testng.internal.MethodInvocationHelper.invokeMethod(MethodInvocationHelper.java:134)
at org.testng.internal.TestInvoker.invokeMethod(TestInvoker.java:597)
at org.testng.internal.TestInvoker.invokeTestMethod(TestInvoker.java:173)
at org.testng.internal.MethodRunner.runInSequence(MethodRunner.java:46)
at org.testng.internal.TestInvoker$MethodInvocationAgent.invoke(TestInvoker.java:816)
at org.testng.internal.TestInvoker.invokeTestMethods(TestInvoker.java:146)
at org.testng.internal.TestMethodWorker.invokeTestMethods(TestMethodWorker.java:146)
at org.testng.internal.TestMethodWorker.run(TestMethodWorker.java:128)
at java.util.ArrayList.forEach(ArrayList.java:1257)
at org.testng.TestRunner.privateRun(TestRunner.java:766)
at org.testng.TestRunner.run(TestRunner.java:587)
at org.testng.SuiteRunner.runTest(SuiteRunner.java:384)
at org.testng.SuiteRunner.runSequentially(SuiteRunner.java:378)
at org.testng.SuiteRunner.privateRun(SuiteRunner.java:337)
at org.testng.SuiteRunner.run(SuiteRunner.java:286)
at org.testng.SuiteRunnerWorker.runSuite(SuiteRunnerWorker.java:53)
at org.testng.SuiteRunnerWorker.run(SuiteRunnerWorker.java:96)
at org.testng.TestNG.runSuitesSequentially(TestNG.java:1187)
at org.testng.TestNG.runSuitesLocally(TestNG.java:1109)
at org.testng.TestNG.runSuites(TestNG.java:1039)
at org.testng.TestNG.run(TestNG.java:1007)
at org.apache.maven.surefire.testng.TestNGExecutor.run(TestNGExecutor.java:77)
at org.apache.maven.surefire.testng.TestNGDirectoryTestSuite.executeMulti(TestNGDirectoryTestSuite.java:159)
at org.apache.maven.surefire.testng.TestNGDirectoryTestSuite.execute(TestNGDirectoryTestSuite.java:99)
at org.apache.maven.surefire.testng.TestNGProvider.invoke(TestNGProvider.java:106)
at sun.reflect.NativeMethodAccessorImpl.invoke0(Native Method)
at sun.reflect.NativeMethodAccessorImpl.invoke(NativeMethodAccessorImpl.java:62)
at sun.reflect.DelegatingMethodAccessorImpl.invoke(DelegatingMethodAccessorImpl.java:43)
at java.lang.reflect.Method.invoke(Method.java:498)
at org.apache.maven.surefire.util.ReflectionUtils.invokeMethodWithArray(ReflectionUtils.java:189)
at org.apache.maven.surefire.booter.ProviderFactory$ProviderProxy.invoke(ProviderFactory.java:165)
at org.apache.maven.surefire.booter.ProviderFactory.invokeProvider(ProviderFactory.java:85)
at org.apache.maven.surefire.booter.ForkedBooter.runSuitesInProcess(ForkedBooter.java:115)
at org.apache.maven.surefire.booter.ForkedBooter.main(ForkedBooter.java:75)
]]>
            </full-stacktrace>
          </exception> <!-- java.lang.IllegalArgumentException -->
          <reporter-output>
          </reporter-output>
        </test-method> <!-- testGetAnnotatorsByIdNoOptions -->
        <test-method status="PASS" signature="tearDownMockServer()[pri:0, instance:com.ibm.watson.health.acd.v1.unit.AnnotatorForClinicalDataAcdTest@22f046b]" name="tearDownMockServer" is-config="true" duration-ms="1" started-at="2020-05-09T00:58:35 GMT" finished-at="2020-05-09T00:58:35 GMT">
          <reporter-output>
          </reporter-output>
        </test-method> <!-- tearDownMockServer -->
        <test-method status="PASS" signature="afterPowerMockTestMethod()[pri:0, instance:com.ibm.watson.health.acd.v1.unit.AnnotatorForClinicalDataAcdTest@22f046b]" name="afterPowerMockTestMethod" is-config="true" duration-ms="1" started-at="2020-05-09T00:58:35 GMT" finished-at="2020-05-09T00:58:35 GMT">
          <reporter-output>
          </reporter-output>
        </test-method> <!-- afterPowerMockTestMethod -->
        <test-method status="PASS" signature="beforePowerMockTestMethod()[pri:0, instance:com.ibm.watson.health.acd.v1.unit.AnnotatorForClinicalDataAcdTest@22f046b]" name="beforePowerMockTestMethod" is-config="true" duration-ms="2" started-at="2020-05-09T00:58:35 GMT" finished-at="2020-05-09T00:58:35 GMT">
          <reporter-output>
          </reporter-output>
        </test-method> <!-- beforePowerMockTestMethod -->
        <test-method status="PASS" signature="setUpMockServer()[pri:0, instance:com.ibm.watson.health.acd.v1.unit.AnnotatorForClinicalDataAcdTest@22f046b]" name="setUpMockServer" is-config="true" duration-ms="1" started-at="2020-05-09T00:58:35 GMT" finished-at="2020-05-09T00:58:35 GMT">
          <reporter-output>
          </reporter-output>
        </test-method> <!-- setUpMockServer -->
        <test-method status="PASS" signature="testGetAnnotatorsByIdWOptions()[pri:0, instance:com.ibm.watson.health.acd.v1.unit.AnnotatorForClinicalDataAcdTest@22f046b]" name="testGetAnnotatorsByIdWOptions" duration-ms="16" started-at="2020-05-09T00:58:35 GMT" finished-at="2020-05-09T00:58:35 GMT">
          <reporter-output>
          </reporter-output>
        </test-method> <!-- testGetAnnotatorsByIdWOptions -->
        <test-method status="PASS" signature="tearDownMockServer()[pri:0, instance:com.ibm.watson.health.acd.v1.unit.AnnotatorForClinicalDataAcdTest@22f046b]" name="tearDownMockServer" is-config="true" duration-ms="2" started-at="2020-05-09T00:58:35 GMT" finished-at="2020-05-09T00:58:35 GMT">
          <reporter-output>
          </reporter-output>
        </test-method> <!-- tearDownMockServer -->
        <test-method status="PASS" signature="afterPowerMockTestMethod()[pri:0, instance:com.ibm.watson.health.acd.v1.unit.AnnotatorForClinicalDataAcdTest@22f046b]" name="afterPowerMockTestMethod" is-config="true" duration-ms="2" started-at="2020-05-09T00:58:35 GMT" finished-at="2020-05-09T00:58:35 GMT">
          <reporter-output>
          </reporter-output>
        </test-method> <!-- afterPowerMockTestMethod -->
        <test-method status="PASS" signature="beforePowerMockTestMethod()[pri:0, instance:com.ibm.watson.health.acd.v1.unit.AnnotatorForClinicalDataAcdTest@22f046b]" name="beforePowerMockTestMethod" is-config="true" duration-ms="1" started-at="2020-05-09T00:58:35 GMT" finished-at="2020-05-09T00:58:35 GMT">
          <reporter-output>
          </reporter-output>
        </test-method> <!-- beforePowerMockTestMethod -->
        <test-method status="PASS" signature="setUpMockServer()[pri:0, instance:com.ibm.watson.health.acd.v1.unit.AnnotatorForClinicalDataAcdTest@22f046b]" name="setUpMockServer" is-config="true" duration-ms="0" started-at="2020-05-09T00:58:35 GMT" finished-at="2020-05-09T00:58:35 GMT">
          <reporter-output>
          </reporter-output>
        </test-method> <!-- setUpMockServer -->
        <test-method status="PASS" signature="testGetAnnotatorsWOptions()[pri:0, instance:com.ibm.watson.health.acd.v1.unit.AnnotatorForClinicalDataAcdTest@22f046b]" name="testGetAnnotatorsWOptions" duration-ms="11" started-at="2020-05-09T00:58:35 GMT" finished-at="2020-05-09T00:58:35 GMT">
          <reporter-output>
          </reporter-output>
        </test-method> <!-- testGetAnnotatorsWOptions -->
        <test-method status="PASS" signature="tearDownMockServer()[pri:0, instance:com.ibm.watson.health.acd.v1.unit.AnnotatorForClinicalDataAcdTest@22f046b]" name="tearDownMockServer" is-config="true" duration-ms="1" started-at="2020-05-09T00:58:35 GMT" finished-at="2020-05-09T00:58:35 GMT">
          <reporter-output>
          </reporter-output>
        </test-method> <!-- tearDownMockServer -->
        <test-method status="PASS" signature="afterPowerMockTestMethod()[pri:0, instance:com.ibm.watson.health.acd.v1.unit.AnnotatorForClinicalDataAcdTest@22f046b]" name="afterPowerMockTestMethod" is-config="true" duration-ms="1" started-at="2020-05-09T00:58:35 GMT" finished-at="2020-05-09T00:58:35 GMT">
          <reporter-output>
          </reporter-output>
        </test-method> <!-- afterPowerMockTestMethod -->
        <test-method status="PASS" signature="beforePowerMockTestMethod()[pri:0, instance:com.ibm.watson.health.acd.v1.unit.AnnotatorForClinicalDataAcdTest@22f046b]" name="beforePowerMockTestMethod" is-config="true" duration-ms="1" started-at="2020-05-09T00:58:35 GMT" finished-at="2020-05-09T00:58:35 GMT">
          <reporter-output>
          </reporter-output>
        </test-method> <!-- beforePowerMockTestMethod -->
        <test-method status="PASS" signature="setUpMockServer()[pri:0, instance:com.ibm.watson.health.acd.v1.unit.AnnotatorForClinicalDataAcdTest@22f046b]" name="setUpMockServer" is-config="true" duration-ms="1" started-at="2020-05-09T00:58:35 GMT" finished-at="2020-05-09T00:58:35 GMT">
          <reporter-output>
          </reporter-output>
        </test-method> <!-- setUpMockServer -->
        <test-method status="PASS" signature="testGetFlowsByIdNoOptions()[pri:0, instance:com.ibm.watson.health.acd.v1.unit.AnnotatorForClinicalDataAcdTest@22f046b]" name="testGetFlowsByIdNoOptions" duration-ms="5" started-at="2020-05-09T00:58:35 GMT" finished-at="2020-05-09T00:58:35 GMT">
          <exception class="java.lang.IllegalArgumentException">
            <message>
              <![CDATA[getFlowsByIdOptions cannot be null]]>
            </message>
            <full-stacktrace>
              <![CDATA[java.lang.IllegalArgumentException: getFlowsByIdOptions cannot be null
at com.ibm.cloud.sdk.core.util.Validator.notNull(Validator.java:97)
at com.ibm.watson.health.acd.v1.AnnotatorForClinicalData.getFlowsById(AnnotatorForClinicalData.java:539)
at com.ibm.watson.health.acd.v1.unit.AnnotatorForClinicalDataAcdTest.testGetFlowsByIdNoOptions(AnnotatorForClinicalDataAcdTest.java:566)
at sun.reflect.NativeMethodAccessorImpl.invoke0(Native Method)
at sun.reflect.NativeMethodAccessorImpl.invoke(NativeMethodAccessorImpl.java:62)
at sun.reflect.DelegatingMethodAccessorImpl.invoke(DelegatingMethodAccessorImpl.java:43)
at java.lang.reflect.Method.invoke(Method.java:498)
at org.testng.internal.MethodInvocationHelper.invokeMethod(MethodInvocationHelper.java:134)
at org.testng.internal.TestInvoker.invokeMethod(TestInvoker.java:597)
at org.testng.internal.TestInvoker.invokeTestMethod(TestInvoker.java:173)
at org.testng.internal.MethodRunner.runInSequence(MethodRunner.java:46)
at org.testng.internal.TestInvoker$MethodInvocationAgent.invoke(TestInvoker.java:816)
at org.testng.internal.TestInvoker.invokeTestMethods(TestInvoker.java:146)
at org.testng.internal.TestMethodWorker.invokeTestMethods(TestMethodWorker.java:146)
at org.testng.internal.TestMethodWorker.run(TestMethodWorker.java:128)
at java.util.ArrayList.forEach(ArrayList.java:1257)
at org.testng.TestRunner.privateRun(TestRunner.java:766)
at org.testng.TestRunner.run(TestRunner.java:587)
at org.testng.SuiteRunner.runTest(SuiteRunner.java:384)
at org.testng.SuiteRunner.runSequentially(SuiteRunner.java:378)
at org.testng.SuiteRunner.privateRun(SuiteRunner.java:337)
at org.testng.SuiteRunner.run(SuiteRunner.java:286)
at org.testng.SuiteRunnerWorker.runSuite(SuiteRunnerWorker.java:53)
at org.testng.SuiteRunnerWorker.run(SuiteRunnerWorker.java:96)
at org.testng.TestNG.runSuitesSequentially(TestNG.java:1187)
at org.testng.TestNG.runSuitesLocally(TestNG.java:1109)
at org.testng.TestNG.runSuites(TestNG.java:1039)
at org.testng.TestNG.run(TestNG.java:1007)
at org.apache.maven.surefire.testng.TestNGExecutor.run(TestNGExecutor.java:77)
at org.apache.maven.surefire.testng.TestNGDirectoryTestSuite.executeMulti(TestNGDirectoryTestSuite.java:159)
at org.apache.maven.surefire.testng.TestNGDirectoryTestSuite.execute(TestNGDirectoryTestSuite.java:99)
at org.apache.maven.surefire.testng.TestNGProvider.invoke(TestNGProvider.java:106)
at sun.reflect.NativeMethodAccessorImpl.invoke0(Native Method)
at sun.reflect.NativeMethodAccessorImpl.invoke(NativeMethodAccessorImpl.java:62)
at sun.reflect.DelegatingMethodAccessorImpl.invoke(DelegatingMethodAccessorImpl.java:43)
at java.lang.reflect.Method.invoke(Method.java:498)
at org.apache.maven.surefire.util.ReflectionUtils.invokeMethodWithArray(ReflectionUtils.java:189)
at org.apache.maven.surefire.booter.ProviderFactory$ProviderProxy.invoke(ProviderFactory.java:165)
at org.apache.maven.surefire.booter.ProviderFactory.invokeProvider(ProviderFactory.java:85)
at org.apache.maven.surefire.booter.ForkedBooter.runSuitesInProcess(ForkedBooter.java:115)
at org.apache.maven.surefire.booter.ForkedBooter.main(ForkedBooter.java:75)
]]>
            </full-stacktrace>
          </exception> <!-- java.lang.IllegalArgumentException -->
          <reporter-output>
          </reporter-output>
        </test-method> <!-- testGetFlowsByIdNoOptions -->
        <test-method status="PASS" signature="tearDownMockServer()[pri:0, instance:com.ibm.watson.health.acd.v1.unit.AnnotatorForClinicalDataAcdTest@22f046b]" name="tearDownMockServer" is-config="true" duration-ms="1" started-at="2020-05-09T00:58:35 GMT" finished-at="2020-05-09T00:58:35 GMT">
          <reporter-output>
          </reporter-output>
        </test-method> <!-- tearDownMockServer -->
        <test-method status="PASS" signature="afterPowerMockTestMethod()[pri:0, instance:com.ibm.watson.health.acd.v1.unit.AnnotatorForClinicalDataAcdTest@22f046b]" name="afterPowerMockTestMethod" is-config="true" duration-ms="1" started-at="2020-05-09T00:58:35 GMT" finished-at="2020-05-09T00:58:35 GMT">
          <reporter-output>
          </reporter-output>
        </test-method> <!-- afterPowerMockTestMethod -->
        <test-method status="PASS" signature="beforePowerMockTestMethod()[pri:0, instance:com.ibm.watson.health.acd.v1.unit.AnnotatorForClinicalDataAcdTest@22f046b]" name="beforePowerMockTestMethod" is-config="true" duration-ms="1" started-at="2020-05-09T00:58:35 GMT" finished-at="2020-05-09T00:58:35 GMT">
          <reporter-output>
          </reporter-output>
        </test-method> <!-- beforePowerMockTestMethod -->
        <test-method status="PASS" signature="setUpMockServer()[pri:0, instance:com.ibm.watson.health.acd.v1.unit.AnnotatorForClinicalDataAcdTest@22f046b]" name="setUpMockServer" is-config="true" duration-ms="0" started-at="2020-05-09T00:58:35 GMT" finished-at="2020-05-09T00:58:35 GMT">
          <reporter-output>
          </reporter-output>
        </test-method> <!-- setUpMockServer -->
        <test-method status="PASS" signature="testGetFlowsByIdWOptions()[pri:0, instance:com.ibm.watson.health.acd.v1.unit.AnnotatorForClinicalDataAcdTest@22f046b]" name="testGetFlowsByIdWOptions" duration-ms="21" started-at="2020-05-09T00:58:35 GMT" finished-at="2020-05-09T00:58:35 GMT">
          <reporter-output>
          </reporter-output>
        </test-method> <!-- testGetFlowsByIdWOptions -->
        <test-method status="PASS" signature="tearDownMockServer()[pri:0, instance:com.ibm.watson.health.acd.v1.unit.AnnotatorForClinicalDataAcdTest@22f046b]" name="tearDownMockServer" is-config="true" duration-ms="2" started-at="2020-05-09T00:58:35 GMT" finished-at="2020-05-09T00:58:35 GMT">
          <reporter-output>
          </reporter-output>
        </test-method> <!-- tearDownMockServer -->
        <test-method status="PASS" signature="afterPowerMockTestMethod()[pri:0, instance:com.ibm.watson.health.acd.v1.unit.AnnotatorForClinicalDataAcdTest@22f046b]" name="afterPowerMockTestMethod" is-config="true" duration-ms="1" started-at="2020-05-09T00:58:35 GMT" finished-at="2020-05-09T00:58:35 GMT">
          <reporter-output>
          </reporter-output>
        </test-method> <!-- afterPowerMockTestMethod -->
        <test-method status="PASS" signature="beforePowerMockTestMethod()[pri:0, instance:com.ibm.watson.health.acd.v1.unit.AnnotatorForClinicalDataAcdTest@22f046b]" name="beforePowerMockTestMethod" is-config="true" duration-ms="1" started-at="2020-05-09T00:58:35 GMT" finished-at="2020-05-09T00:58:35 GMT">
          <reporter-output>
          </reporter-output>
        </test-method> <!-- beforePowerMockTestMethod -->
        <test-method status="PASS" signature="setUpMockServer()[pri:0, instance:com.ibm.watson.health.acd.v1.unit.AnnotatorForClinicalDataAcdTest@22f046b]" name="setUpMockServer" is-config="true" duration-ms="1" started-at="2020-05-09T00:58:35 GMT" finished-at="2020-05-09T00:58:35 GMT">
          <reporter-output>
          </reporter-output>
        </test-method> <!-- setUpMockServer -->
        <test-method status="PASS" signature="testGetFlowsWOptions()[pri:0, instance:com.ibm.watson.health.acd.v1.unit.AnnotatorForClinicalDataAcdTest@22f046b]" name="testGetFlowsWOptions" duration-ms="14" started-at="2020-05-09T00:58:35 GMT" finished-at="2020-05-09T00:58:35 GMT">
          <reporter-output>
          </reporter-output>
        </test-method> <!-- testGetFlowsWOptions -->
        <test-method status="PASS" signature="tearDownMockServer()[pri:0, instance:com.ibm.watson.health.acd.v1.unit.AnnotatorForClinicalDataAcdTest@22f046b]" name="tearDownMockServer" is-config="true" duration-ms="1" started-at="2020-05-09T00:58:35 GMT" finished-at="2020-05-09T00:58:35 GMT">
          <reporter-output>
          </reporter-output>
        </test-method> <!-- tearDownMockServer -->
        <test-method status="PASS" signature="afterPowerMockTestMethod()[pri:0, instance:com.ibm.watson.health.acd.v1.unit.AnnotatorForClinicalDataAcdTest@22f046b]" name="afterPowerMockTestMethod" is-config="true" duration-ms="1" started-at="2020-05-09T00:58:35 GMT" finished-at="2020-05-09T00:58:35 GMT">
          <reporter-output>
          </reporter-output>
        </test-method> <!-- afterPowerMockTestMethod -->
        <test-method status="PASS" signature="beforePowerMockTestMethod()[pri:0, instance:com.ibm.watson.health.acd.v1.unit.AnnotatorForClinicalDataAcdTest@22f046b]" name="beforePowerMockTestMethod" is-config="true" duration-ms="0" started-at="2020-05-09T00:58:35 GMT" finished-at="2020-05-09T00:58:35 GMT">
          <reporter-output>
          </reporter-output>
        </test-method> <!-- beforePowerMockTestMethod -->
        <test-method status="PASS" signature="setUpMockServer()[pri:0, instance:com.ibm.watson.health.acd.v1.unit.AnnotatorForClinicalDataAcdTest@22f046b]" name="setUpMockServer" is-config="true" duration-ms="1" started-at="2020-05-09T00:58:35 GMT" finished-at="2020-05-09T00:58:35 GMT">
          <reporter-output>
          </reporter-output>
        </test-method> <!-- setUpMockServer -->
        <test-method status="PASS" signature="testGetHealthCheckStatusWOptions()[pri:0, instance:com.ibm.watson.health.acd.v1.unit.AnnotatorForClinicalDataAcdTest@22f046b]" name="testGetHealthCheckStatusWOptions" duration-ms="17" started-at="2020-05-09T00:58:35 GMT" finished-at="2020-05-09T00:58:35 GMT">
          <reporter-output>
          </reporter-output>
        </test-method> <!-- testGetHealthCheckStatusWOptions -->
        <test-method status="PASS" signature="tearDownMockServer()[pri:0, instance:com.ibm.watson.health.acd.v1.unit.AnnotatorForClinicalDataAcdTest@22f046b]" name="tearDownMockServer" is-config="true" duration-ms="1" started-at="2020-05-09T00:58:35 GMT" finished-at="2020-05-09T00:58:35 GMT">
          <reporter-output>
          </reporter-output>
        </test-method> <!-- tearDownMockServer -->
        <test-method status="PASS" signature="afterPowerMockTestMethod()[pri:0, instance:com.ibm.watson.health.acd.v1.unit.AnnotatorForClinicalDataAcdTest@22f046b]" name="afterPowerMockTestMethod" is-config="true" duration-ms="0" started-at="2020-05-09T00:58:35 GMT" finished-at="2020-05-09T00:58:35 GMT">
          <reporter-output>
          </reporter-output>
        </test-method> <!-- afterPowerMockTestMethod -->
        <test-method status="PASS" signature="beforePowerMockTestMethod()[pri:0, instance:com.ibm.watson.health.acd.v1.unit.AnnotatorForClinicalDataAcdTest@22f046b]" name="beforePowerMockTestMethod" is-config="true" duration-ms="1" started-at="2020-05-09T00:58:35 GMT" finished-at="2020-05-09T00:58:35 GMT">
          <reporter-output>
          </reporter-output>
        </test-method> <!-- beforePowerMockTestMethod -->
        <test-method status="PASS" signature="setUpMockServer()[pri:0, instance:com.ibm.watson.health.acd.v1.unit.AnnotatorForClinicalDataAcdTest@22f046b]" name="setUpMockServer" is-config="true" duration-ms="1" started-at="2020-05-09T00:58:35 GMT" finished-at="2020-05-09T00:58:35 GMT">
          <reporter-output>
          </reporter-output>
        </test-method> <!-- setUpMockServer -->
        <test-method status="PASS" signature="testGetProfileNoOptions()[pri:0, instance:com.ibm.watson.health.acd.v1.unit.AnnotatorForClinicalDataAcdTest@22f046b]" name="testGetProfileNoOptions" duration-ms="6" started-at="2020-05-09T00:58:35 GMT" finished-at="2020-05-09T00:58:35 GMT">
          <exception class="java.lang.IllegalArgumentException">
            <message>
              <![CDATA[getProfileOptions cannot be null]]>
            </message>
            <full-stacktrace>
              <![CDATA[java.lang.IllegalArgumentException: getProfileOptions cannot be null
at com.ibm.cloud.sdk.core.util.Validator.notNull(Validator.java:97)
at com.ibm.watson.health.acd.v1.AnnotatorForClinicalData.getProfile(AnnotatorForClinicalData.java:293)
at com.ibm.watson.health.acd.v1.unit.AnnotatorForClinicalDataAcdTest.testGetProfileNoOptions(AnnotatorForClinicalDataAcdTest.java:278)
at sun.reflect.NativeMethodAccessorImpl.invoke0(Native Method)
at sun.reflect.NativeMethodAccessorImpl.invoke(NativeMethodAccessorImpl.java:62)
at sun.reflect.DelegatingMethodAccessorImpl.invoke(DelegatingMethodAccessorImpl.java:43)
at java.lang.reflect.Method.invoke(Method.java:498)
at org.testng.internal.MethodInvocationHelper.invokeMethod(MethodInvocationHelper.java:134)
at org.testng.internal.TestInvoker.invokeMethod(TestInvoker.java:597)
at org.testng.internal.TestInvoker.invokeTestMethod(TestInvoker.java:173)
at org.testng.internal.MethodRunner.runInSequence(MethodRunner.java:46)
at org.testng.internal.TestInvoker$MethodInvocationAgent.invoke(TestInvoker.java:816)
at org.testng.internal.TestInvoker.invokeTestMethods(TestInvoker.java:146)
at org.testng.internal.TestMethodWorker.invokeTestMethods(TestMethodWorker.java:146)
at org.testng.internal.TestMethodWorker.run(TestMethodWorker.java:128)
at java.util.ArrayList.forEach(ArrayList.java:1257)
at org.testng.TestRunner.privateRun(TestRunner.java:766)
at org.testng.TestRunner.run(TestRunner.java:587)
at org.testng.SuiteRunner.runTest(SuiteRunner.java:384)
at org.testng.SuiteRunner.runSequentially(SuiteRunner.java:378)
at org.testng.SuiteRunner.privateRun(SuiteRunner.java:337)
at org.testng.SuiteRunner.run(SuiteRunner.java:286)
at org.testng.SuiteRunnerWorker.runSuite(SuiteRunnerWorker.java:53)
at org.testng.SuiteRunnerWorker.run(SuiteRunnerWorker.java:96)
at org.testng.TestNG.runSuitesSequentially(TestNG.java:1187)
at org.testng.TestNG.runSuitesLocally(TestNG.java:1109)
at org.testng.TestNG.runSuites(TestNG.java:1039)
at org.testng.TestNG.run(TestNG.java:1007)
at org.apache.maven.surefire.testng.TestNGExecutor.run(TestNGExecutor.java:77)
at org.apache.maven.surefire.testng.TestNGDirectoryTestSuite.executeMulti(TestNGDirectoryTestSuite.java:159)
at org.apache.maven.surefire.testng.TestNGDirectoryTestSuite.execute(TestNGDirectoryTestSuite.java:99)
at org.apache.maven.surefire.testng.TestNGProvider.invoke(TestNGProvider.java:106)
at sun.reflect.NativeMethodAccessorImpl.invoke0(Native Method)
at sun.reflect.NativeMethodAccessorImpl.invoke(NativeMethodAccessorImpl.java:62)
at sun.reflect.DelegatingMethodAccessorImpl.invoke(DelegatingMethodAccessorImpl.java:43)
at java.lang.reflect.Method.invoke(Method.java:498)
at org.apache.maven.surefire.util.ReflectionUtils.invokeMethodWithArray(ReflectionUtils.java:189)
at org.apache.maven.surefire.booter.ProviderFactory$ProviderProxy.invoke(ProviderFactory.java:165)
at org.apache.maven.surefire.booter.ProviderFactory.invokeProvider(ProviderFactory.java:85)
at org.apache.maven.surefire.booter.ForkedBooter.runSuitesInProcess(ForkedBooter.java:115)
at org.apache.maven.surefire.booter.ForkedBooter.main(ForkedBooter.java:75)
]]>
            </full-stacktrace>
          </exception> <!-- java.lang.IllegalArgumentException -->
          <reporter-output>
          </reporter-output>
        </test-method> <!-- testGetProfileNoOptions -->
        <test-method status="PASS" signature="tearDownMockServer()[pri:0, instance:com.ibm.watson.health.acd.v1.unit.AnnotatorForClinicalDataAcdTest@22f046b]" name="tearDownMockServer" is-config="true" duration-ms="1" started-at="2020-05-09T00:58:35 GMT" finished-at="2020-05-09T00:58:35 GMT">
          <reporter-output>
          </reporter-output>
        </test-method> <!-- tearDownMockServer -->
        <test-method status="PASS" signature="afterPowerMockTestMethod()[pri:0, instance:com.ibm.watson.health.acd.v1.unit.AnnotatorForClinicalDataAcdTest@22f046b]" name="afterPowerMockTestMethod" is-config="true" duration-ms="1" started-at="2020-05-09T00:58:35 GMT" finished-at="2020-05-09T00:58:35 GMT">
          <reporter-output>
          </reporter-output>
        </test-method> <!-- afterPowerMockTestMethod -->
        <test-method status="PASS" signature="setUpMockServer()[pri:0, instance:com.ibm.watson.health.acd.v1.unit.AnnotatorForClinicalDataAcdTest@22f046b]" name="setUpMockServer" is-config="true" duration-ms="1" started-at="2020-05-09T00:58:35 GMT" finished-at="2020-05-09T00:58:35 GMT">
          <reporter-output>
          </reporter-output>
        </test-method> <!-- setUpMockServer -->
        <test-method status="PASS" signature="beforePowerMockTestMethod()[pri:0, instance:com.ibm.watson.health.acd.v1.unit.AnnotatorForClinicalDataAcdTest@22f046b]" name="beforePowerMockTestMethod" is-config="true" duration-ms="0" started-at="2020-05-09T00:58:35 GMT" finished-at="2020-05-09T00:58:35 GMT">
          <reporter-output>
          </reporter-output>
        </test-method> <!-- beforePowerMockTestMethod -->
        <test-method status="PASS" signature="testGetProfileWOptions()[pri:0, instance:com.ibm.watson.health.acd.v1.unit.AnnotatorForClinicalDataAcdTest@22f046b]" name="testGetProfileWOptions" duration-ms="20" started-at="2020-05-09T00:58:35 GMT" finished-at="2020-05-09T00:58:35 GMT">
          <reporter-output>
          </reporter-output>
        </test-method> <!-- testGetProfileWOptions -->
        <test-method status="PASS" signature="tearDownMockServer()[pri:0, instance:com.ibm.watson.health.acd.v1.unit.AnnotatorForClinicalDataAcdTest@22f046b]" name="tearDownMockServer" is-config="true" duration-ms="2" started-at="2020-05-09T00:58:35 GMT" finished-at="2020-05-09T00:58:35 GMT">
          <reporter-output>
          </reporter-output>
        </test-method> <!-- tearDownMockServer -->
        <test-method status="PASS" signature="afterPowerMockTestMethod()[pri:0, instance:com.ibm.watson.health.acd.v1.unit.AnnotatorForClinicalDataAcdTest@22f046b]" name="afterPowerMockTestMethod" is-config="true" duration-ms="0" started-at="2020-05-09T00:58:35 GMT" finished-at="2020-05-09T00:58:35 GMT">
          <reporter-output>
          </reporter-output>
        </test-method> <!-- afterPowerMockTestMethod -->
        <test-method status="PASS" signature="beforePowerMockTestMethod()[pri:0, instance:com.ibm.watson.health.acd.v1.unit.AnnotatorForClinicalDataAcdTest@22f046b]" name="beforePowerMockTestMethod" is-config="true" duration-ms="0" started-at="2020-05-09T00:58:35 GMT" finished-at="2020-05-09T00:58:35 GMT">
          <reporter-output>
          </reporter-output>
        </test-method> <!-- beforePowerMockTestMethod -->
        <test-method status="PASS" signature="setUpMockServer()[pri:0, instance:com.ibm.watson.health.acd.v1.unit.AnnotatorForClinicalDataAcdTest@22f046b]" name="setUpMockServer" is-config="true" duration-ms="1" started-at="2020-05-09T00:58:35 GMT" finished-at="2020-05-09T00:58:35 GMT">
          <reporter-output>
          </reporter-output>
        </test-method> <!-- setUpMockServer -->
        <test-method status="PASS" signature="testGetProfilesWOptions()[pri:0, instance:com.ibm.watson.health.acd.v1.unit.AnnotatorForClinicalDataAcdTest@22f046b]" name="testGetProfilesWOptions" duration-ms="14" started-at="2020-05-09T00:58:35 GMT" finished-at="2020-05-09T00:58:35 GMT">
          <reporter-output>
          </reporter-output>
        </test-method> <!-- testGetProfilesWOptions -->
        <test-method status="PASS" signature="tearDownMockServer()[pri:0, instance:com.ibm.watson.health.acd.v1.unit.AnnotatorForClinicalDataAcdTest@22f046b]" name="tearDownMockServer" is-config="true" duration-ms="1" started-at="2020-05-09T00:58:35 GMT" finished-at="2020-05-09T00:58:35 GMT">
          <reporter-output>
          </reporter-output>
        </test-method> <!-- tearDownMockServer -->
        <test-method status="PASS" signature="afterPowerMockTestMethod()[pri:0, instance:com.ibm.watson.health.acd.v1.unit.AnnotatorForClinicalDataAcdTest@22f046b]" name="afterPowerMockTestMethod" is-config="true" duration-ms="1" started-at="2020-05-09T00:58:35 GMT" finished-at="2020-05-09T00:58:35 GMT">
          <reporter-output>
          </reporter-output>
        </test-method> <!-- afterPowerMockTestMethod -->
        <test-method status="PASS" signature="beforePowerMockTestMethod()[pri:0, instance:com.ibm.watson.health.acd.v1.unit.AnnotatorForClinicalDataAcdTest@22f046b]" name="beforePowerMockTestMethod" is-config="true" duration-ms="1" started-at="2020-05-09T00:58:35 GMT" finished-at="2020-05-09T00:58:35 GMT">
          <reporter-output>
          </reporter-output>
        </test-method> <!-- beforePowerMockTestMethod -->
        <test-method status="PASS" signature="setUpMockServer()[pri:0, instance:com.ibm.watson.health.acd.v1.unit.AnnotatorForClinicalDataAcdTest@22f046b]" name="setUpMockServer" is-config="true" duration-ms="1" started-at="2020-05-09T00:58:35 GMT" finished-at="2020-05-09T00:58:35 GMT">
          <reporter-output>
          </reporter-output>
        </test-method> <!-- setUpMockServer -->
        <test-method status="PASS" signature="testGetVersion()[pri:0, instance:com.ibm.watson.health.acd.v1.unit.AnnotatorForClinicalDataAcdTest@22f046b]" name="testGetVersion" duration-ms="4" started-at="2020-05-09T00:58:35 GMT" finished-at="2020-05-09T00:58:35 GMT">
          <reporter-output>
          </reporter-output>
        </test-method> <!-- testGetVersion -->
        <test-method status="PASS" signature="tearDownMockServer()[pri:0, instance:com.ibm.watson.health.acd.v1.unit.AnnotatorForClinicalDataAcdTest@22f046b]" name="tearDownMockServer" is-config="true" duration-ms="1" started-at="2020-05-09T00:58:35 GMT" finished-at="2020-05-09T00:58:35 GMT">
          <reporter-output>
          </reporter-output>
        </test-method> <!-- tearDownMockServer -->
        <test-method status="PASS" signature="beforePowerMockTestMethod()[pri:0, instance:com.ibm.watson.health.acd.v1.unit.AnnotatorForClinicalDataAcdTest@22f046b]" name="beforePowerMockTestMethod" is-config="true" duration-ms="1" started-at="2020-05-09T00:58:35 GMT" finished-at="2020-05-09T00:58:35 GMT">
          <reporter-output>
          </reporter-output>
        </test-method> <!-- beforePowerMockTestMethod -->
        <test-method status="PASS" signature="afterPowerMockTestMethod()[pri:0, instance:com.ibm.watson.health.acd.v1.unit.AnnotatorForClinicalDataAcdTest@22f046b]" name="afterPowerMockTestMethod" is-config="true" duration-ms="0" started-at="2020-05-09T00:58:35 GMT" finished-at="2020-05-09T00:58:35 GMT">
          <reporter-output>
          </reporter-output>
        </test-method> <!-- afterPowerMockTestMethod -->
        <test-method status="PASS" signature="setUpMockServer()[pri:0, instance:com.ibm.watson.health.acd.v1.unit.AnnotatorForClinicalDataAcdTest@22f046b]" name="setUpMockServer" is-config="true" duration-ms="1" started-at="2020-05-09T00:58:35 GMT" finished-at="2020-05-09T00:58:35 GMT">
          <reporter-output>
          </reporter-output>
        </test-method> <!-- setUpMockServer -->
        <test-method status="PASS" signature="testRunPipelineWOptions()[pri:0, instance:com.ibm.watson.health.acd.v1.unit.AnnotatorForClinicalDataAcdTest@22f046b]" name="testRunPipelineWOptions" duration-ms="77" started-at="2020-05-09T00:58:35 GMT" finished-at="2020-05-09T00:58:35 GMT">
          <reporter-output>
          </reporter-output>
        </test-method> <!-- testRunPipelineWOptions -->
        <test-method status="PASS" signature="tearDownMockServer()[pri:0, instance:com.ibm.watson.health.acd.v1.unit.AnnotatorForClinicalDataAcdTest@22f046b]" name="tearDownMockServer" is-config="true" duration-ms="1" started-at="2020-05-09T00:58:35 GMT" finished-at="2020-05-09T00:58:35 GMT">
          <reporter-output>
          </reporter-output>
        </test-method> <!-- tearDownMockServer -->
        <test-method status="PASS" signature="afterPowerMockTestMethod()[pri:0, instance:com.ibm.watson.health.acd.v1.unit.AnnotatorForClinicalDataAcdTest@22f046b]" name="afterPowerMockTestMethod" is-config="true" duration-ms="0" started-at="2020-05-09T00:58:35 GMT" finished-at="2020-05-09T00:58:35 GMT">
          <reporter-output>
          </reporter-output>
        </test-method> <!-- afterPowerMockTestMethod -->
        <test-method status="PASS" signature="beforePowerMockTestMethod()[pri:0, instance:com.ibm.watson.health.acd.v1.unit.AnnotatorForClinicalDataAcdTest@22f046b]" name="beforePowerMockTestMethod" is-config="true" duration-ms="1" started-at="2020-05-09T00:58:35 GMT" finished-at="2020-05-09T00:58:35 GMT">
          <reporter-output>
          </reporter-output>
        </test-method> <!-- beforePowerMockTestMethod -->
        <test-method status="PASS" signature="setUpMockServer()[pri:0, instance:com.ibm.watson.health.acd.v1.unit.AnnotatorForClinicalDataAcdTest@22f046b]" name="setUpMockServer" is-config="true" duration-ms="1" started-at="2020-05-09T00:58:35 GMT" finished-at="2020-05-09T00:58:35 GMT">
          <reporter-output>
          </reporter-output>
        </test-method> <!-- setUpMockServer -->
        <test-method status="PASS" signature="testRunPipelineWithFlowNoOptions()[pri:0, instance:com.ibm.watson.health.acd.v1.unit.AnnotatorForClinicalDataAcdTest@22f046b]" name="testRunPipelineWithFlowNoOptions" duration-ms="6" started-at="2020-05-09T00:58:35 GMT" finished-at="2020-05-09T00:58:35 GMT">
          <exception class="java.lang.IllegalArgumentException">
            <message>
              <![CDATA[runPipelineWithFlowOptions cannot be null]]>
            </message>
            <full-stacktrace>
              <![CDATA[java.lang.IllegalArgumentException: runPipelineWithFlowOptions cannot be null
at com.ibm.cloud.sdk.core.util.Validator.notNull(Validator.java:97)
at com.ibm.watson.health.acd.v1.AnnotatorForClinicalData.runPipelineWithFlow(AnnotatorForClinicalData.java:799)
at com.ibm.watson.health.acd.v1.unit.AnnotatorForClinicalDataAcdTest.testRunPipelineWithFlowNoOptions(AnnotatorForClinicalDataAcdTest.java:889)
at sun.reflect.NativeMethodAccessorImpl.invoke0(Native Method)
at sun.reflect.NativeMethodAccessorImpl.invoke(NativeMethodAccessorImpl.java:62)
at sun.reflect.DelegatingMethodAccessorImpl.invoke(DelegatingMethodAccessorImpl.java:43)
at java.lang.reflect.Method.invoke(Method.java:498)
at org.testng.internal.MethodInvocationHelper.invokeMethod(MethodInvocationHelper.java:134)
at org.testng.internal.TestInvoker.invokeMethod(TestInvoker.java:597)
at org.testng.internal.TestInvoker.invokeTestMethod(TestInvoker.java:173)
at org.testng.internal.MethodRunner.runInSequence(MethodRunner.java:46)
at org.testng.internal.TestInvoker$MethodInvocationAgent.invoke(TestInvoker.java:816)
at org.testng.internal.TestInvoker.invokeTestMethods(TestInvoker.java:146)
at org.testng.internal.TestMethodWorker.invokeTestMethods(TestMethodWorker.java:146)
at org.testng.internal.TestMethodWorker.run(TestMethodWorker.java:128)
at java.util.ArrayList.forEach(ArrayList.java:1257)
at org.testng.TestRunner.privateRun(TestRunner.java:766)
at org.testng.TestRunner.run(TestRunner.java:587)
at org.testng.SuiteRunner.runTest(SuiteRunner.java:384)
at org.testng.SuiteRunner.runSequentially(SuiteRunner.java:378)
at org.testng.SuiteRunner.privateRun(SuiteRunner.java:337)
at org.testng.SuiteRunner.run(SuiteRunner.java:286)
at org.testng.SuiteRunnerWorker.runSuite(SuiteRunnerWorker.java:53)
at org.testng.SuiteRunnerWorker.run(SuiteRunnerWorker.java:96)
at org.testng.TestNG.runSuitesSequentially(TestNG.java:1187)
at org.testng.TestNG.runSuitesLocally(TestNG.java:1109)
at org.testng.TestNG.runSuites(TestNG.java:1039)
at org.testng.TestNG.run(TestNG.java:1007)
at org.apache.maven.surefire.testng.TestNGExecutor.run(TestNGExecutor.java:77)
at org.apache.maven.surefire.testng.TestNGDirectoryTestSuite.executeMulti(TestNGDirectoryTestSuite.java:159)
at org.apache.maven.surefire.testng.TestNGDirectoryTestSuite.execute(TestNGDirectoryTestSuite.java:99)
at org.apache.maven.surefire.testng.TestNGProvider.invoke(TestNGProvider.java:106)
at sun.reflect.NativeMethodAccessorImpl.invoke0(Native Method)
at sun.reflect.NativeMethodAccessorImpl.invoke(NativeMethodAccessorImpl.java:62)
at sun.reflect.DelegatingMethodAccessorImpl.invoke(DelegatingMethodAccessorImpl.java:43)
at java.lang.reflect.Method.invoke(Method.java:498)
at org.apache.maven.surefire.util.ReflectionUtils.invokeMethodWithArray(ReflectionUtils.java:189)
at org.apache.maven.surefire.booter.ProviderFactory$ProviderProxy.invoke(ProviderFactory.java:165)
at org.apache.maven.surefire.booter.ProviderFactory.invokeProvider(ProviderFactory.java:85)
at org.apache.maven.surefire.booter.ForkedBooter.runSuitesInProcess(ForkedBooter.java:115)
at org.apache.maven.surefire.booter.ForkedBooter.main(ForkedBooter.java:75)
]]>
            </full-stacktrace>
          </exception> <!-- java.lang.IllegalArgumentException -->
          <reporter-output>
          </reporter-output>
        </test-method> <!-- testRunPipelineWithFlowNoOptions -->
        <test-method status="PASS" signature="tearDownMockServer()[pri:0, instance:com.ibm.watson.health.acd.v1.unit.AnnotatorForClinicalDataAcdTest@22f046b]" name="tearDownMockServer" is-config="true" duration-ms="1" started-at="2020-05-09T00:58:35 GMT" finished-at="2020-05-09T00:58:35 GMT">
          <reporter-output>
          </reporter-output>
        </test-method> <!-- tearDownMockServer -->
        <test-method status="PASS" signature="afterPowerMockTestMethod()[pri:0, instance:com.ibm.watson.health.acd.v1.unit.AnnotatorForClinicalDataAcdTest@22f046b]" name="afterPowerMockTestMethod" is-config="true" duration-ms="1" started-at="2020-05-09T00:58:35 GMT" finished-at="2020-05-09T00:58:35 GMT">
          <reporter-output>
          </reporter-output>
        </test-method> <!-- afterPowerMockTestMethod -->
        <test-method status="PASS" signature="beforePowerMockTestMethod()[pri:0, instance:com.ibm.watson.health.acd.v1.unit.AnnotatorForClinicalDataAcdTest@22f046b]" name="beforePowerMockTestMethod" is-config="true" duration-ms="1" started-at="2020-05-09T00:58:35 GMT" finished-at="2020-05-09T00:58:35 GMT">
          <reporter-output>
          </reporter-output>
        </test-method> <!-- beforePowerMockTestMethod -->
        <test-method status="PASS" signature="setUpMockServer()[pri:0, instance:com.ibm.watson.health.acd.v1.unit.AnnotatorForClinicalDataAcdTest@22f046b]" name="setUpMockServer" is-config="true" duration-ms="1" started-at="2020-05-09T00:58:35 GMT" finished-at="2020-05-09T00:58:35 GMT">
          <reporter-output>
          </reporter-output>
        </test-method> <!-- setUpMockServer -->
        <test-method status="PASS" signature="testRunPipelineWithFlowWOptions()[pri:0, instance:com.ibm.watson.health.acd.v1.unit.AnnotatorForClinicalDataAcdTest@22f046b]" name="testRunPipelineWithFlowWOptions" duration-ms="33" started-at="2020-05-09T00:58:35 GMT" finished-at="2020-05-09T00:58:35 GMT">
          <reporter-output>
          </reporter-output>
        </test-method> <!-- testRunPipelineWithFlowWOptions -->
        <test-method status="PASS" signature="tearDownMockServer()[pri:0, instance:com.ibm.watson.health.acd.v1.unit.AnnotatorForClinicalDataAcdTest@22f046b]" name="tearDownMockServer" is-config="true" duration-ms="1" started-at="2020-05-09T00:58:35 GMT" finished-at="2020-05-09T00:58:35 GMT">
          <reporter-output>
          </reporter-output>
        </test-method> <!-- tearDownMockServer -->
        <test-method status="PASS" signature="afterPowerMockTestMethod()[pri:0, instance:com.ibm.watson.health.acd.v1.unit.AnnotatorForClinicalDataAcdTest@22f046b]" name="afterPowerMockTestMethod" is-config="true" duration-ms="1" started-at="2020-05-09T00:58:35 GMT" finished-at="2020-05-09T00:58:35 GMT">
          <reporter-output>
          </reporter-output>
        </test-method> <!-- afterPowerMockTestMethod -->
        <test-method status="PASS" signature="beforePowerMockTestMethod()[pri:0, instance:com.ibm.watson.health.acd.v1.unit.AnnotatorForClinicalDataAcdTest@22f046b]" name="beforePowerMockTestMethod" is-config="true" duration-ms="1" started-at="2020-05-09T00:58:35 GMT" finished-at="2020-05-09T00:58:35 GMT">
          <reporter-output>
          </reporter-output>
        </test-method> <!-- beforePowerMockTestMethod -->
        <test-method status="PASS" signature="setUpMockServer()[pri:0, instance:com.ibm.watson.health.acd.v1.unit.AnnotatorForClinicalDataAcdTest@22f046b]" name="setUpMockServer" is-config="true" duration-ms="1" started-at="2020-05-09T00:58:35 GMT" finished-at="2020-05-09T00:58:35 GMT">
          <reporter-output>
          </reporter-output>
        </test-method> <!-- setUpMockServer -->
        <test-method status="PASS" signature="testUpdateFlowsNoOptions()[pri:0, instance:com.ibm.watson.health.acd.v1.unit.AnnotatorForClinicalDataAcdTest@22f046b]" name="testUpdateFlowsNoOptions" duration-ms="4" started-at="2020-05-09T00:58:35 GMT" finished-at="2020-05-09T00:58:35 GMT">
          <exception class="java.lang.IllegalArgumentException">
            <message>
              <![CDATA[updateFlowsOptions cannot be null]]>
            </message>
            <full-stacktrace>
              <![CDATA[java.lang.IllegalArgumentException: updateFlowsOptions cannot be null
at com.ibm.cloud.sdk.core.util.Validator.notNull(Validator.java:97)
at com.ibm.watson.health.acd.v1.AnnotatorForClinicalData.updateFlows(AnnotatorForClinicalData.java:565)
at com.ibm.watson.health.acd.v1.unit.AnnotatorForClinicalDataAcdTest.testUpdateFlowsNoOptions(AnnotatorForClinicalDataAcdTest.java:654)
at sun.reflect.NativeMethodAccessorImpl.invoke0(Native Method)
at sun.reflect.NativeMethodAccessorImpl.invoke(NativeMethodAccessorImpl.java:62)
at sun.reflect.DelegatingMethodAccessorImpl.invoke(DelegatingMethodAccessorImpl.java:43)
at java.lang.reflect.Method.invoke(Method.java:498)
at org.testng.internal.MethodInvocationHelper.invokeMethod(MethodInvocationHelper.java:134)
at org.testng.internal.TestInvoker.invokeMethod(TestInvoker.java:597)
at org.testng.internal.TestInvoker.invokeTestMethod(TestInvoker.java:173)
at org.testng.internal.MethodRunner.runInSequence(MethodRunner.java:46)
at org.testng.internal.TestInvoker$MethodInvocationAgent.invoke(TestInvoker.java:816)
at org.testng.internal.TestInvoker.invokeTestMethods(TestInvoker.java:146)
at org.testng.internal.TestMethodWorker.invokeTestMethods(TestMethodWorker.java:146)
at org.testng.internal.TestMethodWorker.run(TestMethodWorker.java:128)
at java.util.ArrayList.forEach(ArrayList.java:1257)
at org.testng.TestRunner.privateRun(TestRunner.java:766)
at org.testng.TestRunner.run(TestRunner.java:587)
at org.testng.SuiteRunner.runTest(SuiteRunner.java:384)
at org.testng.SuiteRunner.runSequentially(SuiteRunner.java:378)
at org.testng.SuiteRunner.privateRun(SuiteRunner.java:337)
at org.testng.SuiteRunner.run(SuiteRunner.java:286)
at org.testng.SuiteRunnerWorker.runSuite(SuiteRunnerWorker.java:53)
at org.testng.SuiteRunnerWorker.run(SuiteRunnerWorker.java:96)
at org.testng.TestNG.runSuitesSequentially(TestNG.java:1187)
at org.testng.TestNG.runSuitesLocally(TestNG.java:1109)
at org.testng.TestNG.runSuites(TestNG.java:1039)
at org.testng.TestNG.run(TestNG.java:1007)
at org.apache.maven.surefire.testng.TestNGExecutor.run(TestNGExecutor.java:77)
at org.apache.maven.surefire.testng.TestNGDirectoryTestSuite.executeMulti(TestNGDirectoryTestSuite.java:159)
at org.apache.maven.surefire.testng.TestNGDirectoryTestSuite.execute(TestNGDirectoryTestSuite.java:99)
at org.apache.maven.surefire.testng.TestNGProvider.invoke(TestNGProvider.java:106)
at sun.reflect.NativeMethodAccessorImpl.invoke0(Native Method)
at sun.reflect.NativeMethodAccessorImpl.invoke(NativeMethodAccessorImpl.java:62)
at sun.reflect.DelegatingMethodAccessorImpl.invoke(DelegatingMethodAccessorImpl.java:43)
at java.lang.reflect.Method.invoke(Method.java:498)
at org.apache.maven.surefire.util.ReflectionUtils.invokeMethodWithArray(ReflectionUtils.java:189)
at org.apache.maven.surefire.booter.ProviderFactory$ProviderProxy.invoke(ProviderFactory.java:165)
at org.apache.maven.surefire.booter.ProviderFactory.invokeProvider(ProviderFactory.java:85)
at org.apache.maven.surefire.booter.ForkedBooter.runSuitesInProcess(ForkedBooter.java:115)
at org.apache.maven.surefire.booter.ForkedBooter.main(ForkedBooter.java:75)
]]>
            </full-stacktrace>
          </exception> <!-- java.lang.IllegalArgumentException -->
          <reporter-output>
          </reporter-output>
        </test-method> <!-- testUpdateFlowsNoOptions -->
        <test-method status="PASS" signature="tearDownMockServer()[pri:0, instance:com.ibm.watson.health.acd.v1.unit.AnnotatorForClinicalDataAcdTest@22f046b]" name="tearDownMockServer" is-config="true" duration-ms="1" started-at="2020-05-09T00:58:35 GMT" finished-at="2020-05-09T00:58:35 GMT">
          <reporter-output>
          </reporter-output>
        </test-method> <!-- tearDownMockServer -->
        <test-method status="PASS" signature="afterPowerMockTestMethod()[pri:0, instance:com.ibm.watson.health.acd.v1.unit.AnnotatorForClinicalDataAcdTest@22f046b]" name="afterPowerMockTestMethod" is-config="true" duration-ms="1" started-at="2020-05-09T00:58:35 GMT" finished-at="2020-05-09T00:58:35 GMT">
          <reporter-output>
          </reporter-output>
        </test-method> <!-- afterPowerMockTestMethod -->
        <test-method status="PASS" signature="setUpMockServer()[pri:0, instance:com.ibm.watson.health.acd.v1.unit.AnnotatorForClinicalDataAcdTest@22f046b]" name="setUpMockServer" is-config="true" duration-ms="1" started-at="2020-05-09T00:58:35 GMT" finished-at="2020-05-09T00:58:35 GMT">
          <reporter-output>
          </reporter-output>
        </test-method> <!-- setUpMockServer -->
        <test-method status="PASS" signature="beforePowerMockTestMethod()[pri:0, instance:com.ibm.watson.health.acd.v1.unit.AnnotatorForClinicalDataAcdTest@22f046b]" name="beforePowerMockTestMethod" is-config="true" duration-ms="0" started-at="2020-05-09T00:58:35 GMT" finished-at="2020-05-09T00:58:35 GMT">
          <reporter-output>
          </reporter-output>
        </test-method> <!-- beforePowerMockTestMethod -->
        <test-method status="PASS" signature="testUpdateFlowsWOptions()[pri:0, instance:com.ibm.watson.health.acd.v1.unit.AnnotatorForClinicalDataAcdTest@22f046b]" name="testUpdateFlowsWOptions" duration-ms="15" started-at="2020-05-09T00:58:35 GMT" finished-at="2020-05-09T00:58:35 GMT">
          <reporter-output>
          </reporter-output>
        </test-method> <!-- testUpdateFlowsWOptions -->
        <test-method status="PASS" signature="tearDownMockServer()[pri:0, instance:com.ibm.watson.health.acd.v1.unit.AnnotatorForClinicalDataAcdTest@22f046b]" name="tearDownMockServer" is-config="true" duration-ms="1" started-at="2020-05-09T00:58:35 GMT" finished-at="2020-05-09T00:58:35 GMT">
          <reporter-output>
          </reporter-output>
        </test-method> <!-- tearDownMockServer -->
        <test-method status="PASS" signature="afterPowerMockTestMethod()[pri:0, instance:com.ibm.watson.health.acd.v1.unit.AnnotatorForClinicalDataAcdTest@22f046b]" name="afterPowerMockTestMethod" is-config="true" duration-ms="0" started-at="2020-05-09T00:58:35 GMT" finished-at="2020-05-09T00:58:35 GMT">
          <reporter-output>
          </reporter-output>
        </test-method> <!-- afterPowerMockTestMethod -->
        <test-method status="PASS" signature="setUpMockServer()[pri:0, instance:com.ibm.watson.health.acd.v1.unit.AnnotatorForClinicalDataAcdTest@22f046b]" name="setUpMockServer" is-config="true" duration-ms="1" started-at="2020-05-09T00:58:35 GMT" finished-at="2020-05-09T00:58:35 GMT">
          <reporter-output>
          </reporter-output>
        </test-method> <!-- setUpMockServer -->
        <test-method status="PASS" signature="beforePowerMockTestMethod()[pri:0, instance:com.ibm.watson.health.acd.v1.unit.AnnotatorForClinicalDataAcdTest@22f046b]" name="beforePowerMockTestMethod" is-config="true" duration-ms="0" started-at="2020-05-09T00:58:35 GMT" finished-at="2020-05-09T00:58:35 GMT">
          <reporter-output>
          </reporter-output>
        </test-method> <!-- beforePowerMockTestMethod -->
        <test-method status="PASS" signature="testUpdateProfileNoOptions()[pri:0, instance:com.ibm.watson.health.acd.v1.unit.AnnotatorForClinicalDataAcdTest@22f046b]" name="testUpdateProfileNoOptions" duration-ms="5" started-at="2020-05-09T00:58:35 GMT" finished-at="2020-05-09T00:58:35 GMT">
          <exception class="java.lang.IllegalArgumentException">
            <message>
              <![CDATA[updateProfileOptions cannot be null]]>
            </message>
            <full-stacktrace>
              <![CDATA[java.lang.IllegalArgumentException: updateProfileOptions cannot be null
at com.ibm.cloud.sdk.core.util.Validator.notNull(Validator.java:97)
at com.ibm.watson.health.acd.v1.AnnotatorForClinicalData.updateProfile(AnnotatorForClinicalData.java:319)
at com.ibm.watson.health.acd.v1.unit.AnnotatorForClinicalDataAcdTest.testUpdateProfileNoOptions(AnnotatorForClinicalDataAcdTest.java:352)
at sun.reflect.NativeMethodAccessorImpl.invoke0(Native Method)
at sun.reflect.NativeMethodAccessorImpl.invoke(NativeMethodAccessorImpl.java:62)
at sun.reflect.DelegatingMethodAccessorImpl.invoke(DelegatingMethodAccessorImpl.java:43)
at java.lang.reflect.Method.invoke(Method.java:498)
at org.testng.internal.MethodInvocationHelper.invokeMethod(MethodInvocationHelper.java:134)
at org.testng.internal.TestInvoker.invokeMethod(TestInvoker.java:597)
at org.testng.internal.TestInvoker.invokeTestMethod(TestInvoker.java:173)
at org.testng.internal.MethodRunner.runInSequence(MethodRunner.java:46)
at org.testng.internal.TestInvoker$MethodInvocationAgent.invoke(TestInvoker.java:816)
at org.testng.internal.TestInvoker.invokeTestMethods(TestInvoker.java:146)
at org.testng.internal.TestMethodWorker.invokeTestMethods(TestMethodWorker.java:146)
at org.testng.internal.TestMethodWorker.run(TestMethodWorker.java:128)
at java.util.ArrayList.forEach(ArrayList.java:1257)
at org.testng.TestRunner.privateRun(TestRunner.java:766)
at org.testng.TestRunner.run(TestRunner.java:587)
at org.testng.SuiteRunner.runTest(SuiteRunner.java:384)
at org.testng.SuiteRunner.runSequentially(SuiteRunner.java:378)
at org.testng.SuiteRunner.privateRun(SuiteRunner.java:337)
at org.testng.SuiteRunner.run(SuiteRunner.java:286)
at org.testng.SuiteRunnerWorker.runSuite(SuiteRunnerWorker.java:53)
at org.testng.SuiteRunnerWorker.run(SuiteRunnerWorker.java:96)
at org.testng.TestNG.runSuitesSequentially(TestNG.java:1187)
at org.testng.TestNG.runSuitesLocally(TestNG.java:1109)
at org.testng.TestNG.runSuites(TestNG.java:1039)
at org.testng.TestNG.run(TestNG.java:1007)
at org.apache.maven.surefire.testng.TestNGExecutor.run(TestNGExecutor.java:77)
at org.apache.maven.surefire.testng.TestNGDirectoryTestSuite.executeMulti(TestNGDirectoryTestSuite.java:159)
at org.apache.maven.surefire.testng.TestNGDirectoryTestSuite.execute(TestNGDirectoryTestSuite.java:99)
at org.apache.maven.surefire.testng.TestNGProvider.invoke(TestNGProvider.java:106)
at sun.reflect.NativeMethodAccessorImpl.invoke0(Native Method)
at sun.reflect.NativeMethodAccessorImpl.invoke(NativeMethodAccessorImpl.java:62)
at sun.reflect.DelegatingMethodAccessorImpl.invoke(DelegatingMethodAccessorImpl.java:43)
at java.lang.reflect.Method.invoke(Method.java:498)
at org.apache.maven.surefire.util.ReflectionUtils.invokeMethodWithArray(ReflectionUtils.java:189)
at org.apache.maven.surefire.booter.ProviderFactory$ProviderProxy.invoke(ProviderFactory.java:165)
at org.apache.maven.surefire.booter.ProviderFactory.invokeProvider(ProviderFactory.java:85)
at org.apache.maven.surefire.booter.ForkedBooter.runSuitesInProcess(ForkedBooter.java:115)
at org.apache.maven.surefire.booter.ForkedBooter.main(ForkedBooter.java:75)
]]>
            </full-stacktrace>
          </exception> <!-- java.lang.IllegalArgumentException -->
          <reporter-output>
          </reporter-output>
        </test-method> <!-- testUpdateProfileNoOptions -->
        <test-method status="PASS" signature="tearDownMockServer()[pri:0, instance:com.ibm.watson.health.acd.v1.unit.AnnotatorForClinicalDataAcdTest@22f046b]" name="tearDownMockServer" is-config="true" duration-ms="1" started-at="2020-05-09T00:58:35 GMT" finished-at="2020-05-09T00:58:35 GMT">
          <reporter-output>
          </reporter-output>
        </test-method> <!-- tearDownMockServer -->
        <test-method status="PASS" signature="afterPowerMockTestMethod()[pri:0, instance:com.ibm.watson.health.acd.v1.unit.AnnotatorForClinicalDataAcdTest@22f046b]" name="afterPowerMockTestMethod" is-config="true" duration-ms="0" started-at="2020-05-09T00:58:35 GMT" finished-at="2020-05-09T00:58:35 GMT">
          <reporter-output>
          </reporter-output>
        </test-method> <!-- afterPowerMockTestMethod -->
        <test-method status="PASS" signature="setUpMockServer()[pri:0, instance:com.ibm.watson.health.acd.v1.unit.AnnotatorForClinicalDataAcdTest@22f046b]" name="setUpMockServer" is-config="true" duration-ms="1" started-at="2020-05-09T00:58:35 GMT" finished-at="2020-05-09T00:58:35 GMT">
          <reporter-output>
          </reporter-output>
        </test-method> <!-- setUpMockServer -->
        <test-method status="PASS" signature="beforePowerMockTestMethod()[pri:0, instance:com.ibm.watson.health.acd.v1.unit.AnnotatorForClinicalDataAcdTest@22f046b]" name="beforePowerMockTestMethod" is-config="true" duration-ms="0" started-at="2020-05-09T00:58:35 GMT" finished-at="2020-05-09T00:58:35 GMT">
          <reporter-output>
          </reporter-output>
        </test-method> <!-- beforePowerMockTestMethod -->
        <test-method status="PASS" signature="testUpdateProfileWOptions()[pri:0, instance:com.ibm.watson.health.acd.v1.unit.AnnotatorForClinicalDataAcdTest@22f046b]" name="testUpdateProfileWOptions" duration-ms="18" started-at="2020-05-09T00:58:35 GMT" finished-at="2020-05-09T00:58:35 GMT">
          <reporter-output>
          </reporter-output>
        </test-method> <!-- testUpdateProfileWOptions -->
        <test-method status="PASS" signature="tearDownMockServer()[pri:0, instance:com.ibm.watson.health.acd.v1.unit.AnnotatorForClinicalDataAcdTest@22f046b]" name="tearDownMockServer" is-config="true" duration-ms="2" started-at="2020-05-09T00:58:35 GMT" finished-at="2020-05-09T00:58:35 GMT">
          <reporter-output>
          </reporter-output>
        </test-method> <!-- tearDownMockServer -->
        <test-method status="PASS" signature="afterPowerMockTestMethod()[pri:0, instance:com.ibm.watson.health.acd.v1.unit.AnnotatorForClinicalDataAcdTest@22f046b]" name="afterPowerMockTestMethod" is-config="true" duration-ms="1" started-at="2020-05-09T00:58:35 GMT" finished-at="2020-05-09T00:58:35 GMT">
          <reporter-output>
          </reporter-output>
        </test-method> <!-- afterPowerMockTestMethod -->
        <test-method status="PASS" signature="afterPowerMockTestClass()[pri:0, instance:com.ibm.watson.health.acd.v1.unit.AnnotatorForClinicalDataAcdTest@22f046b]" name="afterPowerMockTestClass" is-config="true" duration-ms="0" started-at="2020-05-09T00:58:35 GMT" finished-at="2020-05-09T00:58:35 GMT">
          <reporter-output>
          </reporter-output>
        </test-method> <!-- afterPowerMockTestClass -->
      </class> <!-- com.ibm.watson.health.acd.v1.unit.AnnotatorForClinicalDataAcdTest -->
      <class name="com.ibm.watson.health.acd.v1.model.DeleteProfileOptionsTest">
        <test-method status="PASS" signature="testDeleteProfileOptions()[pri:0, instance:com.ibm.watson.health.acd.v1.model.DeleteProfileOptionsTest@3ca3eba2]" name="testDeleteProfileOptions" duration-ms="2" started-at="2020-05-09T00:58:31 GMT" finished-at="2020-05-09T00:58:31 GMT">
          <reporter-output>
          </reporter-output>
        </test-method> <!-- testDeleteProfileOptions -->
        <test-method status="PASS" signature="testDeleteProfileOptionsError()[pri:0, instance:com.ibm.watson.health.acd.v1.model.DeleteProfileOptionsTest@3ca3eba2]" name="testDeleteProfileOptionsError" duration-ms="1" started-at="2020-05-09T00:58:31 GMT" finished-at="2020-05-09T00:58:31 GMT">
          <exception class="java.lang.IllegalArgumentException">
            <message>
              <![CDATA[id cannot be empty]]>
            </message>
            <full-stacktrace>
              <![CDATA[java.lang.IllegalArgumentException: id cannot be empty
at com.ibm.cloud.sdk.core.util.Validator.notEmpty(Validator.java:84)
at com.ibm.watson.health.acd.v1.model.DeleteProfileOptions.<init>(DeleteProfileOptions.java:71)
at com.ibm.watson.health.acd.v1.model.DeleteProfileOptions$Builder.build(DeleteProfileOptions.java:55)
at com.ibm.watson.health.acd.v1.model.DeleteProfileOptionsTest.testDeleteProfileOptionsError(DeleteProfileOptionsTest.java:44)
at sun.reflect.NativeMethodAccessorImpl.invoke0(Native Method)
at sun.reflect.NativeMethodAccessorImpl.invoke(NativeMethodAccessorImpl.java:62)
at sun.reflect.DelegatingMethodAccessorImpl.invoke(DelegatingMethodAccessorImpl.java:43)
at java.lang.reflect.Method.invoke(Method.java:498)
at org.testng.internal.MethodInvocationHelper.invokeMethod(MethodInvocationHelper.java:134)
at org.testng.internal.TestInvoker.invokeMethod(TestInvoker.java:597)
at org.testng.internal.TestInvoker.invokeTestMethod(TestInvoker.java:173)
at org.testng.internal.MethodRunner.runInSequence(MethodRunner.java:46)
at org.testng.internal.TestInvoker$MethodInvocationAgent.invoke(TestInvoker.java:816)
at org.testng.internal.TestInvoker.invokeTestMethods(TestInvoker.java:146)
at org.testng.internal.TestMethodWorker.invokeTestMethods(TestMethodWorker.java:146)
at org.testng.internal.TestMethodWorker.run(TestMethodWorker.java:128)
at java.util.ArrayList.forEach(ArrayList.java:1257)
at org.testng.TestRunner.privateRun(TestRunner.java:766)
at org.testng.TestRunner.run(TestRunner.java:587)
at org.testng.SuiteRunner.runTest(SuiteRunner.java:384)
at org.testng.SuiteRunner.runSequentially(SuiteRunner.java:378)
at org.testng.SuiteRunner.privateRun(SuiteRunner.java:337)
at org.testng.SuiteRunner.run(SuiteRunner.java:286)
at org.testng.SuiteRunnerWorker.runSuite(SuiteRunnerWorker.java:53)
at org.testng.SuiteRunnerWorker.run(SuiteRunnerWorker.java:96)
at org.testng.TestNG.runSuitesSequentially(TestNG.java:1187)
at org.testng.TestNG.runSuitesLocally(TestNG.java:1109)
at org.testng.TestNG.runSuites(TestNG.java:1039)
at org.testng.TestNG.run(TestNG.java:1007)
at org.apache.maven.surefire.testng.TestNGExecutor.run(TestNGExecutor.java:77)
at org.apache.maven.surefire.testng.TestNGDirectoryTestSuite.executeMulti(TestNGDirectoryTestSuite.java:159)
at org.apache.maven.surefire.testng.TestNGDirectoryTestSuite.execute(TestNGDirectoryTestSuite.java:99)
at org.apache.maven.surefire.testng.TestNGProvider.invoke(TestNGProvider.java:106)
at sun.reflect.NativeMethodAccessorImpl.invoke0(Native Method)
at sun.reflect.NativeMethodAccessorImpl.invoke(NativeMethodAccessorImpl.java:62)
at sun.reflect.DelegatingMethodAccessorImpl.invoke(DelegatingMethodAccessorImpl.java:43)
at java.lang.reflect.Method.invoke(Method.java:498)
at org.apache.maven.surefire.util.ReflectionUtils.invokeMethodWithArray(ReflectionUtils.java:189)
at org.apache.maven.surefire.booter.ProviderFactory$ProviderProxy.invoke(ProviderFactory.java:165)
at org.apache.maven.surefire.booter.ProviderFactory.invokeProvider(ProviderFactory.java:85)
at org.apache.maven.surefire.booter.ForkedBooter.runSuitesInProcess(ForkedBooter.java:115)
at org.apache.maven.surefire.booter.ForkedBooter.main(ForkedBooter.java:75)
]]>
            </full-stacktrace>
          </exception> <!-- java.lang.IllegalArgumentException -->
          <reporter-output>
          </reporter-output>
        </test-method> <!-- testDeleteProfileOptionsError -->
      </class> <!-- com.ibm.watson.health.acd.v1.model.DeleteProfileOptionsTest -->
      <class name="com.ibm.watson.health.acd.v1.model.AcdFlowTest">
        <test-method status="PASS" signature="testAcdFlow()[pri:0, instance:com.ibm.watson.health.acd.v1.model.AcdFlowTest@5e2b512b]" name="testAcdFlow" duration-ms="5" started-at="2020-05-09T00:58:31 GMT" finished-at="2020-05-09T00:58:31 GMT">
          <reporter-output>
          </reporter-output>
        </test-method> <!-- testAcdFlow -->
      </class> <!-- com.ibm.watson.health.acd.v1.model.AcdFlowTest -->
      <class name="com.ibm.watson.health.acd.v1.model.AcdCartridgesTest">
        <test-method status="PASS" signature="testAcdCartridges()[pri:0, instance:com.ibm.watson.health.acd.v1.model.AcdCartridgesTest@5cc075da]" name="testAcdCartridges" duration-ms="1" started-at="2020-05-09T00:58:31 GMT" finished-at="2020-05-09T00:58:31 GMT">
          <reporter-output>
          </reporter-output>
        </test-method> <!-- testAcdCartridges -->
      </class> <!-- com.ibm.watson.health.acd.v1.model.AcdCartridgesTest -->
      <class name="com.ibm.watson.health.acd.v1.model.EntityTest">
        <test-method status="PASS" signature="testEntity()[pri:0, instance:com.ibm.watson.health.acd.v1.model.EntityTest@547052]" name="testEntity" duration-ms="2" started-at="2020-05-09T00:58:31 GMT" finished-at="2020-05-09T00:58:31 GMT">
          <reporter-output>
          </reporter-output>
        </test-method> <!-- testEntity -->
      </class> <!-- com.ibm.watson.health.acd.v1.model.EntityTest -->
      <class name="com.ibm.watson.health.acd.v1.model.CartridgesGetIdOptionsTest">
        <test-method status="PASS" signature="testCartridgesGetIdOptions()[pri:0, instance:com.ibm.watson.health.acd.v1.model.CartridgesGetIdOptionsTest@644e6a8e]" name="testCartridgesGetIdOptions" duration-ms="1" started-at="2020-05-09T00:58:31 GMT" finished-at="2020-05-09T00:58:31 GMT">
          <reporter-output>
          </reporter-output>
        </test-method> <!-- testCartridgesGetIdOptions -->
        <test-method status="PASS" signature="testCartridgesGetIdOptionsError()[pri:0, instance:com.ibm.watson.health.acd.v1.model.CartridgesGetIdOptionsTest@644e6a8e]" name="testCartridgesGetIdOptionsError" duration-ms="0" started-at="2020-05-09T00:58:31 GMT" finished-at="2020-05-09T00:58:31 GMT">
          <exception class="java.lang.IllegalArgumentException">
            <message>
              <![CDATA[id cannot be empty]]>
            </message>
            <full-stacktrace>
              <![CDATA[java.lang.IllegalArgumentException: id cannot be empty
at com.ibm.cloud.sdk.core.util.Validator.notEmpty(Validator.java:84)
at com.ibm.watson.health.acd.v1.model.CartridgesGetIdOptions.<init>(CartridgesGetIdOptions.java:71)
at com.ibm.watson.health.acd.v1.model.CartridgesGetIdOptions$Builder.build(CartridgesGetIdOptions.java:55)
at com.ibm.watson.health.acd.v1.model.CartridgesGetIdOptionsTest.testCartridgesGetIdOptionsError(CartridgesGetIdOptionsTest.java:44)
at sun.reflect.NativeMethodAccessorImpl.invoke0(Native Method)
at sun.reflect.NativeMethodAccessorImpl.invoke(NativeMethodAccessorImpl.java:62)
at sun.reflect.DelegatingMethodAccessorImpl.invoke(DelegatingMethodAccessorImpl.java:43)
at java.lang.reflect.Method.invoke(Method.java:498)
at org.testng.internal.MethodInvocationHelper.invokeMethod(MethodInvocationHelper.java:134)
at org.testng.internal.TestInvoker.invokeMethod(TestInvoker.java:597)
at org.testng.internal.TestInvoker.invokeTestMethod(TestInvoker.java:173)
at org.testng.internal.MethodRunner.runInSequence(MethodRunner.java:46)
at org.testng.internal.TestInvoker$MethodInvocationAgent.invoke(TestInvoker.java:816)
at org.testng.internal.TestInvoker.invokeTestMethods(TestInvoker.java:146)
at org.testng.internal.TestMethodWorker.invokeTestMethods(TestMethodWorker.java:146)
at org.testng.internal.TestMethodWorker.run(TestMethodWorker.java:128)
at java.util.ArrayList.forEach(ArrayList.java:1257)
at org.testng.TestRunner.privateRun(TestRunner.java:766)
at org.testng.TestRunner.run(TestRunner.java:587)
at org.testng.SuiteRunner.runTest(SuiteRunner.java:384)
at org.testng.SuiteRunner.runSequentially(SuiteRunner.java:378)
at org.testng.SuiteRunner.privateRun(SuiteRunner.java:337)
at org.testng.SuiteRunner.run(SuiteRunner.java:286)
at org.testng.SuiteRunnerWorker.runSuite(SuiteRunnerWorker.java:53)
at org.testng.SuiteRunnerWorker.run(SuiteRunnerWorker.java:96)
at org.testng.TestNG.runSuitesSequentially(TestNG.java:1187)
at org.testng.TestNG.runSuitesLocally(TestNG.java:1109)
at org.testng.TestNG.runSuites(TestNG.java:1039)
at org.testng.TestNG.run(TestNG.java:1007)
at org.apache.maven.surefire.testng.TestNGExecutor.run(TestNGExecutor.java:77)
at org.apache.maven.surefire.testng.TestNGDirectoryTestSuite.executeMulti(TestNGDirectoryTestSuite.java:159)
at org.apache.maven.surefire.testng.TestNGDirectoryTestSuite.execute(TestNGDirectoryTestSuite.java:99)
at org.apache.maven.surefire.testng.TestNGProvider.invoke(TestNGProvider.java:106)
at sun.reflect.NativeMethodAccessorImpl.invoke0(Native Method)
at sun.reflect.NativeMethodAccessorImpl.invoke(NativeMethodAccessorImpl.java:62)
at sun.reflect.DelegatingMethodAccessorImpl.invoke(DelegatingMethodAccessorImpl.java:43)
at java.lang.reflect.Method.invoke(Method.java:498)
at org.apache.maven.surefire.util.ReflectionUtils.invokeMethodWithArray(ReflectionUtils.java:189)
at org.apache.maven.surefire.booter.ProviderFactory$ProviderProxy.invoke(ProviderFactory.java:165)
at org.apache.maven.surefire.booter.ProviderFactory.invokeProvider(ProviderFactory.java:85)
at org.apache.maven.surefire.booter.ForkedBooter.runSuitesInProcess(ForkedBooter.java:115)
at org.apache.maven.surefire.booter.ForkedBooter.main(ForkedBooter.java:75)
]]>
            </full-stacktrace>
          </exception> <!-- java.lang.IllegalArgumentException -->
          <reporter-output>
          </reporter-output>
        </test-method> <!-- testCartridgesGetIdOptionsError -->
      </class> <!-- com.ibm.watson.health.acd.v1.model.CartridgesGetIdOptionsTest -->
      <class name="com.ibm.watson.health.acd.v1.model.GetHealthCheckStatusOptionsTest">
        <test-method status="PASS" signature="testGetHealthCheckStatusOptions()[pri:0, instance:com.ibm.watson.health.acd.v1.model.GetHealthCheckStatusOptionsTest@64ef2719]" name="testGetHealthCheckStatusOptions" duration-ms="2" started-at="2020-05-09T00:58:31 GMT" finished-at="2020-05-09T00:58:31 GMT">
          <reporter-output>
          </reporter-output>
        </test-method> <!-- testGetHealthCheckStatusOptions -->
      </class> <!-- com.ibm.watson.health.acd.v1.model.GetHealthCheckStatusOptionsTest -->
      <class name="com.ibm.watson.health.acd.v1.model.CartridgesPutMultipartOptionsTest">
        <test-method status="PASS" signature="testCartridgesPutMultipartOptions()[pri:0, instance:com.ibm.watson.health.acd.v1.model.CartridgesPutMultipartOptionsTest@77f529a6]" name="testCartridgesPutMultipartOptions" duration-ms="15" started-at="2020-05-09T00:58:31 GMT" finished-at="2020-05-09T00:58:31 GMT">
          <reporter-output>
          </reporter-output>
        </test-method> <!-- testCartridgesPutMultipartOptions -->
      </class> <!-- com.ibm.watson.health.acd.v1.model.CartridgesPutMultipartOptionsTest -->
      <class name="com.ibm.watson.health.acd.v1.model.DeployCartridgeOptionsTest">
        <test-method status="PASS" signature="testDeployCartridgeOptions()[pri:0, instance:com.ibm.watson.health.acd.v1.model.DeployCartridgeOptionsTest@2ff8d39b]" name="testDeployCartridgeOptions" duration-ms="1" started-at="2020-05-09T00:58:31 GMT" finished-at="2020-05-09T00:58:31 GMT">
          <reporter-output>
          </reporter-output>
        </test-method> <!-- testDeployCartridgeOptions -->
      </class> <!-- com.ibm.watson.health.acd.v1.model.DeployCartridgeOptionsTest -->
      <class name="com.ibm.watson.health.acd.v1.model.AcdProfileTest">
        <test-method status="PASS" signature="testAcdProfile()[pri:0, instance:com.ibm.watson.health.acd.v1.model.AcdProfileTest@7b5c9412]" name="testAcdProfile" duration-ms="5" started-at="2020-05-09T00:58:31 GMT" finished-at="2020-05-09T00:58:31 GMT">
          <reporter-output>
          </reporter-output>
        </test-method> <!-- testAcdProfile -->
      </class> <!-- com.ibm.watson.health.acd.v1.model.AcdProfileTest -->
      <class name="com.ibm.watson.health.acd.v1.model.GetAnnotatorsByIdOptionsTest">
        <test-method status="PASS" signature="testGetAnnotatorsByIdOptions()[pri:0, instance:com.ibm.watson.health.acd.v1.model.GetAnnotatorsByIdOptionsTest@37ade216]" name="testGetAnnotatorsByIdOptions" duration-ms="1" started-at="2020-05-09T00:58:31 GMT" finished-at="2020-05-09T00:58:31 GMT">
          <reporter-output>
          </reporter-output>
        </test-method> <!-- testGetAnnotatorsByIdOptions -->
        <test-method status="PASS" signature="testGetAnnotatorsByIdOptionsError()[pri:0, instance:com.ibm.watson.health.acd.v1.model.GetAnnotatorsByIdOptionsTest@37ade216]" name="testGetAnnotatorsByIdOptionsError" duration-ms="0" started-at="2020-05-09T00:58:31 GMT" finished-at="2020-05-09T00:58:31 GMT">
          <exception class="java.lang.IllegalArgumentException">
            <message>
              <![CDATA[id cannot be empty]]>
            </message>
            <full-stacktrace>
              <![CDATA[java.lang.IllegalArgumentException: id cannot be empty
at com.ibm.cloud.sdk.core.util.Validator.notEmpty(Validator.java:84)
at com.ibm.watson.health.acd.v1.model.GetAnnotatorsByIdOptions.<init>(GetAnnotatorsByIdOptions.java:71)
at com.ibm.watson.health.acd.v1.model.GetAnnotatorsByIdOptions$Builder.build(GetAnnotatorsByIdOptions.java:55)
at com.ibm.watson.health.acd.v1.model.GetAnnotatorsByIdOptionsTest.testGetAnnotatorsByIdOptionsError(GetAnnotatorsByIdOptionsTest.java:44)
at sun.reflect.NativeMethodAccessorImpl.invoke0(Native Method)
at sun.reflect.NativeMethodAccessorImpl.invoke(NativeMethodAccessorImpl.java:62)
at sun.reflect.DelegatingMethodAccessorImpl.invoke(DelegatingMethodAccessorImpl.java:43)
at java.lang.reflect.Method.invoke(Method.java:498)
at org.testng.internal.MethodInvocationHelper.invokeMethod(MethodInvocationHelper.java:134)
at org.testng.internal.TestInvoker.invokeMethod(TestInvoker.java:597)
at org.testng.internal.TestInvoker.invokeTestMethod(TestInvoker.java:173)
at org.testng.internal.MethodRunner.runInSequence(MethodRunner.java:46)
at org.testng.internal.TestInvoker$MethodInvocationAgent.invoke(TestInvoker.java:816)
at org.testng.internal.TestInvoker.invokeTestMethods(TestInvoker.java:146)
at org.testng.internal.TestMethodWorker.invokeTestMethods(TestMethodWorker.java:146)
at org.testng.internal.TestMethodWorker.run(TestMethodWorker.java:128)
at java.util.ArrayList.forEach(ArrayList.java:1257)
at org.testng.TestRunner.privateRun(TestRunner.java:766)
at org.testng.TestRunner.run(TestRunner.java:587)
at org.testng.SuiteRunner.runTest(SuiteRunner.java:384)
at org.testng.SuiteRunner.runSequentially(SuiteRunner.java:378)
at org.testng.SuiteRunner.privateRun(SuiteRunner.java:337)
at org.testng.SuiteRunner.run(SuiteRunner.java:286)
at org.testng.SuiteRunnerWorker.runSuite(SuiteRunnerWorker.java:53)
at org.testng.SuiteRunnerWorker.run(SuiteRunnerWorker.java:96)
at org.testng.TestNG.runSuitesSequentially(TestNG.java:1187)
at org.testng.TestNG.runSuitesLocally(TestNG.java:1109)
at org.testng.TestNG.runSuites(TestNG.java:1039)
at org.testng.TestNG.run(TestNG.java:1007)
at org.apache.maven.surefire.testng.TestNGExecutor.run(TestNGExecutor.java:77)
at org.apache.maven.surefire.testng.TestNGDirectoryTestSuite.executeMulti(TestNGDirectoryTestSuite.java:159)
at org.apache.maven.surefire.testng.TestNGDirectoryTestSuite.execute(TestNGDirectoryTestSuite.java:99)
at org.apache.maven.surefire.testng.TestNGProvider.invoke(TestNGProvider.java:106)
at sun.reflect.NativeMethodAccessorImpl.invoke0(Native Method)
at sun.reflect.NativeMethodAccessorImpl.invoke(NativeMethodAccessorImpl.java:62)
at sun.reflect.DelegatingMethodAccessorImpl.invoke(DelegatingMethodAccessorImpl.java:43)
at java.lang.reflect.Method.invoke(Method.java:498)
at org.apache.maven.surefire.util.ReflectionUtils.invokeMethodWithArray(ReflectionUtils.java:189)
at org.apache.maven.surefire.booter.ProviderFactory$ProviderProxy.invoke(ProviderFactory.java:165)
at org.apache.maven.surefire.booter.ProviderFactory.invokeProvider(ProviderFactory.java:85)
at org.apache.maven.surefire.booter.ForkedBooter.runSuitesInProcess(ForkedBooter.java:115)
at org.apache.maven.surefire.booter.ForkedBooter.main(ForkedBooter.java:75)
]]>
            </full-stacktrace>
          </exception> <!-- java.lang.IllegalArgumentException -->
          <reporter-output>
          </reporter-output>
        </test-method> <!-- testGetAnnotatorsByIdOptionsError -->
      </class> <!-- com.ibm.watson.health.acd.v1.model.GetAnnotatorsByIdOptionsTest -->
      <class name="com.ibm.watson.health.acd.v1.model.UpdateFlowsOptionsTest">
        <test-method status="PASS" signature="testUpdateFlowsOptions()[pri:0, instance:com.ibm.watson.health.acd.v1.model.UpdateFlowsOptionsTest@1ead3c67]" name="testUpdateFlowsOptions" duration-ms="6" started-at="2020-05-09T00:58:31 GMT" finished-at="2020-05-09T00:58:31 GMT">
          <reporter-output>
          </reporter-output>
        </test-method> <!-- testUpdateFlowsOptions -->
        <test-method status="PASS" signature="testUpdateFlowsOptionsError()[pri:0, instance:com.ibm.watson.health.acd.v1.model.UpdateFlowsOptionsTest@1ead3c67]" name="testUpdateFlowsOptionsError" duration-ms="0" started-at="2020-05-09T00:58:31 GMT" finished-at="2020-05-09T00:58:31 GMT">
          <exception class="java.lang.IllegalArgumentException">
            <message>
              <![CDATA[id cannot be empty]]>
            </message>
            <full-stacktrace>
              <![CDATA[java.lang.IllegalArgumentException: id cannot be empty
at com.ibm.cloud.sdk.core.util.Validator.notEmpty(Validator.java:84)
at com.ibm.watson.health.acd.v1.model.UpdateFlowsOptions.<init>(UpdateFlowsOptions.java:221)
at com.ibm.watson.health.acd.v1.model.UpdateFlowsOptions$Builder.build(UpdateFlowsOptions.java:82)
at com.ibm.watson.health.acd.v1.model.UpdateFlowsOptionsTest.testUpdateFlowsOptionsError(UpdateFlowsOptionsTest.java:101)
at sun.reflect.NativeMethodAccessorImpl.invoke0(Native Method)
at sun.reflect.NativeMethodAccessorImpl.invoke(NativeMethodAccessorImpl.java:62)
at sun.reflect.DelegatingMethodAccessorImpl.invoke(DelegatingMethodAccessorImpl.java:43)
at java.lang.reflect.Method.invoke(Method.java:498)
at org.testng.internal.MethodInvocationHelper.invokeMethod(MethodInvocationHelper.java:134)
at org.testng.internal.TestInvoker.invokeMethod(TestInvoker.java:597)
at org.testng.internal.TestInvoker.invokeTestMethod(TestInvoker.java:173)
at org.testng.internal.MethodRunner.runInSequence(MethodRunner.java:46)
at org.testng.internal.TestInvoker$MethodInvocationAgent.invoke(TestInvoker.java:816)
at org.testng.internal.TestInvoker.invokeTestMethods(TestInvoker.java:146)
at org.testng.internal.TestMethodWorker.invokeTestMethods(TestMethodWorker.java:146)
at org.testng.internal.TestMethodWorker.run(TestMethodWorker.java:128)
at java.util.ArrayList.forEach(ArrayList.java:1257)
at org.testng.TestRunner.privateRun(TestRunner.java:766)
at org.testng.TestRunner.run(TestRunner.java:587)
at org.testng.SuiteRunner.runTest(SuiteRunner.java:384)
at org.testng.SuiteRunner.runSequentially(SuiteRunner.java:378)
at org.testng.SuiteRunner.privateRun(SuiteRunner.java:337)
at org.testng.SuiteRunner.run(SuiteRunner.java:286)
at org.testng.SuiteRunnerWorker.runSuite(SuiteRunnerWorker.java:53)
at org.testng.SuiteRunnerWorker.run(SuiteRunnerWorker.java:96)
at org.testng.TestNG.runSuitesSequentially(TestNG.java:1187)
at org.testng.TestNG.runSuitesLocally(TestNG.java:1109)
at org.testng.TestNG.runSuites(TestNG.java:1039)
at org.testng.TestNG.run(TestNG.java:1007)
at org.apache.maven.surefire.testng.TestNGExecutor.run(TestNGExecutor.java:77)
at org.apache.maven.surefire.testng.TestNGDirectoryTestSuite.executeMulti(TestNGDirectoryTestSuite.java:159)
at org.apache.maven.surefire.testng.TestNGDirectoryTestSuite.execute(TestNGDirectoryTestSuite.java:99)
at org.apache.maven.surefire.testng.TestNGProvider.invoke(TestNGProvider.java:106)
at sun.reflect.NativeMethodAccessorImpl.invoke0(Native Method)
at sun.reflect.NativeMethodAccessorImpl.invoke(NativeMethodAccessorImpl.java:62)
at sun.reflect.DelegatingMethodAccessorImpl.invoke(DelegatingMethodAccessorImpl.java:43)
at java.lang.reflect.Method.invoke(Method.java:498)
at org.apache.maven.surefire.util.ReflectionUtils.invokeMethodWithArray(ReflectionUtils.java:189)
at org.apache.maven.surefire.booter.ProviderFactory$ProviderProxy.invoke(ProviderFactory.java:165)
at org.apache.maven.surefire.booter.ProviderFactory.invokeProvider(ProviderFactory.java:85)
at org.apache.maven.surefire.booter.ForkedBooter.runSuitesInProcess(ForkedBooter.java:115)
at org.apache.maven.surefire.booter.ForkedBooter.main(ForkedBooter.java:75)
]]>
            </full-stacktrace>
          </exception> <!-- java.lang.IllegalArgumentException -->
          <reporter-output>
          </reporter-output>
        </test-method> <!-- testUpdateFlowsOptionsError -->
      </class> <!-- com.ibm.watson.health.acd.v1.model.UpdateFlowsOptionsTest -->
      <class name="com.ibm.watson.health.acd.v1.model.CartridgesPostMultipartOptionsTest">
        <test-method status="PASS" signature="testCartridgesPostMultipartOptions()[pri:0, instance:com.ibm.watson.health.acd.v1.model.CartridgesPostMultipartOptionsTest@352e4b6d]" name="testCartridgesPostMultipartOptions" duration-ms="1" started-at="2020-05-09T00:58:31 GMT" finished-at="2020-05-09T00:58:31 GMT">
          <reporter-output>
          </reporter-output>
        </test-method> <!-- testCartridgesPostMultipartOptions -->
      </class> <!-- com.ibm.watson.health.acd.v1.model.CartridgesPostMultipartOptionsTest -->
      <class name="com.ibm.watson.health.acd.v1.model.RunPipelineWithFlowOptionsTest">
        <test-method status="PASS" signature="testRunPipelineWithFlowOptions()[pri:0, instance:com.ibm.watson.health.acd.v1.model.RunPipelineWithFlowOptionsTest@17d19538]" name="testRunPipelineWithFlowOptions" duration-ms="7" started-at="2020-05-09T00:58:31 GMT" finished-at="2020-05-09T00:58:31 GMT">
          <reporter-output>
          </reporter-output>
        </test-method> <!-- testRunPipelineWithFlowOptions -->
        <test-method status="PASS" signature="testRunPipelineWithFlowOptionsError()[pri:0, instance:com.ibm.watson.health.acd.v1.model.RunPipelineWithFlowOptionsTest@17d19538]" name="testRunPipelineWithFlowOptionsError" duration-ms="0" started-at="2020-05-09T00:58:31 GMT" finished-at="2020-05-09T00:58:31 GMT">
          <exception class="java.lang.IllegalArgumentException">
            <message>
              <![CDATA[flowId cannot be empty]]>
            </message>
            <full-stacktrace>
              <![CDATA[java.lang.IllegalArgumentException: flowId cannot be empty
at com.ibm.cloud.sdk.core.util.Validator.notEmpty(Validator.java:84)
at com.ibm.watson.health.acd.v1.model.RunPipelineWithFlowOptions.<init>(RunPipelineWithFlowOptions.java:134)
at com.ibm.watson.health.acd.v1.model.RunPipelineWithFlowOptions$Builder.build(RunPipelineWithFlowOptions.java:72)
at com.ibm.watson.health.acd.v1.model.RunPipelineWithFlowOptionsTest.testRunPipelineWithFlowOptionsError(RunPipelineWithFlowOptionsTest.java:114)
at sun.reflect.NativeMethodAccessorImpl.invoke0(Native Method)
at sun.reflect.NativeMethodAccessorImpl.invoke(NativeMethodAccessorImpl.java:62)
at sun.reflect.DelegatingMethodAccessorImpl.invoke(DelegatingMethodAccessorImpl.java:43)
at java.lang.reflect.Method.invoke(Method.java:498)
at org.testng.internal.MethodInvocationHelper.invokeMethod(MethodInvocationHelper.java:134)
at org.testng.internal.TestInvoker.invokeMethod(TestInvoker.java:597)
at org.testng.internal.TestInvoker.invokeTestMethod(TestInvoker.java:173)
at org.testng.internal.MethodRunner.runInSequence(MethodRunner.java:46)
at org.testng.internal.TestInvoker$MethodInvocationAgent.invoke(TestInvoker.java:816)
at org.testng.internal.TestInvoker.invokeTestMethods(TestInvoker.java:146)
at org.testng.internal.TestMethodWorker.invokeTestMethods(TestMethodWorker.java:146)
at org.testng.internal.TestMethodWorker.run(TestMethodWorker.java:128)
at java.util.ArrayList.forEach(ArrayList.java:1257)
at org.testng.TestRunner.privateRun(TestRunner.java:766)
at org.testng.TestRunner.run(TestRunner.java:587)
at org.testng.SuiteRunner.runTest(SuiteRunner.java:384)
at org.testng.SuiteRunner.runSequentially(SuiteRunner.java:378)
at org.testng.SuiteRunner.privateRun(SuiteRunner.java:337)
at org.testng.SuiteRunner.run(SuiteRunner.java:286)
at org.testng.SuiteRunnerWorker.runSuite(SuiteRunnerWorker.java:53)
at org.testng.SuiteRunnerWorker.run(SuiteRunnerWorker.java:96)
at org.testng.TestNG.runSuitesSequentially(TestNG.java:1187)
at org.testng.TestNG.runSuitesLocally(TestNG.java:1109)
at org.testng.TestNG.runSuites(TestNG.java:1039)
at org.testng.TestNG.run(TestNG.java:1007)
at org.apache.maven.surefire.testng.TestNGExecutor.run(TestNGExecutor.java:77)
at org.apache.maven.surefire.testng.TestNGDirectoryTestSuite.executeMulti(TestNGDirectoryTestSuite.java:159)
at org.apache.maven.surefire.testng.TestNGDirectoryTestSuite.execute(TestNGDirectoryTestSuite.java:99)
at org.apache.maven.surefire.testng.TestNGProvider.invoke(TestNGProvider.java:106)
at sun.reflect.NativeMethodAccessorImpl.invoke0(Native Method)
at sun.reflect.NativeMethodAccessorImpl.invoke(NativeMethodAccessorImpl.java:62)
at sun.reflect.DelegatingMethodAccessorImpl.invoke(DelegatingMethodAccessorImpl.java:43)
at java.lang.reflect.Method.invoke(Method.java:498)
at org.apache.maven.surefire.util.ReflectionUtils.invokeMethodWithArray(ReflectionUtils.java:189)
at org.apache.maven.surefire.booter.ProviderFactory$ProviderProxy.invoke(ProviderFactory.java:165)
at org.apache.maven.surefire.booter.ProviderFactory.invokeProvider(ProviderFactory.java:85)
at org.apache.maven.surefire.booter.ForkedBooter.runSuitesInProcess(ForkedBooter.java:115)
at org.apache.maven.surefire.booter.ForkedBooter.main(ForkedBooter.java:75)
]]>
            </full-stacktrace>
          </exception> <!-- java.lang.IllegalArgumentException -->
          <reporter-output>
          </reporter-output>
        </test-method> <!-- testRunPipelineWithFlowOptionsError -->
      </class> <!-- com.ibm.watson.health.acd.v1.model.RunPipelineWithFlowOptionsTest -->
    </test> <!-- Command line test -->
  </suite> <!-- Command line suite -->
</testng-results>
